Dr. Memory version 1.11.0 build 2 built on Aug 29 2016 02:42:07
start time: 3657400:15:04.585 == 16:15:04.585 03/27/2018
Recorded 115 suppression(s) from default D:\CS\OOP\Assignment03-04\Dr. Memory\bin\suppress-default.txt
Syscall mismatch detected.  Running on unknown kernel version!
new thread #0 id=1608

module load event: "Assignment03_04.exe" 0x00400000-0x00417000 modid: 1 D:\CS\OOP\Assignment03-04\cmake-build-debug-mingw\Assignment03_04.exe

module load event: "dynamorio.dll" 0x563c0000-0x5651d000 modid: 2 D:\CS\OOP\Assignment03-04\Dr. Memory\dynamorio\lib32\release\dynamorio.dll

module load event: "drmemorylib.dll" 0x73800000-0x73a26000 modid: 3 D:\CS\OOP\Assignment03-04\Dr. Memory\bin\release\drmemorylib.dll

module load event: "KERNELBASE.dll" 0x75ac0000-0x75c82000 modid: 4 C:\Windows\System32\KERNELBASE.dll

module load event: "KERNEL32.dll" 0x75f40000-0x76010000 modid: 5 C:\Windows\System32\KERNEL32.DLL

module load event: "msvcrt.dll" 0x764a0000-0x7655d000 modid: 6 C:\Windows\System32\msvcrt.dll
WARNING: new/delete has no local wrapper => disabling mismatch detection for msvcrt.dll
WARNING: new/delete has no local wrapper => disabling mismatch detection for msvcrt.dll
WARNING: new == new[] => disabling mismatch detection for msvcrt.dll
WARNING: new/delete has no local wrapper => disabling mismatch detection for msvcrt.dll
WARNING: new/delete has no local wrapper => disabling mismatch detection for msvcrt.dll
WARNING: new/delete has no local wrapper => disabling mismatch detection for msvcrt.dll

module load event: "ntdll.dll" 0x77c80000-0x77e0e000 modid: 7 C:\Windows\SYSTEM32\ntdll.dll
WARNING: unable to load symbols for C:\Windows\SYSTEM32\ntdll.dll
WARNING: unhandled system calls found

NEW THREAD: main thread 1608


Error #1: INVALID HEAP ARGUMENT to free 0x00407064
# 0 replace_free    [d:\drmemory_package\common\alloc_replace.c:2706] (0x73820900 <drmemorylib.dll+0x20900>) modid:3
# 1 destroyRepo         [D:/CS/OOP/Assignment03-04/repository/repository.c:30] (0x00401a7f <Assignment03_04.exe+0x1a7f>) modid:1
# 2 quit                [D:/CS/OOP/Assignment03-04/controller/controller.c:136] (0x0040182b <Assignment03_04.exe+0x182b>) modid:1
# 3 start               [D:/CS/OOP/Assignment03-04/ui/cli.c:276] (0x00402c1c <Assignment03_04.exe+0x2c1c>) modid:1
# 4 main                [D:/CS/OOP/Assignment03-04/main.c:4] (0x00401470 <Assignment03_04.exe+0x1470>) modid:1
Note: @0:00:14.377 in thread 1608
	error end

Error #2: INVALID HEAP ARGUMENT to free 0x0040706b
# 0 replace_free    [d:\drmemory_package\common\alloc_replace.c:2706] (0x73820900 <drmemorylib.dll+0x20900>) modid:3
# 1 destroyRepo         [D:/CS/OOP/Assignment03-04/repository/repository.c:31] (0x00401a99 <Assignment03_04.exe+0x1a99>) modid:1
# 2 quit                [D:/CS/OOP/Assignment03-04/controller/controller.c:136] (0x0040182b <Assignment03_04.exe+0x182b>) modid:1
# 3 start               [D:/CS/OOP/Assignment03-04/ui/cli.c:276] (0x00402c1c <Assignment03_04.exe+0x2c1c>) modid:1
# 4 main                [D:/CS/OOP/Assignment03-04/main.c:4] (0x00401470 <Assignment03_04.exe+0x1470>) modid:1
Note: @0:00:14.378 in thread 1608
	error end

Error #3: INVALID HEAP ARGUMENT to free 0x01221300
# 0 replace_free    [d:\drmemory_package\common\alloc_replace.c:2706] (0x73820900 <drmemorylib.dll+0x20900>) modid:3
# 1 destroyUndoController [D:/CS/OOP/Assignment03-04/controller/undoController.c:112] (0x00403522 <Assignment03_04.exe+0x3522>) modid:1
# 2 quit                [D:/CS/OOP/Assignment03-04/controller/controller.c:137] (0x00401830 <Assignment03_04.exe+0x1830>) modid:1
# 3 start               [D:/CS/OOP/Assignment03-04/ui/cli.c:276] (0x00402c1c <Assignment03_04.exe+0x2c1c>) modid:1
# 4 main                [D:/CS/OOP/Assignment03-04/main.c:4] (0x00401470 <Assignment03_04.exe+0x1470>) modid:1
Note: @0:00:14.379 in thread 1608
Note: next higher malloc: 0x01221358-0x0122138a
Note: prev lower malloc:  0x01221150-0x012212e0
Note: memory was previously freed here:
Note: # 0 replace_free    [d:\drmemory_package\common\alloc_replace.c:2706] (0x73820900 <drmemorylib.dll+0x20900>) modid:3
Note: # 1 getParams           [D:/CS/OOP/Assignment03-04/ui/cli.c:46] (0x00402458 <Assignment03_04.exe+0x2458>) modid:1
Note: # 2 start               [D:/CS/OOP/Assignment03-04/ui/cli.c:107] (0x00402600 <Assignment03_04.exe+0x2600>) modid:1
Note: # 3 main                [D:/CS/OOP/Assignment03-04/main.c:4] (0x00401470 <Assignment03_04.exe+0x1470>) modid:1
	error end

Error #4: INVALID HEAP ARGUMENT to free 0x01223560
# 0 replace_free    [d:\drmemory_package\common\alloc_replace.c:2706] (0x73820900 <drmemorylib.dll+0x20900>) modid:3
# 1 destroyUndoController [D:/CS/OOP/Assignment03-04/controller/undoController.c:115] (0x00403546 <Assignment03_04.exe+0x3546>) modid:1
# 2 quit                [D:/CS/OOP/Assignment03-04/controller/controller.c:137] (0x00401830 <Assignment03_04.exe+0x1830>) modid:1
# 3 start               [D:/CS/OOP/Assignment03-04/ui/cli.c:276] (0x00402c1c <Assignment03_04.exe+0x2c1c>) modid:1
# 4 main                [D:/CS/OOP/Assignment03-04/main.c:4] (0x00401470 <Assignment03_04.exe+0x1470>) modid:1
Note: @0:00:14.380 in thread 1608
Note: next higher malloc: 0x01223610-0x01224610
Note: memory was previously freed here:
Note: # 0 replace_free    [d:\drmemory_package\common\alloc_replace.c:2706] (0x73820900 <drmemorylib.dll+0x20900>) modid:3
Note: # 1 getParams           [D:/CS/OOP/Assignment03-04/ui/cli.c:46] (0x00402458 <Assignment03_04.exe+0x2458>) modid:1
Note: # 2 start               [D:/CS/OOP/Assignment03-04/ui/cli.c:107] (0x00402600 <Assignment03_04.exe+0x2600>) modid:1
Note: # 3 main                [D:/CS/OOP/Assignment03-04/main.c:4] (0x00401470 <Assignment03_04.exe+0x1470>) modid:1
	error end

Error #5: INVALID HEAP ARGUMENT to free 0x01224d90
# 0 replace_free    [d:\drmemory_package\common\alloc_replace.c:2706] (0x73820900 <drmemorylib.dll+0x20900>) modid:3
# 1 start               [D:/CS/OOP/Assignment03-04/ui/cli.c:322] (0x00402dae <Assignment03_04.exe+0x2dae>) modid:1
# 2 main                [D:/CS/OOP/Assignment03-04/main.c:4] (0x00401470 <Assignment03_04.exe+0x1470>) modid:1
Note: @0:00:14.381 in thread 1608
Note: prev lower malloc:  0x01224800-0x01224805
Note: memory was previously freed here:
Note: # 0 replace_free    [d:\drmemory_package\common\alloc_replace.c:2706] (0x73820900 <drmemorylib.dll+0x20900>) modid:3
Note: # 1 start               [D:/CS/OOP/Assignment03-04/ui/cli.c:317] (0x00402d60 <Assignment03_04.exe+0x2d60>) modid:1
Note: # 2 main                [D:/CS/OOP/Assignment03-04/main.c:4] (0x00401470 <Assignment03_04.exe+0x1470>) modid:1
	error end

Error #6: INVALID HEAP ARGUMENT to free 0x01224db8
# 0 replace_free    [d:\drmemory_package\common\alloc_replace.c:2706] (0x73820900 <drmemorylib.dll+0x20900>) modid:3
# 1 start               [D:/CS/OOP/Assignment03-04/ui/cli.c:325] (0x00402de7 <Assignment03_04.exe+0x2de7>) modid:1
# 2 main                [D:/CS/OOP/Assignment03-04/main.c:4] (0x00401470 <Assignment03_04.exe+0x1470>) modid:1
Note: @0:00:14.381 in thread 1608
Note: prev lower malloc:  0x01224800-0x01224805
Note: memory was previously freed here:
Note: # 0 replace_free    [d:\drmemory_package\common\alloc_replace.c:2706] (0x73820900 <drmemorylib.dll+0x20900>) modid:3
Note: # 1 start               [D:/CS/OOP/Assignment03-04/ui/cli.c:320] (0x00402d99 <Assignment03_04.exe+0x2d99>) modid:1
Note: # 2 main                [D:/CS/OOP/Assignment03-04/main.c:4] (0x00401470 <Assignment03_04.exe+0x1470>) modid:1
	error end

Error #7: LEAK 3 direct bytes 0x012247d8-0x012247db + 0 indirect bytes
# 0 replace_malloc  [d:\drmemory_package\common\alloc_replace.c:2576] (0x73820300 <drmemorylib.dll+0x20300>) modid:3
# 1 msvcrt.dll!_strdup    (0x765256b9 <msvcrt.dll+0x856b9>) modid:6
# 2 start               [D:/CS/OOP/Assignment03-04/ui/cli.c:115] (0x00402644 <Assignment03_04.exe+0x2644>) modid:1
# 3 main                [D:/CS/OOP/Assignment03-04/main.c:4] (0x00401470 <Assignment03_04.exe+0x1470>) modid:1
	error end

Error #8: LEAK 5 direct bytes 0x01224800-0x01224805 + 0 indirect bytes
# 0 replace_malloc  [d:\drmemory_package\common\alloc_replace.c:2576] (0x73820300 <drmemorylib.dll+0x20300>) modid:3
# 1 msvcrt.dll!_strdup    (0x765256b9 <msvcrt.dll+0x856b9>) modid:6
# 2 start               [D:/CS/OOP/Assignment03-04/ui/cli.c:118] (0x00402657 <Assignment03_04.exe+0x2657>) modid:1
# 3 main                [D:/CS/OOP/Assignment03-04/main.c:4] (0x00401470 <Assignment03_04.exe+0x1470>) modid:1
	error end
WARNING: unable to load symbols for C:\Windows\System32\KERNELBASE.dll

Potential Error #1: HANDLE LEAK: KERNEL handle 0x0000011c and 0 similar handle(s) were opened but not closed:
# 0 system call NtOpenKey
# 1 KERNELBASE.dll!IsValidCodePage (0x75bb0fd9 <KERNELBASE.dll+0xf0fd9>) modid:4
# 2 KERNELBASE.dll!IsValidLocale  (0x75b83627 <KERNELBASE.dll+0xc3627>) modid:4
# 3 KERNELBASE.dll!IsValidLocale  (0x75b833ca <KERNELBASE.dll+0xc33ca>) modid:4
# 4 msvcrt.dll!__get_qualified_locale (0x764fe9ff <msvcrt.dll+0x5e9ff>) modid:6
# 5 msvcrt.dll!_expandlocale (0x764f5549 <msvcrt.dll+0x55549>) modid:6
# 6 msvcrt.dll!_get_current_locale (0x764f5c53 <msvcrt.dll+0x55c53>) modid:6
# 7 msvcrt.dll!_get_current_locale (0x764f5989 <msvcrt.dll+0x55989>) modid:6
# 8 msvcrt.dll!setlocale  (0x764f60a5 <msvcrt.dll+0x560a5>) modid:6
# 9 __mingw_dirname     [../../../src/gcc-6.3.0/libgcc/config/i386/cygwin.S:184] (0x004052c1 <Assignment03_04.exe+0x52c1>) modid:1
#10 .text               [../../../src/gcc-6.3.0/libgcc/config/i386/cygwin.S:184] (0x004048f4 <Assignment03_04.exe+0x48f4>) modid:1
#11 __mingw_glob        [../../../src/gcc-6.3.0/libgcc/config/i386/cygwin.S:184] (0x00405172 <Assignment03_04.exe+0x5172>) modid:1
#12 _setargv            [D:/CS/OOP/Assignment03-04/controller/undoController.c:142] (0x004038c6 <Assignment03_04.exe+0x38c6>) modid:1
#13 .text               (0x00401202 <Assignment03_04.exe+0x1202>) modid:1
#14 mainCRTStartup      (0x004012f5 <Assignment03_04.exe+0x12f5>) modid:1
#15 ntdll.dll!RtlGetAppContainerNamedObjectPath (0x77ce582d <ntdll.dll+0x6582d>) modid:7
#16 ntdll.dll!RtlGetAppContainerNamedObjectPath (0x77ce57fd <ntdll.dll+0x657fd>) modid:7
Note: @0:00:14.476 in thread 1608
	error end

Potential Error #2: HANDLE LEAK: KERNEL handle 0x00000120 and 0 similar handle(s) were opened but not closed:
# 0 system call NtOpenKey
# 1 KERNELBASE.dll!IsValidCodePage (0x75bb0fd9 <KERNELBASE.dll+0xf0fd9>) modid:4
# 2 KERNELBASE.dll!IsValidLocale  (0x75b835d7 <KERNELBASE.dll+0xc35d7>) modid:4
# 3 KERNELBASE.dll!IsValidLocale  (0x75b833d3 <KERNELBASE.dll+0xc33d3>) modid:4
# 4 msvcrt.dll!__get_qualified_locale (0x764fe9ff <msvcrt.dll+0x5e9ff>) modid:6
# 5 msvcrt.dll!_expandlocale (0x764f5549 <msvcrt.dll+0x55549>) modid:6
# 6 msvcrt.dll!_get_current_locale (0x764f5c53 <msvcrt.dll+0x55c53>) modid:6
# 7 msvcrt.dll!_get_current_locale (0x764f5989 <msvcrt.dll+0x55989>) modid:6
# 8 msvcrt.dll!setlocale  (0x764f60a5 <msvcrt.dll+0x560a5>) modid:6
# 9 __mingw_dirname     [../../../src/gcc-6.3.0/libgcc/config/i386/cygwin.S:184] (0x004052c1 <Assignment03_04.exe+0x52c1>) modid:1
#10 .text               [../../../src/gcc-6.3.0/libgcc/config/i386/cygwin.S:184] (0x004048f4 <Assignment03_04.exe+0x48f4>) modid:1
#11 __mingw_glob        [../../../src/gcc-6.3.0/libgcc/config/i386/cygwin.S:184] (0x00405172 <Assignment03_04.exe+0x5172>) modid:1
#12 _setargv            [D:/CS/OOP/Assignment03-04/controller/undoController.c:142] (0x004038c6 <Assignment03_04.exe+0x38c6>) modid:1
#13 .text               (0x00401202 <Assignment03_04.exe+0x1202>) modid:1
#14 mainCRTStartup      (0x004012f5 <Assignment03_04.exe+0x12f5>) modid:1
#15 ntdll.dll!RtlGetAppContainerNamedObjectPath (0x77ce582d <ntdll.dll+0x6582d>) modid:7
#16 ntdll.dll!RtlGetAppContainerNamedObjectPath (0x77ce57fd <ntdll.dll+0x657fd>) modid:7
Note: @0:00:14.476 in thread 1608
	error end

Potential Error #3: HANDLE LEAK: KERNEL handle 0x00000124 and 0 similar handle(s) were opened but not closed:
# 0 system call NtOpenKey
# 1 KERNELBASE.dll!IsValidCodePage (0x75bb0fd9 <KERNELBASE.dll+0xf0fd9>) modid:4
# 2 KERNELBASE.dll!IsValidLocale  (0x75b83587 <KERNELBASE.dll+0xc3587>) modid:4
# 3 KERNELBASE.dll!IsValidLocale  (0x75b833dc <KERNELBASE.dll+0xc33dc>) modid:4
# 4 msvcrt.dll!__get_qualified_locale (0x764fe9ff <msvcrt.dll+0x5e9ff>) modid:6
# 5 msvcrt.dll!_expandlocale (0x764f5549 <msvcrt.dll+0x55549>) modid:6
# 6 msvcrt.dll!_get_current_locale (0x764f5c53 <msvcrt.dll+0x55c53>) modid:6
# 7 msvcrt.dll!_get_current_locale (0x764f5989 <msvcrt.dll+0x55989>) modid:6
# 8 msvcrt.dll!setlocale  (0x764f60a5 <msvcrt.dll+0x560a5>) modid:6
# 9 __mingw_dirname     [../../../src/gcc-6.3.0/libgcc/config/i386/cygwin.S:184] (0x004052c1 <Assignment03_04.exe+0x52c1>) modid:1
#10 .text               [../../../src/gcc-6.3.0/libgcc/config/i386/cygwin.S:184] (0x004048f4 <Assignment03_04.exe+0x48f4>) modid:1
#11 __mingw_glob        [../../../src/gcc-6.3.0/libgcc/config/i386/cygwin.S:184] (0x00405172 <Assignment03_04.exe+0x5172>) modid:1
#12 _setargv            [D:/CS/OOP/Assignment03-04/controller/undoController.c:142] (0x004038c6 <Assignment03_04.exe+0x38c6>) modid:1
#13 .text               (0x00401202 <Assignment03_04.exe+0x1202>) modid:1
#14 mainCRTStartup      (0x004012f5 <Assignment03_04.exe+0x12f5>) modid:1
#15 ntdll.dll!RtlGetAppContainerNamedObjectPath (0x77ce582d <ntdll.dll+0x6582d>) modid:7
#16 ntdll.dll!RtlGetAppContainerNamedObjectPath (0x77ce57fd <ntdll.dll+0x657fd>) modid:7
Note: @0:00:14.477 in thread 1608
	error end

DUPLICATE ERROR COUNTS:
	Error #   1:     10
	Error #   2:     10

SUPPRESSIONS USED:
	     1x: default i#1324 mingw runtime

ERRORS FOUND:
      0 unique,     0 total unaddressable access(es)
      0 unique,     0 total uninitialized access(es)
      6 unique,    24 total invalid heap argument(s)
      0 unique,     0 total GDI usage error(s)
      0 unique,     0 total handle leak(s)
      0 unique,     0 total warning(s)
      2 unique,     2 total,      8 byte(s) of leak(s)
      0 unique,     0 total,      0 byte(s) of possible leak(s)
ERRORS IGNORED:
      3 potential error(s) (suspected false positives)
         (details: D:\CS\OOP\Assignment03-04\Dr. Memory\drmemory\logs\DrMemory-Assignment03_04.exe.12668.000\potential_errors.txt)
     72 ignored assumed-innocuous system leak(s)
      6 unique,     6 total,   4456 byte(s) of still-reachable allocation(s)
         (re-run with "-show_reachable" for details)
Details: D:\CS\OOP\Assignment03-04\Dr. Memory\drmemory\logs\DrMemory-Assignment03_04.exe.12668.000\results.txt

DUPLICATE POTENTIAL ERROR COUNTS:

POTENTIAL ERRORS FOUND:
      0 unique,     0 total potential unaddressable access(es)
      0 unique,     0 total potential uninitialized access(es)
      0 unique,     0 total potential invalid heap argument(s)
      0 unique,     0 total potential GDI usage error(s)
      3 unique,     3 total potential handle leak(s)
      0 unique,     0 total potential warning(s)
      0 unique,     0 total,      0 byte(s) of potential leak(s)
      0 unique,     0 total,      0 byte(s) of potential possible leak(s)
Details: D:\CS\OOP\Assignment03-04\Dr. Memory\drmemory\logs\DrMemory-Assignment03_04.exe.12668.000\potential_errors.txt
Exiting @0:00:14.482 in thread 1608
LOG END
