Dr. Memory version 1.11.0 build 2 built on Aug 29 2016 02:42:07
start time: 3657568:58:57.004 == 16:58:57.004 04/03/2018
Recorded 115 suppression(s) from default D:\CS\OOP\Assignment05-06\Dr. Memory\bin\suppress-default.txt
Syscall mismatch detected.  Running on unknown kernel version!
new thread #0 id=6912

module load event: "Assignment05_06.exe" 0x00400000-0x0047b000 modid: 1 D:\CS\OOP\Assignment05-06\cmake-build-mingw\Assignment05_06.exe
WARNING: assuming operator delete is non-placement in Assignment05_06.exe @0x004060f8
WARNING: assuming operator delete[] is non-placement in Assignment05_06.exe @0x00406100

module load event: "dynamorio.dll" 0x5dab0000-0x5dc0d000 modid: 2 D:\CS\OOP\Assignment05-06\Dr. Memory\dynamorio\lib32\release\dynamorio.dll

module load event: "libgcc_s_dw2-1.dll" 0x6eb40000-0x6ec1d000 modid: 3 D:\CS\IDEs\MinGW\bin\libgcc_s_dw2-1.dll

module load event: "libstdc++-6.dll" 0x6fe40000-0x6ffb4000 modid: 4 D:\CS\IDEs\MinGW\bin\libstdc++-6.dll

module load event: "drmemorylib.dll" 0x73800000-0x73a26000 modid: 5 D:\CS\OOP\Assignment05-06\Dr. Memory\bin\release\drmemorylib.dll

module load event: "KERNELBASE.dll" 0x74530000-0x74707000 modid: 6 C:\WINDOWS\System32\KERNELBASE.dll

module load event: "msvcrt.dll" 0x75d30000-0x75ded000 modid: 7 C:\WINDOWS\System32\msvcrt.dll
WARNING: new/delete has no local wrapper => disabling mismatch detection for msvcrt.dll
WARNING: new/delete has no local wrapper => disabling mismatch detection for msvcrt.dll
WARNING: new == new[] => disabling mismatch detection for msvcrt.dll
WARNING: new/delete has no local wrapper => disabling mismatch detection for msvcrt.dll
WARNING: new/delete has no local wrapper => disabling mismatch detection for msvcrt.dll
WARNING: new/delete has no local wrapper => disabling mismatch detection for msvcrt.dll

module load event: "KERNEL32.dll" 0x76a80000-0x76b50000 modid: 8 C:\WINDOWS\System32\KERNEL32.DLL

module load event: "ntdll.dll" 0x77430000-0x775bd000 modid: 9 C:\WINDOWS\SYSTEM32\ntdll.dll
WARNING: unable to load symbols for C:\WINDOWS\SYSTEM32\ntdll.dll
WARNING: unhandled system calls found

NEW THREAD: main thread 6912


Error #1: INVALID HEAP ARGUMENT: allocated with malloc, freed with operator delete[]
# 0 replace_operator_delete_array [d:\drmemory_package\common\alloc_replace.c:2998] (0x738211e0 <drmemorylib.dll+0x211e0>) modid:5
# 1 _fu0___ZSt4cout     [D:/CS/OOP/Assignment05-06/ui/cli.cpp:187] (0x00403887 <Assignment05_06.exe+0x3887>) modid:1
# 2 run                 [D:/CS/OOP/Assignment05-06/main.cpp:10] (0x004014cc <Assignment05_06.exe+0x14cc>) modid:1
# 3 main                [D:/CS/OOP/Assignment05-06/main.cpp:19] (0x00401547 <Assignment05_06.exe+0x1547>) modid:1
Note: @0:00:02.498 in thread 6912
Note: memory was allocated here:
Note: # 0 replace_malloc  [d:\drmemory_package\common\alloc_replace.c:2576] (0x73820300 <drmemorylib.dll+0x20300>) modid:5
Note: # 1 getParams           [D:/CS/OOP/Assignment05-06/ui/cli.cpp:43] (0x00402eb5 <Assignment05_06.exe+0x2eb5>) modid:1
Note: # 2 CLI::start          [D:/CS/OOP/Assignment05-06/ui/cli.cpp:120] (0x00403149 <Assignment05_06.exe+0x3149>) modid:1
Note: # 3 run                 [D:/CS/OOP/Assignment05-06/main.cpp:10] (0x004014cc <Assignment05_06.exe+0x14cc>) modid:1
Note: # 4 main                [D:/CS/OOP/Assignment05-06/main.cpp:19] (0x00401547 <Assignment05_06.exe+0x1547>) modid:1
	error end

Error #2: LEAK 2 direct bytes 0x034a1a38-0x034a1a3a + 0 indirect bytes
# 0 replace_malloc  [d:\drmemory_package\common\alloc_replace.c:2576] (0x73820300 <drmemorylib.dll+0x20300>) modid:5
# 1 msvcrt.dll!_strdup    (0x75db56a9 <msvcrt.dll+0x856a9>) modid:7
# 2 .text               [D:/CS/OOP/Assignment05-06/repository/repository.cpp:57] (0x00407b35 <Assignment05_06.exe+0x7b35>) modid:1
# 3 __mingw_glob        [D:/CS/OOP/Assignment05-06/repository/repository.cpp:57] (0x00407e52 <Assignment05_06.exe+0x7e52>) modid:1
# 4 _setargv            [D:/CS/OOP/Assignment05-06/repository/repository.cpp:57] (0x00406516 <Assignment05_06.exe+0x6516>) modid:1
# 5 .text               [d:/cs/ides/mingw/lib/gcc/mingw32/6.3.0/include/c++/bits/basic_string.h:5062] (0x00401202 <Assignment05_06.exe+0x1202>) modid:1
# 6 mainCRTStartup      [d:/cs/ides/mingw/lib/gcc/mingw32/6.3.0/include/c++/bits/basic_string.h:5062] (0x004012f5 <Assignment05_06.exe+0x12f5>) modid:1
# 7 ntdll.dll!RtlGetAppContainerNamedObjectPath (0x77494a77 <ntdll.dll+0x64a77>) modid:9
# 8 ntdll.dll!RtlGetAppContainerNamedObjectPath (0x77494a47 <ntdll.dll+0x64a47>) modid:9
	error end

Error #3: LEAK 4 direct bytes 0x034b9380-0x034b9384 + 598 indirect bytes
# 0 replace_operator_new [d:\drmemory_package\common\alloc_replace.c:2899] (0x73820db0 <drmemorylib.dll+0x20db0>) modid:5
# 1 run                 [D:/CS/OOP/Assignment05-06/main.cpp:9] (0x004014ad <Assignment05_06.exe+0x14ad>) modid:1
# 2 main                [D:/CS/OOP/Assignment05-06/main.cpp:19] (0x00401547 <Assignment05_06.exe+0x1547>) modid:1
	error end

Error #4: LEAK 5 direct bytes 0x034ba450-0x034ba455 + 0 indirect bytes
# 0 replace_malloc  [d:\drmemory_package\common\alloc_replace.c:2576] (0x73820300 <drmemorylib.dll+0x20300>) modid:5
# 1 msvcrt.dll!_strdup    (0x75db56a9 <msvcrt.dll+0x856a9>) modid:7
# 2 getCommand          [D:/CS/OOP/Assignment05-06/ui/cli.cpp:28] (0x00402e4a <Assignment05_06.exe+0x2e4a>) modid:1
# 3 CLI::start          [D:/CS/OOP/Assignment05-06/ui/cli.cpp:119] (0x00403131 <Assignment05_06.exe+0x3131>) modid:1
# 4 run                 [D:/CS/OOP/Assignment05-06/main.cpp:10] (0x004014cc <Assignment05_06.exe+0x14cc>) modid:1
# 5 main                [D:/CS/OOP/Assignment05-06/main.cpp:19] (0x00401547 <Assignment05_06.exe+0x1547>) modid:1
	error end
WARNING: unable to load symbols for C:\WINDOWS\System32\KERNELBASE.dll

Potential Error #1: HANDLE LEAK: KERNEL handle 0x000000e8 and 0 similar handle(s) were opened but not closed:
# 0 system call NtOpenKey
# 1 KERNELBASE.dll!IsValidCodePage (0x746229c9 <KERNELBASE.dll+0xf29c9>) modid:6
# 2 KERNELBASE.dll!IsValidLocale  (0x745ff037 <KERNELBASE.dll+0xcf037>) modid:6
# 3 KERNELBASE.dll!IsValidLocale  (0x745fee33 <KERNELBASE.dll+0xcee33>) modid:6
# 4 msvcrt.dll!__get_qualified_locale (0x75d8e9bb <msvcrt.dll+0x5e9bb>) modid:7
# 5 msvcrt.dll!_expandlocale (0x75d854f9 <msvcrt.dll+0x554f9>) modid:7
# 6 msvcrt.dll!_setlocale_set_cat (0x75d85c03 <msvcrt.dll+0x55c03>) modid:7
# 7 msvcrt.dll!_setlocale_nolock (0x75d85939 <msvcrt.dll+0x55939>) modid:7
# 8 msvcrt.dll!setlocale  (0x75d86055 <msvcrt.dll+0x56055>) modid:7
# 9 __mingw_dirname     [D:/CS/OOP/Assignment05-06/repository/repository.cpp:57] (0x00407fa1 <Assignment05_06.exe+0x7fa1>) modid:1
#10 .text               [D:/CS/OOP/Assignment05-06/repository/repository.cpp:57] (0x004075d4 <Assignment05_06.exe+0x75d4>) modid:1
#11 __mingw_glob        [D:/CS/OOP/Assignment05-06/repository/repository.cpp:57] (0x00407e52 <Assignment05_06.exe+0x7e52>) modid:1
#12 _setargv            [D:/CS/OOP/Assignment05-06/repository/repository.cpp:57] (0x00406574 <Assignment05_06.exe+0x6574>) modid:1
#13 .text               [d:/cs/ides/mingw/lib/gcc/mingw32/6.3.0/include/c++/bits/basic_string.h:5062] (0x00401202 <Assignment05_06.exe+0x1202>) modid:1
#14 mainCRTStartup      [d:/cs/ides/mingw/lib/gcc/mingw32/6.3.0/include/c++/bits/basic_string.h:5062] (0x004012f5 <Assignment05_06.exe+0x12f5>) modid:1
#15 ntdll.dll!RtlGetAppContainerNamedObjectPath (0x77494a77 <ntdll.dll+0x64a77>) modid:9
#16 ntdll.dll!RtlGetAppContainerNamedObjectPath (0x77494a47 <ntdll.dll+0x64a47>) modid:9
Note: @0:00:02.623 in thread 6912
	error end

Potential Error #2: HANDLE LEAK: KERNEL handle 0x0000012c and 0 similar handle(s) were opened but not closed:
# 0 system call NtOpenKey
# 1 KERNELBASE.dll!IsValidCodePage (0x746229c9 <KERNELBASE.dll+0xf29c9>) modid:6
# 2 KERNELBASE.dll!IsValidLocale  (0x745ff087 <KERNELBASE.dll+0xcf087>) modid:6
# 3 KERNELBASE.dll!IsValidLocale  (0x745fee2a <KERNELBASE.dll+0xcee2a>) modid:6
# 4 msvcrt.dll!__get_qualified_locale (0x75d8e9bb <msvcrt.dll+0x5e9bb>) modid:7
# 5 msvcrt.dll!_expandlocale (0x75d854f9 <msvcrt.dll+0x554f9>) modid:7
# 6 msvcrt.dll!_setlocale_set_cat (0x75d85c03 <msvcrt.dll+0x55c03>) modid:7
# 7 msvcrt.dll!_setlocale_nolock (0x75d85939 <msvcrt.dll+0x55939>) modid:7
# 8 msvcrt.dll!setlocale  (0x75d86055 <msvcrt.dll+0x56055>) modid:7
# 9 __mingw_dirname     [D:/CS/OOP/Assignment05-06/repository/repository.cpp:57] (0x00407fa1 <Assignment05_06.exe+0x7fa1>) modid:1
#10 .text               [D:/CS/OOP/Assignment05-06/repository/repository.cpp:57] (0x004075d4 <Assignment05_06.exe+0x75d4>) modid:1
#11 __mingw_glob        [D:/CS/OOP/Assignment05-06/repository/repository.cpp:57] (0x00407e52 <Assignment05_06.exe+0x7e52>) modid:1
#12 _setargv            [D:/CS/OOP/Assignment05-06/repository/repository.cpp:57] (0x00406574 <Assignment05_06.exe+0x6574>) modid:1
#13 .text               [d:/cs/ides/mingw/lib/gcc/mingw32/6.3.0/include/c++/bits/basic_string.h:5062] (0x00401202 <Assignment05_06.exe+0x1202>) modid:1
#14 mainCRTStartup      [d:/cs/ides/mingw/lib/gcc/mingw32/6.3.0/include/c++/bits/basic_string.h:5062] (0x004012f5 <Assignment05_06.exe+0x12f5>) modid:1
#15 ntdll.dll!RtlGetAppContainerNamedObjectPath (0x77494a77 <ntdll.dll+0x64a77>) modid:9
#16 ntdll.dll!RtlGetAppContainerNamedObjectPath (0x77494a47 <ntdll.dll+0x64a47>) modid:9
Note: @0:00:02.623 in thread 6912
	error end

Potential Error #3: HANDLE LEAK: KERNEL handle 0x00000134 and 0 similar handle(s) were opened but not closed:
# 0 system call NtOpenKey
# 1 KERNELBASE.dll!IsValidCodePage (0x746229c9 <KERNELBASE.dll+0xf29c9>) modid:6
# 2 KERNELBASE.dll!IsValidLocale  (0x745fefe7 <KERNELBASE.dll+0xcefe7>) modid:6
# 3 KERNELBASE.dll!IsValidLocale  (0x745fee3c <KERNELBASE.dll+0xcee3c>) modid:6
# 4 msvcrt.dll!__get_qualified_locale (0x75d8e9bb <msvcrt.dll+0x5e9bb>) modid:7
# 5 msvcrt.dll!_expandlocale (0x75d854f9 <msvcrt.dll+0x554f9>) modid:7
# 6 msvcrt.dll!_setlocale_set_cat (0x75d85c03 <msvcrt.dll+0x55c03>) modid:7
# 7 msvcrt.dll!_setlocale_nolock (0x75d85939 <msvcrt.dll+0x55939>) modid:7
# 8 msvcrt.dll!setlocale  (0x75d86055 <msvcrt.dll+0x56055>) modid:7
# 9 __mingw_dirname     [D:/CS/OOP/Assignment05-06/repository/repository.cpp:57] (0x00407fa1 <Assignment05_06.exe+0x7fa1>) modid:1
#10 .text               [D:/CS/OOP/Assignment05-06/repository/repository.cpp:57] (0x004075d4 <Assignment05_06.exe+0x75d4>) modid:1
#11 __mingw_glob        [D:/CS/OOP/Assignment05-06/repository/repository.cpp:57] (0x00407e52 <Assignment05_06.exe+0x7e52>) modid:1
#12 _setargv            [D:/CS/OOP/Assignment05-06/repository/repository.cpp:57] (0x00406574 <Assignment05_06.exe+0x6574>) modid:1
#13 .text               [d:/cs/ides/mingw/lib/gcc/mingw32/6.3.0/include/c++/bits/basic_string.h:5062] (0x00401202 <Assignment05_06.exe+0x1202>) modid:1
#14 mainCRTStartup      [d:/cs/ides/mingw/lib/gcc/mingw32/6.3.0/include/c++/bits/basic_string.h:5062] (0x004012f5 <Assignment05_06.exe+0x12f5>) modid:1
#15 ntdll.dll!RtlGetAppContainerNamedObjectPath (0x77494a77 <ntdll.dll+0x64a77>) modid:9
#16 ntdll.dll!RtlGetAppContainerNamedObjectPath (0x77494a47 <ntdll.dll+0x64a47>) modid:9
Note: @0:00:02.623 in thread 6912
	error end

DUPLICATE ERROR COUNTS:

SUPPRESSIONS USED:
	     1x: default i#1324 mingw runtime

ERRORS FOUND:
      0 unique,     0 total unaddressable access(es)
      0 unique,     0 total uninitialized access(es)
      1 unique,     1 total invalid heap argument(s)
      0 unique,     0 total GDI usage error(s)
      0 unique,     0 total handle leak(s)
      0 unique,     0 total warning(s)
      3 unique,     3 total,    609 byte(s) of leak(s)
      0 unique,     0 total,      0 byte(s) of possible leak(s)
ERRORS IGNORED:
      3 potential error(s) (suspected false positives)
         (details: D:\CS\OOP\Assignment05-06\Dr. Memory\drmemory\logs\DrMemory-Assignment05_06.exe.4616.000\potential_errors.txt)
     97 ignored assumed-innocuous system leak(s)
      8 unique,     8 total,   4472 byte(s) of still-reachable allocation(s)
         (re-run with "-show_reachable" for details)
Details: D:\CS\OOP\Assignment05-06\Dr. Memory\drmemory\logs\DrMemory-Assignment05_06.exe.4616.000\results.txt

DUPLICATE POTENTIAL ERROR COUNTS:

POTENTIAL ERRORS FOUND:
      0 unique,     0 total potential unaddressable access(es)
      0 unique,     0 total potential uninitialized access(es)
      0 unique,     0 total potential invalid heap argument(s)
      0 unique,     0 total potential GDI usage error(s)
      3 unique,     3 total potential handle leak(s)
      0 unique,     0 total potential warning(s)
      0 unique,     0 total,      0 byte(s) of potential leak(s)
      0 unique,     0 total,      0 byte(s) of potential possible leak(s)
Details: D:\CS\OOP\Assignment05-06\Dr. Memory\drmemory\logs\DrMemory-Assignment05_06.exe.4616.000\potential_errors.txt
Exiting @0:00:02.639 in thread 6912
LOG END
