Dr. Memory version 1.11.0 build 2 built on Aug 29 2016 02:42:07
start time: 3657567:20:15.818 == 15:20:15.818 04/03/2018
Recorded 115 suppression(s) from default D:\CS\OOP\Assignment05-06\Dr. Memory\bin\suppress-default.txt
Syscall mismatch detected.  Running on unknown kernel version!
new thread #0 id=2776

module load event: "Assignment05_06.exe" 0x00400000-0x0046f000 modid: 1 D:\CS\OOP\Assignment05-06\cmake-build-mingw\Assignment05_06.exe
WARNING: assuming operator delete is non-placement in Assignment05_06.exe @0x00404d20

module load event: "dynamorio.dll" 0x5dbd0000-0x5dd2d000 modid: 2 D:\CS\OOP\Assignment05-06\Dr. Memory\dynamorio\lib32\release\dynamorio.dll

module load event: "libgcc_s_dw2-1.dll" 0x6eb40000-0x6ec1d000 modid: 3 D:\CS\IDEs\MinGW\bin\libgcc_s_dw2-1.dll

module load event: "libstdc++-6.dll" 0x6fe40000-0x6ffb4000 modid: 4 D:\CS\IDEs\MinGW\bin\libstdc++-6.dll

module load event: "drmemorylib.dll" 0x73800000-0x73a26000 modid: 5 D:\CS\OOP\Assignment05-06\Dr. Memory\bin\release\drmemorylib.dll

module load event: "KERNELBASE.dll" 0x74530000-0x74707000 modid: 6 C:\WINDOWS\System32\KERNELBASE.dll

module load event: "msvcrt.dll" 0x75d30000-0x75ded000 modid: 7 C:\WINDOWS\System32\msvcrt.dll
WARNING: new/delete has no local wrapper => disabling mismatch detection for msvcrt.dll
WARNING: new/delete has no local wrapper => disabling mismatch detection for msvcrt.dll
WARNING: new == new[] => disabling mismatch detection for msvcrt.dll
WARNING: new/delete has no local wrapper => disabling mismatch detection for msvcrt.dll
WARNING: new/delete has no local wrapper => disabling mismatch detection for msvcrt.dll
WARNING: new/delete has no local wrapper => disabling mismatch detection for msvcrt.dll

module load event: "KERNEL32.dll" 0x76a80000-0x76b50000 modid: 8 C:\WINDOWS\System32\KERNEL32.DLL

module load event: "ntdll.dll" 0x77430000-0x775bd000 modid: 9 C:\WINDOWS\SYSTEM32\ntdll.dll
WARNING: unable to load symbols for C:\WINDOWS\SYSTEM32\ntdll.dll
WARNING: unhandled system calls found

NEW THREAD: main thread 2776


Error #1: INVALID HEAP ARGUMENT: allocated with malloc, freed with operator delete[]
# 0 replace_operator_delete_array [d:\drmemory_package\common\alloc_replace.c:2998] (0x738211e0 <drmemorylib.dll+0x211e0>) modid:5
# 1 DynamicVector::~DynamicVector [D:/CS/OOP/Assignment05-06/repository/DynamicVector.cpp:21] (0x00401635 <Assignment05_06.exe+0x1635>) modid:1
# 2 Repository::~Repository [d:/cs/oop/assignment05-06/repository/repository.h:12] (0x004074e3 <Assignment05_06.exe+0x74e3>) modid:1
# 3 Test::testRepo      [D:/CS/OOP/Assignment05-06/tests/test.cpp:86] (0x004048ec <Assignment05_06.exe+0x48ec>) modid:1
# 4 Test::test          [D:/CS/OOP/Assignment05-06/tests/test.cpp:123] (0x00404c52 <Assignment05_06.exe+0x4c52>) modid:1
# 5 test                [D:/CS/OOP/Assignment05-06/main.cpp:14] (0x00401534 <Assignment05_06.exe+0x1534>) modid:1
# 6 main                [D:/CS/OOP/Assignment05-06/main.cpp:18] (0x00401547 <Assignment05_06.exe+0x1547>) modid:1
Note: @0:00:00.453 in thread 2776
Note: memory was allocated here:
Note: # 0 replace_malloc  [d:\drmemory_package\common\alloc_replace.c:2576] (0x73820300 <drmemorylib.dll+0x20300>) modid:5
Note: # 1 DynamicVector::operator= [D:/CS/OOP/Assignment05-06/repository/DynamicVector.cpp:33] (0x0040168d <Assignment05_06.exe+0x168d>) modid:1
Note: # 2 Repository::Repository [D:/CS/OOP/Assignment05-06/repository/repository.cpp:6] (0x00401952 <Assignment05_06.exe+0x1952>) modid:1
Note: # 3 Test::testRepo      [D:/CS/OOP/Assignment05-06/tests/test.cpp:62] (0x004042c9 <Assignment05_06.exe+0x42c9>) modid:1
Note: # 4 Test::test          [D:/CS/OOP/Assignment05-06/tests/test.cpp:123] (0x00404c52 <Assignment05_06.exe+0x4c52>) modid:1
Note: # 5 test                [D:/CS/OOP/Assignment05-06/main.cpp:14] (0x00401534 <Assignment05_06.exe+0x1534>) modid:1
Note: # 6 main                [D:/CS/OOP/Assignment05-06/main.cpp:18] (0x00401547 <Assignment05_06.exe+0x1547>) modid:1
	error end

Error #2: LEAK 80 direct bytes 0x03870ec0-0x03870f10 + 0 indirect bytes
# 0 replace_operator_new [d:\drmemory_package\common\alloc_replace.c:2899] (0x73820db0 <drmemorylib.dll+0x20db0>) modid:5
# 1 Test::testDomain    [D:/CS/OOP/Assignment05-06/tests/test.cpp:15] (0x00402fe6 <Assignment05_06.exe+0x2fe6>) modid:1
# 2 Test::test          [D:/CS/OOP/Assignment05-06/tests/test.cpp:120] (0x00404c43 <Assignment05_06.exe+0x4c43>) modid:1
# 3 test                [D:/CS/OOP/Assignment05-06/main.cpp:14] (0x00401534 <Assignment05_06.exe+0x1534>) modid:1
# 4 main                [D:/CS/OOP/Assignment05-06/main.cpp:18] (0x00401547 <Assignment05_06.exe+0x1547>) modid:1
	error end

Error #3: LEAK 4 direct bytes 0x03871458-0x0387145c + 852 indirect bytes
# 0 replace_operator_new [d:\drmemory_package\common\alloc_replace.c:2899] (0x73820db0 <drmemorylib.dll+0x20db0>) modid:5
# 1 testGetPrintable    [D:/CS/OOP/Assignment05-06/tests/test.cpp:102] (0x00404b1b <Assignment05_06.exe+0x4b1b>) modid:1
# 2 Test::testController [D:/CS/OOP/Assignment05-06/tests/test.cpp:116] (0x00404c35 <Assignment05_06.exe+0x4c35>) modid:1
# 3 Test::test          [D:/CS/OOP/Assignment05-06/tests/test.cpp:124] (0x00404c57 <Assignment05_06.exe+0x4c57>) modid:1
# 4 test                [D:/CS/OOP/Assignment05-06/main.cpp:14] (0x00401534 <Assignment05_06.exe+0x1534>) modid:1
# 5 main                [D:/CS/OOP/Assignment05-06/main.cpp:18] (0x00401547 <Assignment05_06.exe+0x1547>) modid:1
	error end

Error #4: LEAK 244 direct bytes 0x038718e0-0x038719d4 + 1210 indirect bytes
# 0 replace_operator_new_array [d:\drmemory_package\common\alloc_replace.c:2928] (0x73820f50 <drmemorylib.dll+0x20f50>) modid:5
# 1 _ZN10Controller15getAllPrintableB5cxx11Ev [D:/CS/OOP/Assignment05-06/controller/controller.cpp:23] (0x00401f05 <Assignment05_06.exe+0x1f05>) modid:1
# 2 testGetPrintable    [D:/CS/OOP/Assignment05-06/tests/test.cpp:104] (0x00404b3a <Assignment05_06.exe+0x4b3a>) modid:1
# 3 Test::testController [D:/CS/OOP/Assignment05-06/tests/test.cpp:116] (0x00404c35 <Assignment05_06.exe+0x4c35>) modid:1
# 4 Test::test          [D:/CS/OOP/Assignment05-06/tests/test.cpp:124] (0x00404c57 <Assignment05_06.exe+0x4c57>) modid:1
# 5 test                [D:/CS/OOP/Assignment05-06/main.cpp:14] (0x00401534 <Assignment05_06.exe+0x1534>) modid:1
# 6 main                [D:/CS/OOP/Assignment05-06/main.cpp:18] (0x00401547 <Assignment05_06.exe+0x1547>) modid:1
	error end

Error #5: LEAK 40 direct bytes 0x038719f8-0x03871a20 + 0 indirect bytes
# 0 replace_operator_new_array [d:\drmemory_package\common\alloc_replace.c:2928] (0x73820f50 <drmemorylib.dll+0x20f50>) modid:5
# 1 Repository::getAll  [D:/CS/OOP/Assignment05-06/repository/repository.cpp:42] (0x00401cae <Assignment05_06.exe+0x1cae>) modid:1
# 2 _ZN10Controller15getAllPrintableB5cxx11Ev [D:/CS/OOP/Assignment05-06/controller/controller.cpp:24] (0x00401f38 <Assignment05_06.exe+0x1f38>) modid:1
# 3 testGetPrintable    [D:/CS/OOP/Assignment05-06/tests/test.cpp:104] (0x00404b3a <Assignment05_06.exe+0x4b3a>) modid:1
# 4 Test::testController [D:/CS/OOP/Assignment05-06/tests/test.cpp:116] (0x00404c35 <Assignment05_06.exe+0x4c35>) modid:1
# 5 Test::test          [D:/CS/OOP/Assignment05-06/tests/test.cpp:124] (0x00404c57 <Assignment05_06.exe+0x4c57>) modid:1
# 6 test                [D:/CS/OOP/Assignment05-06/main.cpp:14] (0x00401534 <Assignment05_06.exe+0x1534>) modid:1
# 7 main                [D:/CS/OOP/Assignment05-06/main.cpp:18] (0x00401547 <Assignment05_06.exe+0x1547>) modid:1
	error end

Error #6: LEAK 40 direct bytes 0x038726c0-0x038726e8 + 0 indirect bytes
# 0 replace_operator_new_array [d:\drmemory_package\common\alloc_replace.c:2928] (0x73820f50 <drmemorylib.dll+0x20f50>) modid:5
# 1 Repository::getAll  [D:/CS/OOP/Assignment05-06/repository/repository.cpp:42] (0x00401cae <Assignment05_06.exe+0x1cae>) modid:1
# 2 testGetPrintable    [D:/CS/OOP/Assignment05-06/tests/test.cpp:106] (0x00404b47 <Assignment05_06.exe+0x4b47>) modid:1
# 3 Test::testController [D:/CS/OOP/Assignment05-06/tests/test.cpp:116] (0x00404c35 <Assignment05_06.exe+0x4c35>) modid:1
# 4 Test::test          [D:/CS/OOP/Assignment05-06/tests/test.cpp:124] (0x00404c57 <Assignment05_06.exe+0x4c57>) modid:1
# 5 test                [D:/CS/OOP/Assignment05-06/main.cpp:14] (0x00401534 <Assignment05_06.exe+0x1534>) modid:1
# 6 main                [D:/CS/OOP/Assignment05-06/main.cpp:18] (0x00401547 <Assignment05_06.exe+0x1547>) modid:1
	error end
WARNING: unable to load symbols for C:\WINDOWS\System32\KERNELBASE.dll

Potential Error #1: HANDLE LEAK: KERNEL handle 0x00000104 and 0 similar handle(s) were opened but not closed:
# 0 system call NtOpenKey
# 1 KERNELBASE.dll!IsValidCodePage (0x746229c9 <KERNELBASE.dll+0xf29c9>) modid:6
# 2 KERNELBASE.dll!IsValidLocale  (0x745ff087 <KERNELBASE.dll+0xcf087>) modid:6
# 3 KERNELBASE.dll!IsValidLocale  (0x745fee2a <KERNELBASE.dll+0xcee2a>) modid:6
# 4 msvcrt.dll!__get_qualified_locale (0x75d8e9bb <msvcrt.dll+0x5e9bb>) modid:7
# 5 msvcrt.dll!_expandlocale (0x75d854f9 <msvcrt.dll+0x554f9>) modid:7
# 6 msvcrt.dll!_setlocale_set_cat (0x75d85c03 <msvcrt.dll+0x55c03>) modid:7
# 7 msvcrt.dll!_setlocale_nolock (0x75d85939 <msvcrt.dll+0x55939>) modid:7
# 8 msvcrt.dll!setlocale  (0x75d86055 <msvcrt.dll+0x56055>) modid:7
# 9 __mingw_dirname     [D:/CS/OOP/Assignment05-06/repository/repository.cpp:48] (0x00406ac1 <Assignment05_06.exe+0x6ac1>) modid:1
#10 .text               [D:/CS/OOP/Assignment05-06/repository/repository.cpp:48] (0x004060f4 <Assignment05_06.exe+0x60f4>) modid:1
#11 __mingw_glob        [D:/CS/OOP/Assignment05-06/repository/repository.cpp:48] (0x00406972 <Assignment05_06.exe+0x6972>) modid:1
#12 _setargv            [D:/CS/OOP/Assignment05-06/repository/repository.cpp:48] (0x004050b6 <Assignment05_06.exe+0x50b6>) modid:1
#13 .text               [d:/cs/ides/mingw/lib/gcc/mingw32/6.3.0/include/c++/bits/basic_string.h:5062] (0x00401202 <Assignment05_06.exe+0x1202>) modid:1
#14 mainCRTStartup      [d:/cs/ides/mingw/lib/gcc/mingw32/6.3.0/include/c++/bits/basic_string.h:5062] (0x004012f5 <Assignment05_06.exe+0x12f5>) modid:1
#15 ntdll.dll!RtlGetAppContainerNamedObjectPath (0x77494a77 <ntdll.dll+0x64a77>) modid:9
#16 ntdll.dll!RtlGetAppContainerNamedObjectPath (0x77494a47 <ntdll.dll+0x64a47>) modid:9
Note: @0:00:00.594 in thread 2776
	error end

Potential Error #2: HANDLE LEAK: KERNEL handle 0x00000120 and 0 similar handle(s) were opened but not closed:
# 0 system call NtOpenKey
# 1 KERNELBASE.dll!IsValidCodePage (0x746229c9 <KERNELBASE.dll+0xf29c9>) modid:6
# 2 KERNELBASE.dll!IsValidLocale  (0x745ff037 <KERNELBASE.dll+0xcf037>) modid:6
# 3 KERNELBASE.dll!IsValidLocale  (0x745fee33 <KERNELBASE.dll+0xcee33>) modid:6
# 4 msvcrt.dll!__get_qualified_locale (0x75d8e9bb <msvcrt.dll+0x5e9bb>) modid:7
# 5 msvcrt.dll!_expandlocale (0x75d854f9 <msvcrt.dll+0x554f9>) modid:7
# 6 msvcrt.dll!_setlocale_set_cat (0x75d85c03 <msvcrt.dll+0x55c03>) modid:7
# 7 msvcrt.dll!_setlocale_nolock (0x75d85939 <msvcrt.dll+0x55939>) modid:7
# 8 msvcrt.dll!setlocale  (0x75d86055 <msvcrt.dll+0x56055>) modid:7
# 9 __mingw_dirname     [D:/CS/OOP/Assignment05-06/repository/repository.cpp:48] (0x00406ac1 <Assignment05_06.exe+0x6ac1>) modid:1
#10 .text               [D:/CS/OOP/Assignment05-06/repository/repository.cpp:48] (0x004060f4 <Assignment05_06.exe+0x60f4>) modid:1
#11 __mingw_glob        [D:/CS/OOP/Assignment05-06/repository/repository.cpp:48] (0x00406972 <Assignment05_06.exe+0x6972>) modid:1
#12 _setargv            [D:/CS/OOP/Assignment05-06/repository/repository.cpp:48] (0x004050b6 <Assignment05_06.exe+0x50b6>) modid:1
#13 .text               [d:/cs/ides/mingw/lib/gcc/mingw32/6.3.0/include/c++/bits/basic_string.h:5062] (0x00401202 <Assignment05_06.exe+0x1202>) modid:1
#14 mainCRTStartup      [d:/cs/ides/mingw/lib/gcc/mingw32/6.3.0/include/c++/bits/basic_string.h:5062] (0x004012f5 <Assignment05_06.exe+0x12f5>) modid:1
#15 ntdll.dll!RtlGetAppContainerNamedObjectPath (0x77494a77 <ntdll.dll+0x64a77>) modid:9
#16 ntdll.dll!RtlGetAppContainerNamedObjectPath (0x77494a47 <ntdll.dll+0x64a47>) modid:9
Note: @0:00:00.594 in thread 2776
	error end

Potential Error #3: HANDLE LEAK: KERNEL handle 0x00000124 and 0 similar handle(s) were opened but not closed:
# 0 system call NtOpenKey
# 1 KERNELBASE.dll!IsValidCodePage (0x746229c9 <KERNELBASE.dll+0xf29c9>) modid:6
# 2 KERNELBASE.dll!IsValidLocale  (0x745fefe7 <KERNELBASE.dll+0xcefe7>) modid:6
# 3 KERNELBASE.dll!IsValidLocale  (0x745fee3c <KERNELBASE.dll+0xcee3c>) modid:6
# 4 msvcrt.dll!__get_qualified_locale (0x75d8e9bb <msvcrt.dll+0x5e9bb>) modid:7
# 5 msvcrt.dll!_expandlocale (0x75d854f9 <msvcrt.dll+0x554f9>) modid:7
# 6 msvcrt.dll!_setlocale_set_cat (0x75d85c03 <msvcrt.dll+0x55c03>) modid:7
# 7 msvcrt.dll!_setlocale_nolock (0x75d85939 <msvcrt.dll+0x55939>) modid:7
# 8 msvcrt.dll!setlocale  (0x75d86055 <msvcrt.dll+0x56055>) modid:7
# 9 __mingw_dirname     [D:/CS/OOP/Assignment05-06/repository/repository.cpp:48] (0x00406ac1 <Assignment05_06.exe+0x6ac1>) modid:1
#10 .text               [D:/CS/OOP/Assignment05-06/repository/repository.cpp:48] (0x004060f4 <Assignment05_06.exe+0x60f4>) modid:1
#11 __mingw_glob        [D:/CS/OOP/Assignment05-06/repository/repository.cpp:48] (0x00406972 <Assignment05_06.exe+0x6972>) modid:1
#12 _setargv            [D:/CS/OOP/Assignment05-06/repository/repository.cpp:48] (0x004050b6 <Assignment05_06.exe+0x50b6>) modid:1
#13 .text               [d:/cs/ides/mingw/lib/gcc/mingw32/6.3.0/include/c++/bits/basic_string.h:5062] (0x00401202 <Assignment05_06.exe+0x1202>) modid:1
#14 mainCRTStartup      [d:/cs/ides/mingw/lib/gcc/mingw32/6.3.0/include/c++/bits/basic_string.h:5062] (0x004012f5 <Assignment05_06.exe+0x12f5>) modid:1
#15 ntdll.dll!RtlGetAppContainerNamedObjectPath (0x77494a77 <ntdll.dll+0x64a77>) modid:9
#16 ntdll.dll!RtlGetAppContainerNamedObjectPath (0x77494a47 <ntdll.dll+0x64a47>) modid:9
Note: @0:00:00.594 in thread 2776
	error end

DUPLICATE ERROR COUNTS:

SUPPRESSIONS USED:
	     1x: default i#1324 mingw runtime

ERRORS FOUND:
      0 unique,     0 total unaddressable access(es)
      0 unique,     0 total uninitialized access(es)
      1 unique,     1 total invalid heap argument(s)
      0 unique,     0 total GDI usage error(s)
      0 unique,     0 total handle leak(s)
      0 unique,     0 total warning(s)
      5 unique,     5 total,   2470 byte(s) of leak(s)
      0 unique,     0 total,      0 byte(s) of possible leak(s)
ERRORS IGNORED:
      3 potential error(s) (suspected false positives)
         (details: D:\CS\OOP\Assignment05-06\Dr. Memory\drmemory\logs\DrMemory-Assignment05_06.exe.7052.000\potential_errors.txt)
     99 ignored assumed-innocuous system leak(s)
      5 unique,     5 total,    354 byte(s) of still-reachable allocation(s)
         (re-run with "-show_reachable" for details)
Details: D:\CS\OOP\Assignment05-06\Dr. Memory\drmemory\logs\DrMemory-Assignment05_06.exe.7052.000\results.txt

DUPLICATE POTENTIAL ERROR COUNTS:

POTENTIAL ERRORS FOUND:
      0 unique,     0 total potential unaddressable access(es)
      0 unique,     0 total potential uninitialized access(es)
      0 unique,     0 total potential invalid heap argument(s)
      0 unique,     0 total potential GDI usage error(s)
      3 unique,     3 total potential handle leak(s)
      0 unique,     0 total potential warning(s)
      0 unique,     0 total,      0 byte(s) of potential leak(s)
      0 unique,     0 total,      0 byte(s) of potential possible leak(s)
Details: D:\CS\OOP\Assignment05-06\Dr. Memory\drmemory\logs\DrMemory-Assignment05_06.exe.7052.000\potential_errors.txt
Exiting @0:00:00.610 in thread 2776
LOG END
