Dr. Memory version 1.11.0 build 2 built on Aug 29 2016 02:42:07
start time: 3657280:10:17.353 == 16:10:17.353 03/22/2018
Recorded 115 suppression(s) from default D:\CS\OOP\Assignment03-04\Dr. Memory\bin\suppress-default.txt
Syscall mismatch detected.  Running on unknown kernel version!
new thread #0 id=9504

module load event: "Assignment03_04.exe" 0x00400000-0x00417000 modid: 1 D:\CS\OOP\Assignment03-04\cmake-build-debug-mingw\Assignment03_04.exe

module load event: "dynamorio.dll" 0x64310000-0x6446d000 modid: 2 D:\CS\OOP\Assignment03-04\Dr. Memory\dynamorio\lib32\release\dynamorio.dll

module load event: "drmemorylib.dll" 0x73800000-0x73a26000 modid: 3 D:\CS\OOP\Assignment03-04\Dr. Memory\bin\release\drmemorylib.dll

module load event: "msvcrt.dll" 0x74040000-0x740fd000 modid: 4 C:\WINDOWS\System32\msvcrt.dll
WARNING: new/delete has no local wrapper => disabling mismatch detection for msvcrt.dll
WARNING: new/delete has no local wrapper => disabling mismatch detection for msvcrt.dll
WARNING: new == new[] => disabling mismatch detection for msvcrt.dll
WARNING: new/delete has no local wrapper => disabling mismatch detection for msvcrt.dll
WARNING: new/delete has no local wrapper => disabling mismatch detection for msvcrt.dll
WARNING: new/delete has no local wrapper => disabling mismatch detection for msvcrt.dll

module load event: "KERNEL32.dll" 0x74330000-0x74400000 modid: 5 C:\WINDOWS\System32\KERNEL32.DLL

module load event: "KERNELBASE.dll" 0x74a80000-0x74c57000 modid: 6 C:\WINDOWS\System32\KERNELBASE.dll

module load event: "ntdll.dll" 0x773a0000-0x7752d000 modid: 7 C:\WINDOWS\SYSTEM32\ntdll.dll
WARNING: unable to load symbols for C:\WINDOWS\SYSTEM32\ntdll.dll
WARNING: unhandled system calls found

NEW THREAD: main thread 9504


Error #1: INVALID HEAP ARGUMENT to free 0x031c46c0
# 0 replace_free    [d:\drmemory_package\common\alloc_replace.c:2706] (0x73820900 <drmemorylib.dll+0x20900>) modid:3
# 1 start               [D:/CS/OOP/Assignment03-04/ui/cli.c:295] (0x00402b8d <Assignment03_04.exe+0x2b8d>) modid:1
# 2 main                [D:/CS/OOP/Assignment03-04/main.c:4] (0x00401470 <Assignment03_04.exe+0x1470>) modid:1
Note: @0:00:07.393 in thread 9504
Note: next higher malloc: 0x031c46e8-0x031c46ed
Note: prev lower malloc:  0x031c4640-0x031c4668
Note: memory was previously freed here:
Note: # 0 replace_free    [d:\drmemory_package\common\alloc_replace.c:2706] (0x73820900 <drmemorylib.dll+0x20900>) modid:3
Note: # 1 addOperationToStack [D:/CS/OOP/Assignment03-04/controller/undoController.c:24] (0x00402d40 <Assignment03_04.exe+0x2d40>) modid:1
Note: # 2 start               [D:/CS/OOP/Assignment03-04/ui/cli.c:142] (0x004025dc <Assignment03_04.exe+0x25dc>) modid:1
Note: # 3 main                [D:/CS/OOP/Assignment03-04/main.c:4] (0x00401470 <Assignment03_04.exe+0x1470>) modid:1
	error end
new thread #1 id=764
