Dr. Memory version 1.11.0 build 2 built on Aug 29 2016 02:42:07
start time: 3657400:23:29.891 == 16:23:29.891 03/27/2018
Recorded 115 suppression(s) from default D:\CS\OOP\Assignment03-04\Dr. Memory\bin\suppress-default.txt
Syscall mismatch detected.  Running on unknown kernel version!
new thread #0 id=12628

module load event: "Assignment03_04.exe" 0x00400000-0x00417000 modid: 1 D:\CS\OOP\Assignment03-04\cmake-build-debug-mingw\Assignment03_04.exe

module load event: "dynamorio.dll" 0x563c0000-0x5651d000 modid: 2 D:\CS\OOP\Assignment03-04\Dr. Memory\dynamorio\lib32\release\dynamorio.dll

module load event: "drmemorylib.dll" 0x73800000-0x73a26000 modid: 3 D:\CS\OOP\Assignment03-04\Dr. Memory\bin\release\drmemorylib.dll

module load event: "KERNELBASE.dll" 0x75ac0000-0x75c82000 modid: 4 C:\Windows\System32\KERNELBASE.dll

module load event: "KERNEL32.dll" 0x75f40000-0x76010000 modid: 5 C:\Windows\System32\KERNEL32.DLL

module load event: "msvcrt.dll" 0x764a0000-0x7655d000 modid: 6 C:\Windows\System32\msvcrt.dll
WARNING: new/delete has no local wrapper => disabling mismatch detection for msvcrt.dll
WARNING: new/delete has no local wrapper => disabling mismatch detection for msvcrt.dll
WARNING: new == new[] => disabling mismatch detection for msvcrt.dll
WARNING: new/delete has no local wrapper => disabling mismatch detection for msvcrt.dll
WARNING: new/delete has no local wrapper => disabling mismatch detection for msvcrt.dll
WARNING: new/delete has no local wrapper => disabling mismatch detection for msvcrt.dll

module load event: "ntdll.dll" 0x77c80000-0x77e0e000 modid: 7 C:\Windows\SYSTEM32\ntdll.dll
WARNING: unable to load symbols for C:\Windows\SYSTEM32\ntdll.dll
WARNING: unhandled system calls found

NEW THREAD: main thread 12628


Error #1: UNADDRESSABLE ACCESS of freed memory: reading 0x01284770-0x01284771 1 byte(s)
# 0 msvcrt.dll!_output_l  (0x7651a7a3 <msvcrt.dll+0x7a7a3>) modid:6
# 1 msvcrt.dll!printf     (0x7651419b <msvcrt.dll+0x7419b>) modid:6
# 2 start               [D:/CS/OOP/Assignment03-04/ui/cli.c:271] (0x00402be9 <Assignment03_04.exe+0x2be9>) modid:1
# 3 main                [D:/CS/OOP/Assignment03-04/main.c:4] (0x00401470 <Assignment03_04.exe+0x1470>) modid:1
Note: @0:00:08.933 in thread 12628
Note: next higher malloc: 0x012847e8-0x012847ed
Note: 0x01284770-0x01284771 overlaps memory 0x01284770-0x01284778 that was freed here:
Note: # 0 replace_free    [d:\drmemory_package\common\alloc_replace.c:2706] (0x73820900 <drmemorylib.dll+0x20900>) modid:3
Note: # 1 start               [D:/CS/OOP/Assignment03-04/ui/cli.c:319] (0x00402d7a <Assignment03_04.exe+0x2d7a>) modid:1
Note: # 2 main                [D:/CS/OOP/Assignment03-04/main.c:4] (0x00401470 <Assignment03_04.exe+0x1470>) modid:1
Note: instruction: cmp    (%eax) $0x00
	error end

Error #2: UNADDRESSABLE ACCESS of freed memory: reading 0x01284770-0x01284771 1 byte(s)
# 0 msvcrt.dll!_output_p_l (0x7651bf81 <msvcrt.dll+0x7bf81>) modid:6
# 1 msvcrt.dll!_output_l  (0x7651a90a <msvcrt.dll+0x7a90a>) modid:6
# 2 msvcrt.dll!printf     (0x7651419b <msvcrt.dll+0x7419b>) modid:6
# 3 start               [D:/CS/OOP/Assignment03-04/ui/cli.c:271] (0x00402be9 <Assignment03_04.exe+0x2be9>) modid:1
# 4 main                [D:/CS/OOP/Assignment03-04/main.c:4] (0x00401470 <Assignment03_04.exe+0x1470>) modid:1
Note: @0:00:08.935 in thread 12628
Note: next higher malloc: 0x012847e8-0x012847ed
Note: 0x01284770-0x01284771 overlaps memory 0x01284770-0x01284778 that was freed here:
Note: # 0 replace_free    [d:\drmemory_package\common\alloc_replace.c:2706] (0x73820900 <drmemorylib.dll+0x20900>) modid:3
Note: # 1 start               [D:/CS/OOP/Assignment03-04/ui/cli.c:319] (0x00402d7a <Assignment03_04.exe+0x2d7a>) modid:1
Note: # 2 main                [D:/CS/OOP/Assignment03-04/main.c:4] (0x00401470 <Assignment03_04.exe+0x1470>) modid:1
Note: instruction: movzx  (%eax) -> %eax
	error end
new thread #1 id=4832
