Dr. Memory version 1.11.0 build 2 built on Aug 29 2016 02:42:07
start time: 3657594:47:20.320 == 18:47:20.320 04/04/2018
Recorded 115 suppression(s) from default D:\CS\OOP\Assignment05-06\Dr. Memory\bin\suppress-default.txt
Syscall mismatch detected.  Running on unknown kernel version!
new thread #0 id=10916

module load event: "Assignment05_06.exe" 0x00400000-0x00480000 modid: 1 D:\CS\OOP\Assignment05-06\cmake-build-mingw\Assignment05_06.exe
WARNING: assuming operator delete is non-placement in Assignment05_06.exe @0x004079e8
WARNING: assuming operator delete[] is non-placement in Assignment05_06.exe @0x004079f0

module load event: "dynamorio.dll" 0x5c840000-0x5c99d000 modid: 2 D:\CS\OOP\Assignment05-06\Dr. Memory\dynamorio\lib32\release\dynamorio.dll

module load event: "libgcc_s_dw2-1.dll" 0x6eb40000-0x6ec1d000 modid: 3 D:\CS\IDEs\MinGW\bin\libgcc_s_dw2-1.dll

module load event: "libstdc++-6.dll" 0x6fe40000-0x6ffb4000 modid: 4 D:\CS\IDEs\MinGW\bin\libstdc++-6.dll

module load event: "drmemorylib.dll" 0x73800000-0x73a26000 modid: 5 D:\CS\OOP\Assignment05-06\Dr. Memory\bin\release\drmemorylib.dll

module load event: "KERNELBASE.dll" 0x74530000-0x74707000 modid: 6 C:\WINDOWS\System32\KERNELBASE.dll

module load event: "msvcrt.dll" 0x75d30000-0x75ded000 modid: 7 C:\WINDOWS\System32\msvcrt.dll
WARNING: new/delete has no local wrapper => disabling mismatch detection for msvcrt.dll
WARNING: new/delete has no local wrapper => disabling mismatch detection for msvcrt.dll
WARNING: new == new[] => disabling mismatch detection for msvcrt.dll
WARNING: new/delete has no local wrapper => disabling mismatch detection for msvcrt.dll
WARNING: new/delete has no local wrapper => disabling mismatch detection for msvcrt.dll
WARNING: new/delete has no local wrapper => disabling mismatch detection for msvcrt.dll

module load event: "KERNEL32.dll" 0x76a80000-0x76b50000 modid: 8 C:\WINDOWS\System32\KERNEL32.DLL

module load event: "ntdll.dll" 0x77430000-0x775bd000 modid: 9 C:\WINDOWS\SYSTEM32\ntdll.dll
WARNING: unable to load symbols for C:\WINDOWS\SYSTEM32\ntdll.dll
WARNING: unhandled system calls found

NEW THREAD: main thread 10916


Error #1: INVALID HEAP ARGUMENT: allocated with operator new[], freed with operator delete
# 0 replace_operator_delete_nothrow [d:\drmemory_package\common\alloc_replace.c:2974] (0x738210f0 <drmemorylib.dll+0x210f0>) modid:5
# 1 DynamicVector::~DynamicVector [D:/CS/OOP/Assignment05-06/repository/DynamicVector.cpp:20] (0x00401658 <Assignment05_06.exe+0x1658>) modid:1
# 2 Repository::Repository [D:/CS/OOP/Assignment05-06/repository/repository.cpp:6] (0x00401993 <Assignment05_06.exe+0x1993>) modid:1
# 3 run                 [D:/CS/OOP/Assignment05-06/main.cpp:7] (0x0040147d <Assignment05_06.exe+0x147d>) modid:1
# 4 main                [D:/CS/OOP/Assignment05-06/main.cpp:20] (0x00401566 <Assignment05_06.exe+0x1566>) modid:1
Note: @0:00:00.844 in thread 10916
Note: memory was allocated here:
Note: # 0 replace_operator_new_array [d:\drmemory_package\common\alloc_replace.c:2928] (0x73820f50 <drmemorylib.dll+0x20f50>) modid:5
Note: # 1 DynamicVector::DynamicVector [D:/CS/OOP/Assignment05-06/repository/DynamicVector.cpp:7] (0x004015ab <Assignment05_06.exe+0x15ab>) modid:1
Note: # 2 Repository::Repository [D:/CS/OOP/Assignment05-06/repository/repository.cpp:6] (0x00401973 <Assignment05_06.exe+0x1973>) modid:1
Note: # 3 run                 [D:/CS/OOP/Assignment05-06/main.cpp:7] (0x0040147d <Assignment05_06.exe+0x147d>) modid:1
Note: # 4 main                [D:/CS/OOP/Assignment05-06/main.cpp:20] (0x00401566 <Assignment05_06.exe+0x1566>) modid:1
	error end

Error #2: INVALID HEAP ARGUMENT: allocated with operator new[], freed with operator delete
# 0 replace_operator_delete_nothrow [d:\drmemory_package\common\alloc_replace.c:2974] (0x738210f0 <drmemorylib.dll+0x210f0>) modid:5
# 1 DynamicVector::~DynamicVector [D:/CS/OOP/Assignment05-06/repository/DynamicVector.cpp:20] (0x00401658 <Assignment05_06.exe+0x1658>) modid:1
# 2 Repository::Repository [D:/CS/OOP/Assignment05-06/repository/repository.cpp:6] (0x00401993 <Assignment05_06.exe+0x1993>) modid:1
# 3 Controller::Controller [D:/CS/OOP/Assignment05-06/controller/controller.cpp:6] (0x00401e7c <Assignment05_06.exe+0x1e7c>) modid:1
# 4 run                 [D:/CS/OOP/Assignment05-06/main.cpp:8] (0x0040149b <Assignment05_06.exe+0x149b>) modid:1
# 5 main                [D:/CS/OOP/Assignment05-06/main.cpp:20] (0x00401566 <Assignment05_06.exe+0x1566>) modid:1
Note: @0:00:00.859 in thread 10916
Note: memory was allocated here:
Note: # 0 replace_operator_new_array [d:\drmemory_package\common\alloc_replace.c:2928] (0x73820f50 <drmemorylib.dll+0x20f50>) modid:5
Note: # 1 DynamicVector::DynamicVector [D:/CS/OOP/Assignment05-06/repository/DynamicVector.cpp:7] (0x004015ab <Assignment05_06.exe+0x15ab>) modid:1
Note: # 2 Repository::Repository [D:/CS/OOP/Assignment05-06/repository/repository.cpp:6] (0x00401973 <Assignment05_06.exe+0x1973>) modid:1
Note: # 3 Controller::Controller [D:/CS/OOP/Assignment05-06/controller/controller.cpp:6] (0x00401e7c <Assignment05_06.exe+0x1e7c>) modid:1
Note: # 4 run                 [D:/CS/OOP/Assignment05-06/main.cpp:8] (0x0040149b <Assignment05_06.exe+0x149b>) modid:1
Note: # 5 main                [D:/CS/OOP/Assignment05-06/main.cpp:20] (0x00401566 <Assignment05_06.exe+0x1566>) modid:1
	error end

Error #3: INVALID HEAP ARGUMENT: allocated with operator new[], freed with operator delete
# 0 replace_operator_delete_nothrow [d:\drmemory_package\common\alloc_replace.c:2974] (0x738210f0 <drmemorylib.dll+0x210f0>) modid:5
# 1 DynamicVector::~DynamicVector [D:/CS/OOP/Assignment05-06/repository/DynamicVector.cpp:20] (0x00401658 <Assignment05_06.exe+0x1658>) modid:1
# 2 Repository::~Repository [D:/CS/OOP/Assignment05-06/repository/repository.cpp:60] (0x00401d54 <Assignment05_06.exe+0x1d54>) modid:1
# 3 Controller::~Controller [D:/CS/OOP/Assignment05-06/controller/controller.cpp:68] (0x00402c64 <Assignment05_06.exe+0x2c64>) modid:1
# 4 CLI::~CLI           [D:/CS/OOP/Assignment05-06/ui/cli.cpp:269] (0x004047d0 <Assignment05_06.exe+0x47d0>) modid:1
# 5 run                 [D:/CS/OOP/Assignment05-06/main.cpp:11] (0x004014da <Assignment05_06.exe+0x14da>) modid:1
# 6 main                [D:/CS/OOP/Assignment05-06/main.cpp:20] (0x00401566 <Assignment05_06.exe+0x1566>) modid:1
Note: @0:00:07.954 in thread 10916
Note: memory was allocated here:
Note: # 0 replace_operator_new_array [d:\drmemory_package\common\alloc_replace.c:2928] (0x73820f50 <drmemorylib.dll+0x20f50>) modid:5
Note: # 1 DynamicVector::operator= [D:/CS/OOP/Assignment05-06/repository/DynamicVector.cpp:32] (0x004016bb <Assignment05_06.exe+0x16bb>) modid:1
Note: # 2 Repository::Repository [D:/CS/OOP/Assignment05-06/repository/repository.cpp:6] (0x00401986 <Assignment05_06.exe+0x1986>) modid:1
Note: # 3 run                 [D:/CS/OOP/Assignment05-06/main.cpp:7] (0x0040147d <Assignment05_06.exe+0x147d>) modid:1
Note: # 4 main                [D:/CS/OOP/Assignment05-06/main.cpp:20] (0x00401566 <Assignment05_06.exe+0x1566>) modid:1
	error end

Error #4: UNADDRESSABLE ACCESS of freed memory: reading 0x037282c0-0x037282c4 4 byte(s)
# 0 DynamicVector::~DynamicVector [D:/CS/OOP/Assignment05-06/repository/DynamicVector.cpp:20] (0x00401646 <Assignment05_06.exe+0x1646>) modid:1
# 1 Repository::~Repository [D:/CS/OOP/Assignment05-06/repository/repository.cpp:59] (0x00401d6e <Assignment05_06.exe+0x1d6e>) modid:1
# 2 Controller::~Controller [D:/CS/OOP/Assignment05-06/controller/controller.cpp:68] (0x00402c64 <Assignment05_06.exe+0x2c64>) modid:1
# 3 CLI::~CLI           [D:/CS/OOP/Assignment05-06/ui/cli.cpp:269] (0x004047d0 <Assignment05_06.exe+0x47d0>) modid:1
# 4 run                 [D:/CS/OOP/Assignment05-06/main.cpp:11] (0x004014da <Assignment05_06.exe+0x14da>) modid:1
# 5 main                [D:/CS/OOP/Assignment05-06/main.cpp:20] (0x00401566 <Assignment05_06.exe+0x1566>) modid:1
Note: @0:00:07.954 in thread 10916
Note: next higher malloc: 0x037283c8-0x037283d0
Note: prev lower malloc:  0x037281c8-0x037282a0
Note: 0x037282c0-0x037282c4 overlaps memory 0x037282c0-0x037282cc that was freed here:
Note: # 0 replace_operator_delete_nothrow [d:\drmemory_package\common\alloc_replace.c:2974] (0x738210f0 <drmemorylib.dll+0x210f0>) modid:5
Note: # 1 Repository::~Repository [D:/CS/OOP/Assignment05-06/repository/repository.cpp:60] (0x00401d64 <Assignment05_06.exe+0x1d64>) modid:1
Note: # 2 Controller::~Controller [D:/CS/OOP/Assignment05-06/controller/controller.cpp:68] (0x00402c64 <Assignment05_06.exe+0x2c64>) modid:1
Note: # 3 CLI::~CLI           [D:/CS/OOP/Assignment05-06/ui/cli.cpp:269] (0x004047d0 <Assignment05_06.exe+0x47d0>) modid:1
Note: # 4 run                 [D:/CS/OOP/Assignment05-06/main.cpp:11] (0x004014da <Assignment05_06.exe+0x14da>) modid:1
Note: # 5 main                [D:/CS/OOP/Assignment05-06/main.cpp:20] (0x00401566 <Assignment05_06.exe+0x1566>) modid:1
Note: instruction: mov    (%eax) -> %eax
	error end

Error #5: INVALID HEAP ARGUMENT to free 0x03728380
# 0 replace_operator_delete_nothrow [d:\drmemory_package\common\alloc_replace.c:2974] (0x738210f0 <drmemorylib.dll+0x210f0>) modid:5
# 1 DynamicVector::~DynamicVector [D:/CS/OOP/Assignment05-06/repository/DynamicVector.cpp:20] (0x00401658 <Assignment05_06.exe+0x1658>) modid:1
# 2 Repository::~Repository [D:/CS/OOP/Assignment05-06/repository/repository.cpp:59] (0x00401d6e <Assignment05_06.exe+0x1d6e>) modid:1
# 3 Controller::~Controller [D:/CS/OOP/Assignment05-06/controller/controller.cpp:68] (0x00402c64 <Assignment05_06.exe+0x2c64>) modid:1
# 4 CLI::~CLI           [D:/CS/OOP/Assignment05-06/ui/cli.cpp:269] (0x004047d0 <Assignment05_06.exe+0x47d0>) modid:1
# 5 run                 [D:/CS/OOP/Assignment05-06/main.cpp:11] (0x004014da <Assignment05_06.exe+0x14da>) modid:1
# 6 main                [D:/CS/OOP/Assignment05-06/main.cpp:20] (0x00401566 <Assignment05_06.exe+0x1566>) modid:1
Note: @0:00:07.954 in thread 10916
Note: next higher malloc: 0x037283c8-0x037283d0
Note: prev lower malloc:  0x037281c8-0x037282a0
Note: memory was previously freed here:
Note: # 0 replace_operator_delete_nothrow [d:\drmemory_package\common\alloc_replace.c:2974] (0x738210f0 <drmemorylib.dll+0x210f0>) modid:5
Note: # 1 DynamicVector::~DynamicVector [D:/CS/OOP/Assignment05-06/repository/DynamicVector.cpp:20] (0x00401658 <Assignment05_06.exe+0x1658>) modid:1
Note: # 2 Repository::~Repository [D:/CS/OOP/Assignment05-06/repository/repository.cpp:60] (0x00401d54 <Assignment05_06.exe+0x1d54>) modid:1
Note: # 3 Controller::~Controller [D:/CS/OOP/Assignment05-06/controller/controller.cpp:68] (0x00402c64 <Assignment05_06.exe+0x2c64>) modid:1
Note: # 4 CLI::~CLI           [D:/CS/OOP/Assignment05-06/ui/cli.cpp:269] (0x004047d0 <Assignment05_06.exe+0x47d0>) modid:1
Note: # 5 run                 [D:/CS/OOP/Assignment05-06/main.cpp:11] (0x004014da <Assignment05_06.exe+0x14da>) modid:1
	error end

Error #6: INVALID HEAP ARGUMENT to free 0x037282c0
# 0 replace_operator_delete_nothrow [d:\drmemory_package\common\alloc_replace.c:2974] (0x738210f0 <drmemorylib.dll+0x210f0>) modid:5
# 1 Controller::~Controller [D:/CS/OOP/Assignment05-06/controller/controller.cpp:68] (0x00402c74 <Assignment05_06.exe+0x2c74>) modid:1
# 2 CLI::~CLI           [D:/CS/OOP/Assignment05-06/ui/cli.cpp:269] (0x004047d0 <Assignment05_06.exe+0x47d0>) modid:1
# 3 run                 [D:/CS/OOP/Assignment05-06/main.cpp:11] (0x004014da <Assignment05_06.exe+0x14da>) modid:1
# 4 main                [D:/CS/OOP/Assignment05-06/main.cpp:20] (0x00401566 <Assignment05_06.exe+0x1566>) modid:1
Note: @0:00:07.954 in thread 10916
Note: next higher malloc: 0x037283c8-0x037283d0
Note: prev lower malloc:  0x037281c8-0x037282a0
Note: memory was previously freed here:
Note: # 0 replace_operator_delete_nothrow [d:\drmemory_package\common\alloc_replace.c:2974] (0x738210f0 <drmemorylib.dll+0x210f0>) modid:5
Note: # 1 Repository::~Repository [D:/CS/OOP/Assignment05-06/repository/repository.cpp:60] (0x00401d64 <Assignment05_06.exe+0x1d64>) modid:1
Note: # 2 Controller::~Controller [D:/CS/OOP/Assignment05-06/controller/controller.cpp:68] (0x00402c64 <Assignment05_06.exe+0x2c64>) modid:1
Note: # 3 CLI::~CLI           [D:/CS/OOP/Assignment05-06/ui/cli.cpp:269] (0x004047d0 <Assignment05_06.exe+0x47d0>) modid:1
Note: # 4 run                 [D:/CS/OOP/Assignment05-06/main.cpp:11] (0x004014da <Assignment05_06.exe+0x14da>) modid:1
Note: # 5 main                [D:/CS/OOP/Assignment05-06/main.cpp:20] (0x00401566 <Assignment05_06.exe+0x1566>) modid:1
	error end

Error #7: LEAK 12 direct bytes 0x037283f0-0x037283fc + 40 indirect bytes
# 0 replace_operator_new [d:\drmemory_package\common\alloc_replace.c:2899] (0x73820db0 <drmemorylib.dll+0x20db0>) modid:5
# 1 Controller::Controller [D:/CS/OOP/Assignment05-06/controller/controller.cpp:6] (0x00401e73 <Assignment05_06.exe+0x1e73>) modid:1
# 2 run                 [D:/CS/OOP/Assignment05-06/main.cpp:8] (0x0040149b <Assignment05_06.exe+0x149b>) modid:1
# 3 main                [D:/CS/OOP/Assignment05-06/main.cpp:20] (0x00401566 <Assignment05_06.exe+0x1566>) modid:1
	error end

Error #8: LEAK 80 direct bytes 0x037284f8-0x03728548 + 0 indirect bytes
# 0 replace_operator_new [d:\drmemory_package\common\alloc_replace.c:2899] (0x73820db0 <drmemorylib.dll+0x20db0>) modid:5
# 1 Controller::populateRepo [D:/CS/OOP/Assignment05-06/controller/controller.cpp:12] (0x00401f74 <Assignment05_06.exe+0x1f74>) modid:1
# 2 Controller::Controller [D:/CS/OOP/Assignment05-06/controller/controller.cpp:7] (0x00401e8c <Assignment05_06.exe+0x1e8c>) modid:1
# 3 run                 [D:/CS/OOP/Assignment05-06/main.cpp:8] (0x0040149b <Assignment05_06.exe+0x149b>) modid:1
# 4 main                [D:/CS/OOP/Assignment05-06/main.cpp:20] (0x00401566 <Assignment05_06.exe+0x1566>) modid:1
	error end

Error #9: LEAK 80 direct bytes 0x037285a0-0x037285f0 + 31 indirect bytes
# 0 replace_operator_new [d:\drmemory_package\common\alloc_replace.c:2899] (0x73820db0 <drmemorylib.dll+0x20db0>) modid:5
# 1 Controller::populateRepo [D:/CS/OOP/Assignment05-06/controller/controller.cpp:14] (0x004020b8 <Assignment05_06.exe+0x20b8>) modid:1
# 2 Controller::Controller [D:/CS/OOP/Assignment05-06/controller/controller.cpp:7] (0x00401e8c <Assignment05_06.exe+0x1e8c>) modid:1
# 3 run                 [D:/CS/OOP/Assignment05-06/main.cpp:8] (0x0040149b <Assignment05_06.exe+0x149b>) modid:1
# 4 main                [D:/CS/OOP/Assignment05-06/main.cpp:20] (0x00401566 <Assignment05_06.exe+0x1566>) modid:1
	error end

Error #10: LEAK 80 direct bytes 0x03728688-0x037286d8 + 31 indirect bytes
# 0 replace_operator_new [d:\drmemory_package\common\alloc_replace.c:2899] (0x73820db0 <drmemorylib.dll+0x20db0>) modid:5
# 1 Controller::populateRepo [D:/CS/OOP/Assignment05-06/controller/controller.cpp:16] (0x004021fc <Assignment05_06.exe+0x21fc>) modid:1
# 2 Controller::Controller [D:/CS/OOP/Assignment05-06/controller/controller.cpp:7] (0x00401e8c <Assignment05_06.exe+0x1e8c>) modid:1
# 3 run                 [D:/CS/OOP/Assignment05-06/main.cpp:8] (0x0040149b <Assignment05_06.exe+0x149b>) modid:1
# 4 main                [D:/CS/OOP/Assignment05-06/main.cpp:20] (0x00401566 <Assignment05_06.exe+0x1566>) modid:1
	error end

Error #11: LEAK 80 direct bytes 0x03728738-0x03728788 + 0 indirect bytes
# 0 replace_operator_new [d:\drmemory_package\common\alloc_replace.c:2899] (0x73820db0 <drmemorylib.dll+0x20db0>) modid:5
# 1 Controller::populateRepo [D:/CS/OOP/Assignment05-06/controller/controller.cpp:18] (0x00402340 <Assignment05_06.exe+0x2340>) modid:1
# 2 Controller::Controller [D:/CS/OOP/Assignment05-06/controller/controller.cpp:7] (0x00401e8c <Assignment05_06.exe+0x1e8c>) modid:1
# 3 run                 [D:/CS/OOP/Assignment05-06/main.cpp:8] (0x0040149b <Assignment05_06.exe+0x149b>) modid:1
# 4 main                [D:/CS/OOP/Assignment05-06/main.cpp:20] (0x00401566 <Assignment05_06.exe+0x1566>) modid:1
	error end

Error #12: LEAK 80 direct bytes 0x037287a8-0x037287f8 + 0 indirect bytes
# 0 replace_operator_new [d:\drmemory_package\common\alloc_replace.c:2899] (0x73820db0 <drmemorylib.dll+0x20db0>) modid:5
# 1 Controller::populateRepo [D:/CS/OOP/Assignment05-06/controller/controller.cpp:20] (0x0040247e <Assignment05_06.exe+0x247e>) modid:1
# 2 Controller::Controller [D:/CS/OOP/Assignment05-06/controller/controller.cpp:7] (0x00401e8c <Assignment05_06.exe+0x1e8c>) modid:1
# 3 run                 [D:/CS/OOP/Assignment05-06/main.cpp:8] (0x0040149b <Assignment05_06.exe+0x149b>) modid:1
# 4 main                [D:/CS/OOP/Assignment05-06/main.cpp:20] (0x00401566 <Assignment05_06.exe+0x1566>) modid:1
	error end

Error #13: LEAK 80 direct bytes 0x03728818-0x03728868 + 0 indirect bytes
# 0 replace_operator_new [d:\drmemory_package\common\alloc_replace.c:2899] (0x73820db0 <drmemorylib.dll+0x20db0>) modid:5
# 1 Controller::populateRepo [D:/CS/OOP/Assignment05-06/controller/controller.cpp:22] (0x0040259b <Assignment05_06.exe+0x259b>) modid:1
# 2 Controller::Controller [D:/CS/OOP/Assignment05-06/controller/controller.cpp:7] (0x00401e8c <Assignment05_06.exe+0x1e8c>) modid:1
# 3 run                 [D:/CS/OOP/Assignment05-06/main.cpp:8] (0x0040149b <Assignment05_06.exe+0x149b>) modid:1
# 4 main                [D:/CS/OOP/Assignment05-06/main.cpp:20] (0x00401566 <Assignment05_06.exe+0x1566>) modid:1
	error end
WARNING: unable to load symbols for C:\WINDOWS\System32\KERNELBASE.dll

Potential Error #1: HANDLE LEAK: KERNEL handle 0x00000128 and 0 similar handle(s) were opened but not closed:
# 0 system call NtOpenKey
# 1 KERNELBASE.dll!IsValidCodePage (0x746229c9 <KERNELBASE.dll+0xf29c9>) modid:6
# 2 KERNELBASE.dll!IsValidLocale  (0x745fefe7 <KERNELBASE.dll+0xcefe7>) modid:6
# 3 KERNELBASE.dll!IsValidLocale  (0x745fee3c <KERNELBASE.dll+0xcee3c>) modid:6
# 4 msvcrt.dll!__get_qualified_locale (0x75d8e9bb <msvcrt.dll+0x5e9bb>) modid:7
# 5 msvcrt.dll!_expandlocale (0x75d854f9 <msvcrt.dll+0x554f9>) modid:7
# 6 msvcrt.dll!_setlocale_set_cat (0x75d85c03 <msvcrt.dll+0x55c03>) modid:7
# 7 msvcrt.dll!_setlocale_nolock (0x75d85939 <msvcrt.dll+0x55939>) modid:7
# 8 msvcrt.dll!setlocale  (0x75d86055 <msvcrt.dll+0x56055>) modid:7
# 9 __mingw_dirname     [D:/CS/OOP/Assignment05-06/repository/repository.cpp:71] (0x004098c1 <Assignment05_06.exe+0x98c1>) modid:1
#10 .text               [D:/CS/OOP/Assignment05-06/repository/repository.cpp:71] (0x00408ef4 <Assignment05_06.exe+0x8ef4>) modid:1
#11 __mingw_glob        [D:/CS/OOP/Assignment05-06/repository/repository.cpp:71] (0x00409772 <Assignment05_06.exe+0x9772>) modid:1
#12 _setargv            [D:/CS/OOP/Assignment05-06/repository/repository.cpp:71] (0x00407e36 <Assignment05_06.exe+0x7e36>) modid:1
#13 .text               [d:/cs/ides/mingw/lib/gcc/mingw32/6.3.0/include/c++/bits/basic_string.h:5062] (0x00401202 <Assignment05_06.exe+0x1202>) modid:1
#14 mainCRTStartup      [d:/cs/ides/mingw/lib/gcc/mingw32/6.3.0/include/c++/bits/basic_string.h:5062] (0x004012f5 <Assignment05_06.exe+0x12f5>) modid:1
#15 ntdll.dll!RtlGetAppContainerNamedObjectPath (0x77494a77 <ntdll.dll+0x64a77>) modid:9
#16 ntdll.dll!RtlGetAppContainerNamedObjectPath (0x77494a47 <ntdll.dll+0x64a47>) modid:9
Note: @0:00:08.063 in thread 10916
	error end

Potential Error #2: HANDLE LEAK: KERNEL handle 0x0000012c and 0 similar handle(s) were opened but not closed:
# 0 system call NtOpenKey
# 1 KERNELBASE.dll!IsValidCodePage (0x746229c9 <KERNELBASE.dll+0xf29c9>) modid:6
# 2 KERNELBASE.dll!IsValidLocale  (0x745ff037 <KERNELBASE.dll+0xcf037>) modid:6
# 3 KERNELBASE.dll!IsValidLocale  (0x745fee33 <KERNELBASE.dll+0xcee33>) modid:6
# 4 msvcrt.dll!__get_qualified_locale (0x75d8e9bb <msvcrt.dll+0x5e9bb>) modid:7
# 5 msvcrt.dll!_expandlocale (0x75d854f9 <msvcrt.dll+0x554f9>) modid:7
# 6 msvcrt.dll!_setlocale_set_cat (0x75d85c03 <msvcrt.dll+0x55c03>) modid:7
# 7 msvcrt.dll!_setlocale_nolock (0x75d85939 <msvcrt.dll+0x55939>) modid:7
# 8 msvcrt.dll!setlocale  (0x75d86055 <msvcrt.dll+0x56055>) modid:7
# 9 __mingw_dirname     [D:/CS/OOP/Assignment05-06/repository/repository.cpp:71] (0x004098c1 <Assignment05_06.exe+0x98c1>) modid:1
#10 .text               [D:/CS/OOP/Assignment05-06/repository/repository.cpp:71] (0x00408ef4 <Assignment05_06.exe+0x8ef4>) modid:1
#11 __mingw_glob        [D:/CS/OOP/Assignment05-06/repository/repository.cpp:71] (0x00409772 <Assignment05_06.exe+0x9772>) modid:1
#12 _setargv            [D:/CS/OOP/Assignment05-06/repository/repository.cpp:71] (0x00407e36 <Assignment05_06.exe+0x7e36>) modid:1
#13 .text               [d:/cs/ides/mingw/lib/gcc/mingw32/6.3.0/include/c++/bits/basic_string.h:5062] (0x00401202 <Assignment05_06.exe+0x1202>) modid:1
#14 mainCRTStartup      [d:/cs/ides/mingw/lib/gcc/mingw32/6.3.0/include/c++/bits/basic_string.h:5062] (0x004012f5 <Assignment05_06.exe+0x12f5>) modid:1
#15 ntdll.dll!RtlGetAppContainerNamedObjectPath (0x77494a77 <ntdll.dll+0x64a77>) modid:9
#16 ntdll.dll!RtlGetAppContainerNamedObjectPath (0x77494a47 <ntdll.dll+0x64a47>) modid:9
Note: @0:00:08.063 in thread 10916
	error end

Potential Error #3: HANDLE LEAK: KERNEL handle 0x00000138 and 0 similar handle(s) were opened but not closed:
# 0 system call NtOpenKey
# 1 KERNELBASE.dll!IsValidCodePage (0x746229c9 <KERNELBASE.dll+0xf29c9>) modid:6
# 2 KERNELBASE.dll!IsValidLocale  (0x745ff087 <KERNELBASE.dll+0xcf087>) modid:6
# 3 KERNELBASE.dll!IsValidLocale  (0x745fee2a <KERNELBASE.dll+0xcee2a>) modid:6
# 4 msvcrt.dll!__get_qualified_locale (0x75d8e9bb <msvcrt.dll+0x5e9bb>) modid:7
# 5 msvcrt.dll!_expandlocale (0x75d854f9 <msvcrt.dll+0x554f9>) modid:7
# 6 msvcrt.dll!_setlocale_set_cat (0x75d85c03 <msvcrt.dll+0x55c03>) modid:7
# 7 msvcrt.dll!_setlocale_nolock (0x75d85939 <msvcrt.dll+0x55939>) modid:7
# 8 msvcrt.dll!setlocale  (0x75d86055 <msvcrt.dll+0x56055>) modid:7
# 9 __mingw_dirname     [D:/CS/OOP/Assignment05-06/repository/repository.cpp:71] (0x004098c1 <Assignment05_06.exe+0x98c1>) modid:1
#10 .text               [D:/CS/OOP/Assignment05-06/repository/repository.cpp:71] (0x00408ef4 <Assignment05_06.exe+0x8ef4>) modid:1
#11 __mingw_glob        [D:/CS/OOP/Assignment05-06/repository/repository.cpp:71] (0x00409772 <Assignment05_06.exe+0x9772>) modid:1
#12 _setargv            [D:/CS/OOP/Assignment05-06/repository/repository.cpp:71] (0x00407e36 <Assignment05_06.exe+0x7e36>) modid:1
#13 .text               [d:/cs/ides/mingw/lib/gcc/mingw32/6.3.0/include/c++/bits/basic_string.h:5062] (0x00401202 <Assignment05_06.exe+0x1202>) modid:1
#14 mainCRTStartup      [d:/cs/ides/mingw/lib/gcc/mingw32/6.3.0/include/c++/bits/basic_string.h:5062] (0x004012f5 <Assignment05_06.exe+0x12f5>) modid:1
#15 ntdll.dll!RtlGetAppContainerNamedObjectPath (0x77494a77 <ntdll.dll+0x64a77>) modid:9
#16 ntdll.dll!RtlGetAppContainerNamedObjectPath (0x77494a47 <ntdll.dll+0x64a47>) modid:9
Note: @0:00:08.063 in thread 10916
	error end

DUPLICATE ERROR COUNTS:

SUPPRESSIONS USED:
	     1x: default i#1324 mingw runtime

ERRORS FOUND:
      1 unique,     1 total unaddressable access(es)
      0 unique,     0 total uninitialized access(es)
      5 unique,     5 total invalid heap argument(s)
      0 unique,     0 total GDI usage error(s)
      0 unique,     0 total handle leak(s)
      0 unique,     0 total warning(s)
      7 unique,     7 total,    594 byte(s) of leak(s)
      0 unique,     0 total,      0 byte(s) of possible leak(s)
ERRORS IGNORED:
      3 potential error(s) (suspected false positives)
         (details: D:\CS\OOP\Assignment05-06\Dr. Memory\drmemory\logs\DrMemory-Assignment05_06.exe.4176.000\potential_errors.txt)
     99 ignored assumed-innocuous system leak(s)
      6 unique,     6 total,   4450 byte(s) of still-reachable allocation(s)
         (re-run with "-show_reachable" for details)
Details: D:\CS\OOP\Assignment05-06\Dr. Memory\drmemory\logs\DrMemory-Assignment05_06.exe.4176.000\results.txt

DUPLICATE POTENTIAL ERROR COUNTS:

POTENTIAL ERRORS FOUND:
      0 unique,     0 total potential unaddressable access(es)
      0 unique,     0 total potential uninitialized access(es)
      0 unique,     0 total potential invalid heap argument(s)
      0 unique,     0 total potential GDI usage error(s)
      3 unique,     3 total potential handle leak(s)
      0 unique,     0 total potential warning(s)
      0 unique,     0 total,      0 byte(s) of potential leak(s)
      0 unique,     0 total,      0 byte(s) of potential possible leak(s)
Details: D:\CS\OOP\Assignment05-06\Dr. Memory\drmemory\logs\DrMemory-Assignment05_06.exe.4176.000\potential_errors.txt
Exiting @0:00:08.079 in thread 10916
LOG END
