Dr. Memory version 1.11.0 build 2 built on Aug 29 2016 02:42:07
start time: 3657280:17:30.898 == 16:17:30.898 03/22/2018
Recorded 115 suppression(s) from default D:\CS\OOP\Assignment03-04\Dr. Memory\bin\suppress-default.txt
Syscall mismatch detected.  Running on unknown kernel version!
new thread #0 id=2040

module load event: "Assignment03_04.exe" 0x00400000-0x00417000 modid: 1 D:\CS\OOP\Assignment03-04\cmake-build-debug-mingw\Assignment03_04.exe

module load event: "dynamorio.dll" 0x64310000-0x6446d000 modid: 2 D:\CS\OOP\Assignment03-04\Dr. Memory\dynamorio\lib32\release\dynamorio.dll

module load event: "drmemorylib.dll" 0x73800000-0x73a26000 modid: 3 D:\CS\OOP\Assignment03-04\Dr. Memory\bin\release\drmemorylib.dll

module load event: "msvcrt.dll" 0x74040000-0x740fd000 modid: 4 C:\WINDOWS\System32\msvcrt.dll
WARNING: new/delete has no local wrapper => disabling mismatch detection for msvcrt.dll
WARNING: new/delete has no local wrapper => disabling mismatch detection for msvcrt.dll
WARNING: new == new[] => disabling mismatch detection for msvcrt.dll
WARNING: new/delete has no local wrapper => disabling mismatch detection for msvcrt.dll
WARNING: new/delete has no local wrapper => disabling mismatch detection for msvcrt.dll
WARNING: new/delete has no local wrapper => disabling mismatch detection for msvcrt.dll

module load event: "KERNEL32.dll" 0x74330000-0x74400000 modid: 5 C:\WINDOWS\System32\KERNEL32.DLL

module load event: "KERNELBASE.dll" 0x74a80000-0x74c57000 modid: 6 C:\WINDOWS\System32\KERNELBASE.dll

module load event: "ntdll.dll" 0x773a0000-0x7752d000 modid: 7 C:\WINDOWS\SYSTEM32\ntdll.dll
WARNING: unable to load symbols for C:\WINDOWS\SYSTEM32\ntdll.dll
WARNING: unhandled system calls found

Error #1: LEAK 8 direct bytes 0x03284738-0x03284740 + 0 indirect bytes
# 0 replace_malloc  [d:\drmemory_package\common\alloc_replace.c:2576] (0x73820300 <drmemorylib.dll+0x20300>) modid:3
# 1 msvcrt.dll!_strdup    (0x740c56a9 <msvcrt.dll+0x856a9>) modid:4
# 2 start               [D:/CS/OOP/Assignment03-04/ui/cli.c:113] (0x00402520 <Assignment03_04.exe+0x2520>) modid:1
# 3 main                [D:/CS/OOP/Assignment03-04/main.c:4] (0x00401470 <Assignment03_04.exe+0x1470>) modid:1
	error end

Error #2: LEAK 5 direct bytes 0x03284760-0x03284765 + 0 indirect bytes
# 0 replace_malloc  [d:\drmemory_package\common\alloc_replace.c:2576] (0x73820300 <drmemorylib.dll+0x20300>) modid:3
# 1 msvcrt.dll!_strdup    (0x740c56a9 <msvcrt.dll+0x856a9>) modid:4
# 2 start               [D:/CS/OOP/Assignment03-04/ui/cli.c:116] (0x00402533 <Assignment03_04.exe+0x2533>) modid:1
# 3 main                [D:/CS/OOP/Assignment03-04/main.c:4] (0x00401470 <Assignment03_04.exe+0x1470>) modid:1
	error end
WARNING: unable to load symbols for C:\WINDOWS\System32\KERNELBASE.dll

NEW THREAD: main thread 2040


Potential Error #1: HANDLE LEAK: KERNEL handle 0x00000118 and 0 similar handle(s) were opened but not closed:
# 0 system call NtOpenKey
# 1 KERNELBASE.dll!IsValidCodePage (0x74b729c9 <KERNELBASE.dll+0xf29c9>) modid:6
# 2 KERNELBASE.dll!IsValidLocale  (0x74b4f087 <KERNELBASE.dll+0xcf087>) modid:6
# 3 KERNELBASE.dll!IsValidLocale  (0x74b4ee2a <KERNELBASE.dll+0xcee2a>) modid:6
# 4 msvcrt.dll!__get_qualified_locale (0x7409e9bb <msvcrt.dll+0x5e9bb>) modid:4
# 5 msvcrt.dll!_expandlocale (0x740954f9 <msvcrt.dll+0x554f9>) modid:4
# 6 msvcrt.dll!_setlocale_set_cat (0x74095c03 <msvcrt.dll+0x55c03>) modid:4
# 7 msvcrt.dll!_setlocale_nolock (0x74095939 <msvcrt.dll+0x55939>) modid:4
# 8 msvcrt.dll!setlocale  (0x74096055 <msvcrt.dll+0x56055>) modid:4
# 9 __mingw_dirname     [../../../src/gcc-6.3.0/libgcc/config/i386/cygwin.S:184] (0x00404d51 <Assignment03_04.exe+0x4d51>) modid:1
#10 .text               [../../../src/gcc-6.3.0/libgcc/config/i386/cygwin.S:184] (0x00404384 <Assignment03_04.exe+0x4384>) modid:1
#11 __mingw_glob        [../../../src/gcc-6.3.0/libgcc/config/i386/cygwin.S:184] (0x00404c02 <Assignment03_04.exe+0x4c02>) modid:1
#12 _setargv            [D:/CS/OOP/Assignment03-04/controller/undoController.c:91] (0x00403356 <Assignment03_04.exe+0x3356>) modid:1
#13 .text               (0x00401202 <Assignment03_04.exe+0x1202>) modid:1
#14 mainCRTStartup      (0x004012f5 <Assignment03_04.exe+0x12f5>) modid:1
#15 ntdll.dll!RtlGetAppContainerNamedObjectPath (0x77404a77 <ntdll.dll+0x64a77>) modid:7
#16 ntdll.dll!RtlGetAppContainerNamedObjectPath (0x77404a47 <ntdll.dll+0x64a47>) modid:7
Note: @0:00:11.102 in thread 2040
	error end

Potential Error #2: HANDLE LEAK: KERNEL handle 0x0000011c and 0 similar handle(s) were opened but not closed:
# 0 system call NtOpenKey
# 1 KERNELBASE.dll!IsValidCodePage (0x74b729c9 <KERNELBASE.dll+0xf29c9>) modid:6
# 2 KERNELBASE.dll!IsValidLocale  (0x74b4f037 <KERNELBASE.dll+0xcf037>) modid:6
# 3 KERNELBASE.dll!IsValidLocale  (0x74b4ee33 <KERNELBASE.dll+0xcee33>) modid:6
# 4 msvcrt.dll!__get_qualified_locale (0x7409e9bb <msvcrt.dll+0x5e9bb>) modid:4
# 5 msvcrt.dll!_expandlocale (0x740954f9 <msvcrt.dll+0x554f9>) modid:4
# 6 msvcrt.dll!_setlocale_set_cat (0x74095c03 <msvcrt.dll+0x55c03>) modid:4
# 7 msvcrt.dll!_setlocale_nolock (0x74095939 <msvcrt.dll+0x55939>) modid:4
# 8 msvcrt.dll!setlocale  (0x74096055 <msvcrt.dll+0x56055>) modid:4
# 9 __mingw_dirname     [../../../src/gcc-6.3.0/libgcc/config/i386/cygwin.S:184] (0x00404d51 <Assignment03_04.exe+0x4d51>) modid:1
#10 .text               [../../../src/gcc-6.3.0/libgcc/config/i386/cygwin.S:184] (0x00404384 <Assignment03_04.exe+0x4384>) modid:1
#11 __mingw_glob        [../../../src/gcc-6.3.0/libgcc/config/i386/cygwin.S:184] (0x00404c02 <Assignment03_04.exe+0x4c02>) modid:1
#12 _setargv            [D:/CS/OOP/Assignment03-04/controller/undoController.c:91] (0x00403356 <Assignment03_04.exe+0x3356>) modid:1
#13 .text               (0x00401202 <Assignment03_04.exe+0x1202>) modid:1
#14 mainCRTStartup      (0x004012f5 <Assignment03_04.exe+0x12f5>) modid:1
#15 ntdll.dll!RtlGetAppContainerNamedObjectPath (0x77404a77 <ntdll.dll+0x64a77>) modid:7
#16 ntdll.dll!RtlGetAppContainerNamedObjectPath (0x77404a47 <ntdll.dll+0x64a47>) modid:7
Note: @0:00:11.102 in thread 2040
	error end

Potential Error #3: HANDLE LEAK: KERNEL handle 0x00000120 and 0 similar handle(s) were opened but not closed:
# 0 system call NtOpenKey
# 1 KERNELBASE.dll!IsValidCodePage (0x74b729c9 <KERNELBASE.dll+0xf29c9>) modid:6
# 2 KERNELBASE.dll!IsValidLocale  (0x74b4efe7 <KERNELBASE.dll+0xcefe7>) modid:6
# 3 KERNELBASE.dll!IsValidLocale  (0x74b4ee3c <KERNELBASE.dll+0xcee3c>) modid:6
# 4 msvcrt.dll!__get_qualified_locale (0x7409e9bb <msvcrt.dll+0x5e9bb>) modid:4
# 5 msvcrt.dll!_expandlocale (0x740954f9 <msvcrt.dll+0x554f9>) modid:4
# 6 msvcrt.dll!_setlocale_set_cat (0x74095c03 <msvcrt.dll+0x55c03>) modid:4
# 7 msvcrt.dll!_setlocale_nolock (0x74095939 <msvcrt.dll+0x55939>) modid:4
# 8 msvcrt.dll!setlocale  (0x74096055 <msvcrt.dll+0x56055>) modid:4
# 9 __mingw_dirname     [../../../src/gcc-6.3.0/libgcc/config/i386/cygwin.S:184] (0x00404d51 <Assignment03_04.exe+0x4d51>) modid:1
#10 .text               [../../../src/gcc-6.3.0/libgcc/config/i386/cygwin.S:184] (0x00404384 <Assignment03_04.exe+0x4384>) modid:1
#11 __mingw_glob        [../../../src/gcc-6.3.0/libgcc/config/i386/cygwin.S:184] (0x00404c02 <Assignment03_04.exe+0x4c02>) modid:1
#12 _setargv            [D:/CS/OOP/Assignment03-04/controller/undoController.c:91] (0x00403356 <Assignment03_04.exe+0x3356>) modid:1
#13 .text               (0x00401202 <Assignment03_04.exe+0x1202>) modid:1
#14 mainCRTStartup      (0x004012f5 <Assignment03_04.exe+0x12f5>) modid:1
#15 ntdll.dll!RtlGetAppContainerNamedObjectPath (0x77404a77 <ntdll.dll+0x64a77>) modid:7
#16 ntdll.dll!RtlGetAppContainerNamedObjectPath (0x77404a47 <ntdll.dll+0x64a47>) modid:7
Note: @0:00:11.102 in thread 2040
	error end

DUPLICATE ERROR COUNTS:

SUPPRESSIONS USED:
	     1x: default i#1324 mingw runtime

ERRORS FOUND:
      0 unique,     0 total unaddressable access(es)
      0 unique,     0 total uninitialized access(es)
      0 unique,     0 total invalid heap argument(s)
      0 unique,     0 total GDI usage error(s)
      0 unique,     0 total handle leak(s)
      0 unique,     0 total warning(s)
      2 unique,     2 total,     13 byte(s) of leak(s)
      0 unique,     0 total,      0 byte(s) of possible leak(s)
ERRORS IGNORED:
      3 potential error(s) (suspected false positives)
         (details: D:\CS\OOP\Assignment03-04\Dr. Memory\drmemory\logs\DrMemory-Assignment03_04.exe.2568.000\potential_errors.txt)
     75 ignored assumed-innocuous system leak(s)
      7 unique,     7 total,   4856 byte(s) of still-reachable allocation(s)
         (re-run with "-show_reachable" for details)
Details: D:\CS\OOP\Assignment03-04\Dr. Memory\drmemory\logs\DrMemory-Assignment03_04.exe.2568.000\results.txt

DUPLICATE POTENTIAL ERROR COUNTS:

POTENTIAL ERRORS FOUND:
      0 unique,     0 total potential unaddressable access(es)
      0 unique,     0 total potential uninitialized access(es)
      0 unique,     0 total potential invalid heap argument(s)
      0 unique,     0 total potential GDI usage error(s)
      3 unique,     3 total potential handle leak(s)
      0 unique,     0 total potential warning(s)
      0 unique,     0 total,      0 byte(s) of potential leak(s)
      0 unique,     0 total,      0 byte(s) of potential possible leak(s)
Details: D:\CS\OOP\Assignment03-04\Dr. Memory\drmemory\logs\DrMemory-Assignment03_04.exe.2568.000\potential_errors.txt
Exiting @0:00:11.123 in thread 2040
LOG END
