Dr. Memory version 1.11.0 build 2 built on Aug 29 2016 02:42:07
start time: 3657569:10:42.012 == 17:10:42.012 04/03/2018
Recorded 115 suppression(s) from default D:\CS\OOP\Assignment05-06\Dr. Memory\bin\suppress-default.txt
Syscall mismatch detected.  Running on unknown kernel version!
new thread #0 id=860

module load event: "Assignment05_06.exe" 0x00400000-0x0047b000 modid: 1 D:\CS\OOP\Assignment05-06\cmake-build-mingw\Assignment05_06.exe
WARNING: assuming operator delete is non-placement in Assignment05_06.exe @0x0040616c
WARNING: assuming operator delete[] is non-placement in Assignment05_06.exe @0x00406174

module load event: "dynamorio.dll" 0x5dab0000-0x5dc0d000 modid: 2 D:\CS\OOP\Assignment05-06\Dr. Memory\dynamorio\lib32\release\dynamorio.dll

module load event: "libgcc_s_dw2-1.dll" 0x6eb40000-0x6ec1d000 modid: 3 D:\CS\IDEs\MinGW\bin\libgcc_s_dw2-1.dll

module load event: "libstdc++-6.dll" 0x6fe40000-0x6ffb4000 modid: 4 D:\CS\IDEs\MinGW\bin\libstdc++-6.dll

module load event: "drmemorylib.dll" 0x73800000-0x73a26000 modid: 5 D:\CS\OOP\Assignment05-06\Dr. Memory\bin\release\drmemorylib.dll

module load event: "KERNELBASE.dll" 0x74530000-0x74707000 modid: 6 C:\WINDOWS\System32\KERNELBASE.dll

module load event: "msvcrt.dll" 0x75d30000-0x75ded000 modid: 7 C:\WINDOWS\System32\msvcrt.dll
WARNING: new/delete has no local wrapper => disabling mismatch detection for msvcrt.dll
WARNING: new/delete has no local wrapper => disabling mismatch detection for msvcrt.dll
WARNING: new == new[] => disabling mismatch detection for msvcrt.dll
WARNING: new/delete has no local wrapper => disabling mismatch detection for msvcrt.dll
WARNING: new/delete has no local wrapper => disabling mismatch detection for msvcrt.dll
WARNING: new/delete has no local wrapper => disabling mismatch detection for msvcrt.dll

module load event: "KERNEL32.dll" 0x76a80000-0x76b50000 modid: 8 C:\WINDOWS\System32\KERNEL32.DLL

module load event: "ntdll.dll" 0x77430000-0x775bd000 modid: 9 C:\WINDOWS\SYSTEM32\ntdll.dll
WARNING: unable to load symbols for C:\WINDOWS\SYSTEM32\ntdll.dll
WARNING: unhandled system calls found

NEW THREAD: main thread 860


Error #1: UNADDRESSABLE ACCESS of freed memory: reading 0x037482c0-0x037482c4 4 byte(s)
# 0 DynamicVector::~DynamicVector [D:/CS/OOP/Assignment05-06/repository/DynamicVector.cpp:25] (0x00401642 <Assignment05_06.exe+0x1642>) modid:1
# 1 Repository::~Repository [D:/CS/OOP/Assignment05-06/repository/repository.cpp:59] (0x00401d6a <Assignment05_06.exe+0x1d6a>) modid:1
# 2 Controller::~Controller [D:/CS/OOP/Assignment05-06/controller/controller.cpp:54] (0x00402b44 <Assignment05_06.exe+0x2b44>) modid:1
# 3 CLI::~CLI           [D:/CS/OOP/Assignment05-06/ui/cli.cpp:188] (0x00403aa6 <Assignment05_06.exe+0x3aa6>) modid:1
# 4 run                 [D:/CS/OOP/Assignment05-06/main.cpp:11] (0x004014da <Assignment05_06.exe+0x14da>) modid:1
# 5 main                [D:/CS/OOP/Assignment05-06/main.cpp:20] (0x00401566 <Assignment05_06.exe+0x1566>) modid:1
Note: @0:00:02.344 in thread 860
Note: next higher malloc: 0x037483c8-0x037483cc
Note: prev lower malloc:  0x037481c8-0x037482a0
Note: 0x037482c0-0x037482c4 overlaps memory 0x037482c0-0x037482cc that was freed here:
Note: # 0 replace_operator_delete_nothrow [d:\drmemory_package\common\alloc_replace.c:2974] (0x738210f0 <drmemorylib.dll+0x210f0>) modid:5
Note: # 1 Repository::~Repository [D:/CS/OOP/Assignment05-06/repository/repository.cpp:60] (0x00401d60 <Assignment05_06.exe+0x1d60>) modid:1
Note: # 2 Controller::~Controller [D:/CS/OOP/Assignment05-06/controller/controller.cpp:54] (0x00402b44 <Assignment05_06.exe+0x2b44>) modid:1
Note: # 3 CLI::~CLI           [D:/CS/OOP/Assignment05-06/ui/cli.cpp:188] (0x00403aa6 <Assignment05_06.exe+0x3aa6>) modid:1
Note: # 4 run                 [D:/CS/OOP/Assignment05-06/main.cpp:11] (0x004014da <Assignment05_06.exe+0x14da>) modid:1
Note: # 5 main                [D:/CS/OOP/Assignment05-06/main.cpp:20] (0x00401566 <Assignment05_06.exe+0x1566>) modid:1
Note: instruction: mov    (%eax) -> %eax
	error end

Error #2: UNADDRESSABLE ACCESS of freed memory: reading 0x037482c0-0x037482c4 4 byte(s)
# 0 DynamicVector::~DynamicVector [D:/CS/OOP/Assignment05-06/repository/DynamicVector.cpp:25] (0x0040164b <Assignment05_06.exe+0x164b>) modid:1
# 1 Repository::~Repository [D:/CS/OOP/Assignment05-06/repository/repository.cpp:59] (0x00401d6a <Assignment05_06.exe+0x1d6a>) modid:1
# 2 Controller::~Controller [D:/CS/OOP/Assignment05-06/controller/controller.cpp:54] (0x00402b44 <Assignment05_06.exe+0x2b44>) modid:1
# 3 CLI::~CLI           [D:/CS/OOP/Assignment05-06/ui/cli.cpp:188] (0x00403aa6 <Assignment05_06.exe+0x3aa6>) modid:1
# 4 run                 [D:/CS/OOP/Assignment05-06/main.cpp:11] (0x004014da <Assignment05_06.exe+0x14da>) modid:1
# 5 main                [D:/CS/OOP/Assignment05-06/main.cpp:20] (0x00401566 <Assignment05_06.exe+0x1566>) modid:1
Note: @0:00:02.360 in thread 860
Note: next higher malloc: 0x037483c8-0x037483cc
Note: prev lower malloc:  0x037481c8-0x037482a0
Note: 0x037482c0-0x037482c4 overlaps memory 0x037482c0-0x037482cc that was freed here:
Note: # 0 replace_operator_delete_nothrow [d:\drmemory_package\common\alloc_replace.c:2974] (0x738210f0 <drmemorylib.dll+0x210f0>) modid:5
Note: # 1 Repository::~Repository [D:/CS/OOP/Assignment05-06/repository/repository.cpp:60] (0x00401d60 <Assignment05_06.exe+0x1d60>) modid:1
Note: # 2 Controller::~Controller [D:/CS/OOP/Assignment05-06/controller/controller.cpp:54] (0x00402b44 <Assignment05_06.exe+0x2b44>) modid:1
Note: # 3 CLI::~CLI           [D:/CS/OOP/Assignment05-06/ui/cli.cpp:188] (0x00403aa6 <Assignment05_06.exe+0x3aa6>) modid:1
Note: # 4 run                 [D:/CS/OOP/Assignment05-06/main.cpp:11] (0x004014da <Assignment05_06.exe+0x14da>) modid:1
Note: # 5 main                [D:/CS/OOP/Assignment05-06/main.cpp:20] (0x00401566 <Assignment05_06.exe+0x1566>) modid:1
Note: instruction: mov    (%eax) -> %eax
	error end

Error #3: INVALID HEAP ARGUMENT to free 0x03748380
# 0 replace_operator_delete_array [d:\drmemory_package\common\alloc_replace.c:2998] (0x738211e0 <drmemorylib.dll+0x211e0>) modid:5
# 1 DynamicVector::~DynamicVector [D:/CS/OOP/Assignment05-06/repository/DynamicVector.cpp:25] (0x00401655 <Assignment05_06.exe+0x1655>) modid:1
# 2 Repository::~Repository [D:/CS/OOP/Assignment05-06/repository/repository.cpp:59] (0x00401d6a <Assignment05_06.exe+0x1d6a>) modid:1
# 3 Controller::~Controller [D:/CS/OOP/Assignment05-06/controller/controller.cpp:54] (0x00402b44 <Assignment05_06.exe+0x2b44>) modid:1
# 4 CLI::~CLI           [D:/CS/OOP/Assignment05-06/ui/cli.cpp:188] (0x00403aa6 <Assignment05_06.exe+0x3aa6>) modid:1
# 5 run                 [D:/CS/OOP/Assignment05-06/main.cpp:11] (0x004014da <Assignment05_06.exe+0x14da>) modid:1
# 6 main                [D:/CS/OOP/Assignment05-06/main.cpp:20] (0x00401566 <Assignment05_06.exe+0x1566>) modid:1
Note: @0:00:02.360 in thread 860
Note: next higher malloc: 0x037483c8-0x037483cc
Note: prev lower malloc:  0x037481c8-0x037482a0
Note: memory was previously freed here:
Note: # 0 replace_operator_delete_array [d:\drmemory_package\common\alloc_replace.c:2998] (0x738211e0 <drmemorylib.dll+0x211e0>) modid:5
Note: # 1 DynamicVector::~DynamicVector [D:/CS/OOP/Assignment05-06/repository/DynamicVector.cpp:25] (0x00401655 <Assignment05_06.exe+0x1655>) modid:1
Note: # 2 Repository::~Repository [D:/CS/OOP/Assignment05-06/repository/repository.cpp:60] (0x00401d50 <Assignment05_06.exe+0x1d50>) modid:1
Note: # 3 Controller::~Controller [D:/CS/OOP/Assignment05-06/controller/controller.cpp:54] (0x00402b44 <Assignment05_06.exe+0x2b44>) modid:1
Note: # 4 CLI::~CLI           [D:/CS/OOP/Assignment05-06/ui/cli.cpp:188] (0x00403aa6 <Assignment05_06.exe+0x3aa6>) modid:1
Note: # 5 run                 [D:/CS/OOP/Assignment05-06/main.cpp:11] (0x004014da <Assignment05_06.exe+0x14da>) modid:1
	error end

Error #4: INVALID HEAP ARGUMENT to free 0x037482c0
# 0 replace_operator_delete_nothrow [d:\drmemory_package\common\alloc_replace.c:2974] (0x738210f0 <drmemorylib.dll+0x210f0>) modid:5
# 1 Controller::~Controller [D:/CS/OOP/Assignment05-06/controller/controller.cpp:54] (0x00402b54 <Assignment05_06.exe+0x2b54>) modid:1
# 2 CLI::~CLI           [D:/CS/OOP/Assignment05-06/ui/cli.cpp:188] (0x00403aa6 <Assignment05_06.exe+0x3aa6>) modid:1
# 3 run                 [D:/CS/OOP/Assignment05-06/main.cpp:11] (0x004014da <Assignment05_06.exe+0x14da>) modid:1
# 4 main                [D:/CS/OOP/Assignment05-06/main.cpp:20] (0x00401566 <Assignment05_06.exe+0x1566>) modid:1
Note: @0:00:02.360 in thread 860
Note: next higher malloc: 0x037483c8-0x037483cc
Note: prev lower malloc:  0x037481c8-0x037482a0
Note: memory was previously freed here:
Note: # 0 replace_operator_delete_nothrow [d:\drmemory_package\common\alloc_replace.c:2974] (0x738210f0 <drmemorylib.dll+0x210f0>) modid:5
Note: # 1 Repository::~Repository [D:/CS/OOP/Assignment05-06/repository/repository.cpp:60] (0x00401d60 <Assignment05_06.exe+0x1d60>) modid:1
Note: # 2 Controller::~Controller [D:/CS/OOP/Assignment05-06/controller/controller.cpp:54] (0x00402b44 <Assignment05_06.exe+0x2b44>) modid:1
Note: # 3 CLI::~CLI           [D:/CS/OOP/Assignment05-06/ui/cli.cpp:188] (0x00403aa6 <Assignment05_06.exe+0x3aa6>) modid:1
Note: # 4 run                 [D:/CS/OOP/Assignment05-06/main.cpp:11] (0x004014da <Assignment05_06.exe+0x14da>) modid:1
Note: # 5 main                [D:/CS/OOP/Assignment05-06/main.cpp:20] (0x00401566 <Assignment05_06.exe+0x1566>) modid:1
	error end

Error #5: LEAK 80 direct bytes 0x037483f0-0x03748440 + 0 indirect bytes
# 0 replace_operator_new [d:\drmemory_package\common\alloc_replace.c:2899] (0x73820db0 <drmemorylib.dll+0x20db0>) modid:5
# 1 Controller::populateRepo [D:/CS/OOP/Assignment05-06/controller/controller.cpp:11] (0x00401e54 <Assignment05_06.exe+0x1e54>) modid:1
# 2 Controller::Controller [D:/CS/OOP/Assignment05-06/controller/controller.cpp:6] (0x00401d8f <Assignment05_06.exe+0x1d8f>) modid:1
# 3 run                 [D:/CS/OOP/Assignment05-06/main.cpp:8] (0x0040149b <Assignment05_06.exe+0x149b>) modid:1
# 4 main                [D:/CS/OOP/Assignment05-06/main.cpp:20] (0x00401566 <Assignment05_06.exe+0x1566>) modid:1
	error end

Error #6: LEAK 80 direct bytes 0x03748498-0x037484e8 + 31 indirect bytes
# 0 replace_operator_new [d:\drmemory_package\common\alloc_replace.c:2899] (0x73820db0 <drmemorylib.dll+0x20db0>) modid:5
# 1 Controller::populateRepo [D:/CS/OOP/Assignment05-06/controller/controller.cpp:13] (0x00401f98 <Assignment05_06.exe+0x1f98>) modid:1
# 2 Controller::Controller [D:/CS/OOP/Assignment05-06/controller/controller.cpp:6] (0x00401d8f <Assignment05_06.exe+0x1d8f>) modid:1
# 3 run                 [D:/CS/OOP/Assignment05-06/main.cpp:8] (0x0040149b <Assignment05_06.exe+0x149b>) modid:1
# 4 main                [D:/CS/OOP/Assignment05-06/main.cpp:20] (0x00401566 <Assignment05_06.exe+0x1566>) modid:1
	error end

Error #7: LEAK 80 direct bytes 0x03748580-0x037485d0 + 31 indirect bytes
# 0 replace_operator_new [d:\drmemory_package\common\alloc_replace.c:2899] (0x73820db0 <drmemorylib.dll+0x20db0>) modid:5
# 1 Controller::populateRepo [D:/CS/OOP/Assignment05-06/controller/controller.cpp:15] (0x004020dc <Assignment05_06.exe+0x20dc>) modid:1
# 2 Controller::Controller [D:/CS/OOP/Assignment05-06/controller/controller.cpp:6] (0x00401d8f <Assignment05_06.exe+0x1d8f>) modid:1
# 3 run                 [D:/CS/OOP/Assignment05-06/main.cpp:8] (0x0040149b <Assignment05_06.exe+0x149b>) modid:1
# 4 main                [D:/CS/OOP/Assignment05-06/main.cpp:20] (0x00401566 <Assignment05_06.exe+0x1566>) modid:1
	error end

Error #8: LEAK 80 direct bytes 0x03748630-0x03748680 + 0 indirect bytes
# 0 replace_operator_new [d:\drmemory_package\common\alloc_replace.c:2899] (0x73820db0 <drmemorylib.dll+0x20db0>) modid:5
# 1 Controller::populateRepo [D:/CS/OOP/Assignment05-06/controller/controller.cpp:17] (0x00402220 <Assignment05_06.exe+0x2220>) modid:1
# 2 Controller::Controller [D:/CS/OOP/Assignment05-06/controller/controller.cpp:6] (0x00401d8f <Assignment05_06.exe+0x1d8f>) modid:1
# 3 run                 [D:/CS/OOP/Assignment05-06/main.cpp:8] (0x0040149b <Assignment05_06.exe+0x149b>) modid:1
# 4 main                [D:/CS/OOP/Assignment05-06/main.cpp:20] (0x00401566 <Assignment05_06.exe+0x1566>) modid:1
	error end

Error #9: LEAK 80 direct bytes 0x037486a0-0x037486f0 + 0 indirect bytes
# 0 replace_operator_new [d:\drmemory_package\common\alloc_replace.c:2899] (0x73820db0 <drmemorylib.dll+0x20db0>) modid:5
# 1 Controller::populateRepo [D:/CS/OOP/Assignment05-06/controller/controller.cpp:19] (0x0040235e <Assignment05_06.exe+0x235e>) modid:1
# 2 Controller::Controller [D:/CS/OOP/Assignment05-06/controller/controller.cpp:6] (0x00401d8f <Assignment05_06.exe+0x1d8f>) modid:1
# 3 run                 [D:/CS/OOP/Assignment05-06/main.cpp:8] (0x0040149b <Assignment05_06.exe+0x149b>) modid:1
# 4 main                [D:/CS/OOP/Assignment05-06/main.cpp:20] (0x00401566 <Assignment05_06.exe+0x1566>) modid:1
	error end

Error #10: LEAK 80 direct bytes 0x03748710-0x03748760 + 0 indirect bytes
# 0 replace_operator_new [d:\drmemory_package\common\alloc_replace.c:2899] (0x73820db0 <drmemorylib.dll+0x20db0>) modid:5
# 1 Controller::populateRepo [D:/CS/OOP/Assignment05-06/controller/controller.cpp:21] (0x0040247b <Assignment05_06.exe+0x247b>) modid:1
# 2 Controller::Controller [D:/CS/OOP/Assignment05-06/controller/controller.cpp:6] (0x00401d8f <Assignment05_06.exe+0x1d8f>) modid:1
# 3 run                 [D:/CS/OOP/Assignment05-06/main.cpp:8] (0x0040149b <Assignment05_06.exe+0x149b>) modid:1
# 4 main                [D:/CS/OOP/Assignment05-06/main.cpp:20] (0x00401566 <Assignment05_06.exe+0x1566>) modid:1
	error end
WARNING: unable to load symbols for C:\WINDOWS\System32\KERNELBASE.dll

Potential Error #1: HANDLE LEAK: KERNEL handle 0x00000138 and 0 similar handle(s) were opened but not closed:
# 0 system call NtOpenKey
# 1 KERNELBASE.dll!IsValidCodePage (0x746229c9 <KERNELBASE.dll+0xf29c9>) modid:6
# 2 KERNELBASE.dll!IsValidLocale  (0x745ff037 <KERNELBASE.dll+0xcf037>) modid:6
# 3 KERNELBASE.dll!IsValidLocale  (0x745fee33 <KERNELBASE.dll+0xcee33>) modid:6
# 4 msvcrt.dll!__get_qualified_locale (0x75d8e9bb <msvcrt.dll+0x5e9bb>) modid:7
# 5 msvcrt.dll!_expandlocale (0x75d854f9 <msvcrt.dll+0x554f9>) modid:7
# 6 msvcrt.dll!_setlocale_set_cat (0x75d85c03 <msvcrt.dll+0x55c03>) modid:7
# 7 msvcrt.dll!_setlocale_nolock (0x75d85939 <msvcrt.dll+0x55939>) modid:7
# 8 msvcrt.dll!setlocale  (0x75d86055 <msvcrt.dll+0x56055>) modid:7
# 9 __mingw_dirname     [D:/CS/OOP/Assignment05-06/repository/repository.cpp:61] (0x00408021 <Assignment05_06.exe+0x8021>) modid:1
#10 .text               [D:/CS/OOP/Assignment05-06/repository/repository.cpp:61] (0x00407654 <Assignment05_06.exe+0x7654>) modid:1
#11 __mingw_glob        [D:/CS/OOP/Assignment05-06/repository/repository.cpp:61] (0x00407ed2 <Assignment05_06.exe+0x7ed2>) modid:1
#12 _setargv            [D:/CS/OOP/Assignment05-06/repository/repository.cpp:61] (0x00406596 <Assignment05_06.exe+0x6596>) modid:1
#13 .text               [d:/cs/ides/mingw/lib/gcc/mingw32/6.3.0/include/c++/bits/basic_string.h:5062] (0x00401202 <Assignment05_06.exe+0x1202>) modid:1
#14 mainCRTStartup      [d:/cs/ides/mingw/lib/gcc/mingw32/6.3.0/include/c++/bits/basic_string.h:5062] (0x004012f5 <Assignment05_06.exe+0x12f5>) modid:1
#15 ntdll.dll!RtlGetAppContainerNamedObjectPath (0x77494a77 <ntdll.dll+0x64a77>) modid:9
#16 ntdll.dll!RtlGetAppContainerNamedObjectPath (0x77494a47 <ntdll.dll+0x64a47>) modid:9
Note: @0:00:02.470 in thread 860
	error end

Potential Error #2: HANDLE LEAK: KERNEL handle 0x0000013c and 0 similar handle(s) were opened but not closed:
# 0 system call NtOpenKey
# 1 KERNELBASE.dll!IsValidCodePage (0x746229c9 <KERNELBASE.dll+0xf29c9>) modid:6
# 2 KERNELBASE.dll!IsValidLocale  (0x745ff087 <KERNELBASE.dll+0xcf087>) modid:6
# 3 KERNELBASE.dll!IsValidLocale  (0x745fee2a <KERNELBASE.dll+0xcee2a>) modid:6
# 4 msvcrt.dll!__get_qualified_locale (0x75d8e9bb <msvcrt.dll+0x5e9bb>) modid:7
# 5 msvcrt.dll!_expandlocale (0x75d854f9 <msvcrt.dll+0x554f9>) modid:7
# 6 msvcrt.dll!_setlocale_set_cat (0x75d85c03 <msvcrt.dll+0x55c03>) modid:7
# 7 msvcrt.dll!_setlocale_nolock (0x75d85939 <msvcrt.dll+0x55939>) modid:7
# 8 msvcrt.dll!setlocale  (0x75d86055 <msvcrt.dll+0x56055>) modid:7
# 9 __mingw_dirname     [D:/CS/OOP/Assignment05-06/repository/repository.cpp:61] (0x00408021 <Assignment05_06.exe+0x8021>) modid:1
#10 .text               [D:/CS/OOP/Assignment05-06/repository/repository.cpp:61] (0x00407654 <Assignment05_06.exe+0x7654>) modid:1
#11 __mingw_glob        [D:/CS/OOP/Assignment05-06/repository/repository.cpp:61] (0x00407ed2 <Assignment05_06.exe+0x7ed2>) modid:1
#12 _setargv            [D:/CS/OOP/Assignment05-06/repository/repository.cpp:61] (0x00406596 <Assignment05_06.exe+0x6596>) modid:1
#13 .text               [d:/cs/ides/mingw/lib/gcc/mingw32/6.3.0/include/c++/bits/basic_string.h:5062] (0x00401202 <Assignment05_06.exe+0x1202>) modid:1
#14 mainCRTStartup      [d:/cs/ides/mingw/lib/gcc/mingw32/6.3.0/include/c++/bits/basic_string.h:5062] (0x004012f5 <Assignment05_06.exe+0x12f5>) modid:1
#15 ntdll.dll!RtlGetAppContainerNamedObjectPath (0x77494a77 <ntdll.dll+0x64a77>) modid:9
#16 ntdll.dll!RtlGetAppContainerNamedObjectPath (0x77494a47 <ntdll.dll+0x64a47>) modid:9
Note: @0:00:02.470 in thread 860
	error end

Potential Error #3: HANDLE LEAK: KERNEL handle 0x00000140 and 0 similar handle(s) were opened but not closed:
# 0 system call NtOpenKey
# 1 KERNELBASE.dll!IsValidCodePage (0x746229c9 <KERNELBASE.dll+0xf29c9>) modid:6
# 2 KERNELBASE.dll!IsValidLocale  (0x745fefe7 <KERNELBASE.dll+0xcefe7>) modid:6
# 3 KERNELBASE.dll!IsValidLocale  (0x745fee3c <KERNELBASE.dll+0xcee3c>) modid:6
# 4 msvcrt.dll!__get_qualified_locale (0x75d8e9bb <msvcrt.dll+0x5e9bb>) modid:7
# 5 msvcrt.dll!_expandlocale (0x75d854f9 <msvcrt.dll+0x554f9>) modid:7
# 6 msvcrt.dll!_setlocale_set_cat (0x75d85c03 <msvcrt.dll+0x55c03>) modid:7
# 7 msvcrt.dll!_setlocale_nolock (0x75d85939 <msvcrt.dll+0x55939>) modid:7
# 8 msvcrt.dll!setlocale  (0x75d86055 <msvcrt.dll+0x56055>) modid:7
# 9 __mingw_dirname     [D:/CS/OOP/Assignment05-06/repository/repository.cpp:61] (0x00408021 <Assignment05_06.exe+0x8021>) modid:1
#10 .text               [D:/CS/OOP/Assignment05-06/repository/repository.cpp:61] (0x00407654 <Assignment05_06.exe+0x7654>) modid:1
#11 __mingw_glob        [D:/CS/OOP/Assignment05-06/repository/repository.cpp:61] (0x00407ed2 <Assignment05_06.exe+0x7ed2>) modid:1
#12 _setargv            [D:/CS/OOP/Assignment05-06/repository/repository.cpp:61] (0x00406596 <Assignment05_06.exe+0x6596>) modid:1
#13 .text               [d:/cs/ides/mingw/lib/gcc/mingw32/6.3.0/include/c++/bits/basic_string.h:5062] (0x00401202 <Assignment05_06.exe+0x1202>) modid:1
#14 mainCRTStartup      [d:/cs/ides/mingw/lib/gcc/mingw32/6.3.0/include/c++/bits/basic_string.h:5062] (0x004012f5 <Assignment05_06.exe+0x12f5>) modid:1
#15 ntdll.dll!RtlGetAppContainerNamedObjectPath (0x77494a77 <ntdll.dll+0x64a77>) modid:9
#16 ntdll.dll!RtlGetAppContainerNamedObjectPath (0x77494a47 <ntdll.dll+0x64a47>) modid:9
Note: @0:00:02.470 in thread 860
	error end

DUPLICATE ERROR COUNTS:

SUPPRESSIONS USED:
	     1x: default i#1324 mingw runtime

ERRORS FOUND:
      2 unique,     2 total unaddressable access(es)
      0 unique,     0 total uninitialized access(es)
      2 unique,     2 total invalid heap argument(s)
      0 unique,     0 total GDI usage error(s)
      0 unique,     0 total handle leak(s)
      0 unique,     0 total warning(s)
      6 unique,     6 total,    542 byte(s) of leak(s)
      0 unique,     0 total,      0 byte(s) of possible leak(s)
ERRORS IGNORED:
      3 potential error(s) (suspected false positives)
         (details: D:\CS\OOP\Assignment05-06\Dr. Memory\drmemory\logs\DrMemory-Assignment05_06.exe.6732.000\potential_errors.txt)
     99 ignored assumed-innocuous system leak(s)
      6 unique,     6 total,   4450 byte(s) of still-reachable allocation(s)
         (re-run with "-show_reachable" for details)
Details: D:\CS\OOP\Assignment05-06\Dr. Memory\drmemory\logs\DrMemory-Assignment05_06.exe.6732.000\results.txt

DUPLICATE POTENTIAL ERROR COUNTS:

POTENTIAL ERRORS FOUND:
      0 unique,     0 total potential unaddressable access(es)
      0 unique,     0 total potential uninitialized access(es)
      0 unique,     0 total potential invalid heap argument(s)
      0 unique,     0 total potential GDI usage error(s)
      3 unique,     3 total potential handle leak(s)
      0 unique,     0 total potential warning(s)
      0 unique,     0 total,      0 byte(s) of potential leak(s)
      0 unique,     0 total,      0 byte(s) of potential possible leak(s)
Details: D:\CS\OOP\Assignment05-06\Dr. Memory\drmemory\logs\DrMemory-Assignment05_06.exe.6732.000\potential_errors.txt
Exiting @0:00:02.485 in thread 860
LOG END
