Dr. Memory version 1.11.0 build 2 built on Aug 29 2016 02:42:07
start time: 3657523:54:54.877 == 19:54:54.877 04/01/2018
Recorded 115 suppression(s) from default D:\CS\OOP\Assignment05-06\Dr. Memory\bin\suppress-default.txt
Syscall mismatch detected.  Running on unknown kernel version!
new thread #0 id=4880

module load event: "Assignment05_06.exe" 0x00400000-0x0041f000 modid: 1 D:\CS\OOP\Assignment05-06\cmake-build-mingw\Assignment05_06.exe
WARNING: assuming operator delete is non-placement in Assignment05_06.exe @0x00402f84

module load event: "dynamorio.dll" 0x6db20000-0x6dc7d000 modid: 2 D:\CS\OOP\Assignment05-06\Dr. Memory\dynamorio\lib32\release\dynamorio.dll

module load event: "libgcc_s_dw2-1.dll" 0x6eb40000-0x6ec1d000 modid: 3 D:\CS\IDEs\MinGW\bin\libgcc_s_dw2-1.dll

module load event: "libstdc++-6.dll" 0x6fe40000-0x6ffb4000 modid: 4 D:\CS\IDEs\MinGW\bin\libstdc++-6.dll

module load event: "drmemorylib.dll" 0x73800000-0x73a26000 modid: 5 D:\CS\OOP\Assignment05-06\Dr. Memory\bin\release\drmemorylib.dll

module load event: "KERNEL32.dll" 0x755f0000-0x756c0000 modid: 6 C:\WINDOWS\System32\KERNEL32.DLL

module load event: "msvcrt.dll" 0x75870000-0x7592d000 modid: 7 C:\WINDOWS\System32\msvcrt.dll
WARNING: new/delete has no local wrapper => disabling mismatch detection for msvcrt.dll
WARNING: new/delete has no local wrapper => disabling mismatch detection for msvcrt.dll
WARNING: new == new[] => disabling mismatch detection for msvcrt.dll
WARNING: new/delete has no local wrapper => disabling mismatch detection for msvcrt.dll
WARNING: new/delete has no local wrapper => disabling mismatch detection for msvcrt.dll
WARNING: new/delete has no local wrapper => disabling mismatch detection for msvcrt.dll

module load event: "KERNELBASE.dll" 0x75a00000-0x75bd7000 modid: 8 C:\WINDOWS\System32\KERNELBASE.dll

module load event: "ntdll.dll" 0x77630000-0x777bd000 modid: 9 C:\WINDOWS\SYSTEM32\ntdll.dll
WARNING: unable to load symbols for C:\WINDOWS\SYSTEM32\ntdll.dll
WARNING: unhandled system calls found

Error #1: LEAK 20 direct bytes 0x03690ec0-0x03690ed4 + 150 indirect bytes
# 0 replace_operator_new [d:\drmemory_package\common\alloc_replace.c:2899] (0x73820db0 <drmemorylib.dll+0x20db0>) modid:5
# 1 Test::testDomain    [D:/CS/OOP/Assignment05-06/tests/test.cpp:14] (0x00402450 <Assignment05_06.exe+0x2450>) modid:1
# 2 Test::test          [D:/CS/OOP/Assignment05-06/tests/test.cpp:82] (0x00402ee1 <Assignment05_06.exe+0x2ee1>) modid:1
# 3 test                [D:/CS/OOP/Assignment05-06/main.cpp:14] (0x00401534 <Assignment05_06.exe+0x1534>) modid:1
# 4 main                [D:/CS/OOP/Assignment05-06/main.cpp:18] (0x00401547 <Assignment05_06.exe+0x1547>) modid:1
	error end
WARNING: unable to load symbols for C:\WINDOWS\System32\KERNELBASE.dll

NEW THREAD: main thread 4880


Potential Error #1: HANDLE LEAK: KERNEL handle 0x00000128 and 0 similar handle(s) were opened but not closed:
# 0 system call NtOpenKey
# 1 KERNELBASE.dll!IsValidCodePage (0x75af29c9 <KERNELBASE.dll+0xf29c9>) modid:8
# 2 KERNELBASE.dll!IsValidLocale  (0x75acf037 <KERNELBASE.dll+0xcf037>) modid:8
# 3 KERNELBASE.dll!IsValidLocale  (0x75acee33 <KERNELBASE.dll+0xcee33>) modid:8
# 4 msvcrt.dll!__get_qualified_locale (0x758ce9bb <msvcrt.dll+0x5e9bb>) modid:7
# 5 msvcrt.dll!_expandlocale (0x758c54f9 <msvcrt.dll+0x554f9>) modid:7
# 6 msvcrt.dll!_setlocale_set_cat (0x758c5c03 <msvcrt.dll+0x55c03>) modid:7
# 7 msvcrt.dll!_setlocale_nolock (0x758c5939 <msvcrt.dll+0x55939>) modid:7
# 8 msvcrt.dll!setlocale  (0x758c6055 <msvcrt.dll+0x56055>) modid:7
# 9 __mingw_dirname     [../../../src/gcc-6.3.0/libgcc/config/i386/cygwin.S:184] (0x00404ca1 <Assignment05_06.exe+0x4ca1>) modid:1
#10 .text               [../../../src/gcc-6.3.0/libgcc/config/i386/cygwin.S:184] (0x004042d4 <Assignment05_06.exe+0x42d4>) modid:1
#11 __mingw_glob        [../../../src/gcc-6.3.0/libgcc/config/i386/cygwin.S:184] (0x00404b52 <Assignment05_06.exe+0x4b52>) modid:1
#12 _setargv            [D:/CS/OOP/Assignment05-06/Validator/Validator.cpp:25] (0x00403296 <Assignment05_06.exe+0x3296>) modid:1
#13 .text               (0x00401202 <Assignment05_06.exe+0x1202>) modid:1
#14 mainCRTStartup      (0x004012f5 <Assignment05_06.exe+0x12f5>) modid:1
#15 ntdll.dll!RtlGetAppContainerNamedObjectPath (0x77694a77 <ntdll.dll+0x64a77>) modid:9
#16 ntdll.dll!RtlGetAppContainerNamedObjectPath (0x77694a47 <ntdll.dll+0x64a47>) modid:9
Note: @0:00:00.625 in thread 4880
	error end

Potential Error #2: HANDLE LEAK: KERNEL handle 0x0000012c and 0 similar handle(s) were opened but not closed:
# 0 system call NtOpenKey
# 1 KERNELBASE.dll!IsValidCodePage (0x75af29c9 <KERNELBASE.dll+0xf29c9>) modid:8
# 2 KERNELBASE.dll!IsValidLocale  (0x75acf087 <KERNELBASE.dll+0xcf087>) modid:8
# 3 KERNELBASE.dll!IsValidLocale  (0x75acee2a <KERNELBASE.dll+0xcee2a>) modid:8
# 4 msvcrt.dll!__get_qualified_locale (0x758ce9bb <msvcrt.dll+0x5e9bb>) modid:7
# 5 msvcrt.dll!_expandlocale (0x758c54f9 <msvcrt.dll+0x554f9>) modid:7
# 6 msvcrt.dll!_setlocale_set_cat (0x758c5c03 <msvcrt.dll+0x55c03>) modid:7
# 7 msvcrt.dll!_setlocale_nolock (0x758c5939 <msvcrt.dll+0x55939>) modid:7
# 8 msvcrt.dll!setlocale  (0x758c6055 <msvcrt.dll+0x56055>) modid:7
# 9 __mingw_dirname     [../../../src/gcc-6.3.0/libgcc/config/i386/cygwin.S:184] (0x00404ca1 <Assignment05_06.exe+0x4ca1>) modid:1
#10 .text               [../../../src/gcc-6.3.0/libgcc/config/i386/cygwin.S:184] (0x004042d4 <Assignment05_06.exe+0x42d4>) modid:1
#11 __mingw_glob        [../../../src/gcc-6.3.0/libgcc/config/i386/cygwin.S:184] (0x00404b52 <Assignment05_06.exe+0x4b52>) modid:1
#12 _setargv            [D:/CS/OOP/Assignment05-06/Validator/Validator.cpp:25] (0x00403296 <Assignment05_06.exe+0x3296>) modid:1
#13 .text               (0x00401202 <Assignment05_06.exe+0x1202>) modid:1
#14 mainCRTStartup      (0x004012f5 <Assignment05_06.exe+0x12f5>) modid:1
#15 ntdll.dll!RtlGetAppContainerNamedObjectPath (0x77694a77 <ntdll.dll+0x64a77>) modid:9
#16 ntdll.dll!RtlGetAppContainerNamedObjectPath (0x77694a47 <ntdll.dll+0x64a47>) modid:9
Note: @0:00:00.625 in thread 4880
	error end

Potential Error #3: HANDLE LEAK: KERNEL handle 0x00000130 and 0 similar handle(s) were opened but not closed:
# 0 system call NtOpenKey
# 1 KERNELBASE.dll!IsValidCodePage (0x75af29c9 <KERNELBASE.dll+0xf29c9>) modid:8
# 2 KERNELBASE.dll!IsValidLocale  (0x75acefe7 <KERNELBASE.dll+0xcefe7>) modid:8
# 3 KERNELBASE.dll!IsValidLocale  (0x75acee3c <KERNELBASE.dll+0xcee3c>) modid:8
# 4 msvcrt.dll!__get_qualified_locale (0x758ce9bb <msvcrt.dll+0x5e9bb>) modid:7
# 5 msvcrt.dll!_expandlocale (0x758c54f9 <msvcrt.dll+0x554f9>) modid:7
# 6 msvcrt.dll!_setlocale_set_cat (0x758c5c03 <msvcrt.dll+0x55c03>) modid:7
# 7 msvcrt.dll!_setlocale_nolock (0x758c5939 <msvcrt.dll+0x55939>) modid:7
# 8 msvcrt.dll!setlocale  (0x758c6055 <msvcrt.dll+0x56055>) modid:7
# 9 __mingw_dirname     [../../../src/gcc-6.3.0/libgcc/config/i386/cygwin.S:184] (0x00404ca1 <Assignment05_06.exe+0x4ca1>) modid:1
#10 .text               [../../../src/gcc-6.3.0/libgcc/config/i386/cygwin.S:184] (0x004042d4 <Assignment05_06.exe+0x42d4>) modid:1
#11 __mingw_glob        [../../../src/gcc-6.3.0/libgcc/config/i386/cygwin.S:184] (0x00404b52 <Assignment05_06.exe+0x4b52>) modid:1
#12 _setargv            [D:/CS/OOP/Assignment05-06/Validator/Validator.cpp:25] (0x00403296 <Assignment05_06.exe+0x3296>) modid:1
#13 .text               (0x00401202 <Assignment05_06.exe+0x1202>) modid:1
#14 mainCRTStartup      (0x004012f5 <Assignment05_06.exe+0x12f5>) modid:1
#15 ntdll.dll!RtlGetAppContainerNamedObjectPath (0x77694a77 <ntdll.dll+0x64a77>) modid:9
#16 ntdll.dll!RtlGetAppContainerNamedObjectPath (0x77694a47 <ntdll.dll+0x64a47>) modid:9
Note: @0:00:00.625 in thread 4880
	error end

DUPLICATE ERROR COUNTS:

SUPPRESSIONS USED:
	     1x: default i#1324 mingw runtime

ERRORS FOUND:
      0 unique,     0 total unaddressable access(es)
      0 unique,     0 total uninitialized access(es)
      0 unique,     0 total invalid heap argument(s)
      0 unique,     0 total GDI usage error(s)
      0 unique,     0 total handle leak(s)
      0 unique,     0 total warning(s)
      1 unique,     1 total,    170 byte(s) of leak(s)
      0 unique,     0 total,      0 byte(s) of possible leak(s)
ERRORS IGNORED:
      3 potential error(s) (suspected false positives)
         (details: D:\CS\OOP\Assignment05-06\Dr. Memory\drmemory\logs\DrMemory-Assignment05_06.exe.5328.000\potential_errors.txt)
     99 ignored assumed-innocuous system leak(s)
      5 unique,     5 total,    354 byte(s) of still-reachable allocation(s)
         (re-run with "-show_reachable" for details)
Details: D:\CS\OOP\Assignment05-06\Dr. Memory\drmemory\logs\DrMemory-Assignment05_06.exe.5328.000\results.txt

DUPLICATE POTENTIAL ERROR COUNTS:

POTENTIAL ERRORS FOUND:
      0 unique,     0 total potential unaddressable access(es)
      0 unique,     0 total potential uninitialized access(es)
      0 unique,     0 total potential invalid heap argument(s)
      0 unique,     0 total potential GDI usage error(s)
      3 unique,     3 total potential handle leak(s)
      0 unique,     0 total potential warning(s)
      0 unique,     0 total,      0 byte(s) of potential leak(s)
      0 unique,     0 total,      0 byte(s) of potential possible leak(s)
Details: D:\CS\OOP\Assignment05-06\Dr. Memory\drmemory\logs\DrMemory-Assignment05_06.exe.5328.000\potential_errors.txt
Exiting @0:00:00.625 in thread 4880
LOG END
