Dr. Memory version 1.11.0 build 2 built on Aug 29 2016 02:42:07
start time: 3657400:24:14.961 == 16:24:14.961 03/27/2018
Recorded 115 suppression(s) from default D:\CS\OOP\Assignment03-04\Dr. Memory\bin\suppress-default.txt
Syscall mismatch detected.  Running on unknown kernel version!
new thread #0 id=9520

module load event: "Assignment03_04.exe" 0x00400000-0x00417000 modid: 1 D:\CS\OOP\Assignment03-04\cmake-build-debug-mingw\Assignment03_04.exe

module load event: "dynamorio.dll" 0x563c0000-0x5651d000 modid: 2 D:\CS\OOP\Assignment03-04\Dr. Memory\dynamorio\lib32\release\dynamorio.dll

module load event: "drmemorylib.dll" 0x73800000-0x73a26000 modid: 3 D:\CS\OOP\Assignment03-04\Dr. Memory\bin\release\drmemorylib.dll

module load event: "KERNELBASE.dll" 0x75ac0000-0x75c82000 modid: 4 C:\Windows\System32\KERNELBASE.dll

module load event: "KERNEL32.dll" 0x75f40000-0x76010000 modid: 5 C:\Windows\System32\KERNEL32.DLL

module load event: "msvcrt.dll" 0x764a0000-0x7655d000 modid: 6 C:\Windows\System32\msvcrt.dll
WARNING: new/delete has no local wrapper => disabling mismatch detection for msvcrt.dll
WARNING: new/delete has no local wrapper => disabling mismatch detection for msvcrt.dll
WARNING: new == new[] => disabling mismatch detection for msvcrt.dll
WARNING: new/delete has no local wrapper => disabling mismatch detection for msvcrt.dll
WARNING: new/delete has no local wrapper => disabling mismatch detection for msvcrt.dll
WARNING: new/delete has no local wrapper => disabling mismatch detection for msvcrt.dll

module load event: "ntdll.dll" 0x77c80000-0x77e0e000 modid: 7 C:\Windows\SYSTEM32\ntdll.dll
WARNING: unable to load symbols for C:\Windows\SYSTEM32\ntdll.dll
WARNING: unhandled system calls found
new thread #1 id=12668
new thread #2 id=8480
