Dr. Memory version 1.11.0 build 2 built on Aug 29 2016 02:42:07
start time: 3657437:36:03.095 == 05:36:03.095 03/29/2018
Recorded 115 suppression(s) from default D:\CS\OOP\Assignment03-04\Dr. Memory\bin\suppress-default.txt
Syscall mismatch detected.  Running on unknown kernel version!
new thread #0 id=2308

module load event: "Assignment03_04.exe" 0x00400000-0x00417000 modid: 1 D:\CS\OOP\Assignment03-04\cmake-build-debug-mingw\Assignment03_04.exe

module load event: "dynamorio.dll" 0x5a290000-0x5a3ed000 modid: 2 D:\CS\OOP\Assignment03-04\Dr. Memory\dynamorio\lib32\release\dynamorio.dll

module load event: "drmemorylib.dll" 0x73800000-0x73a26000 modid: 3 D:\CS\OOP\Assignment03-04\Dr. Memory\bin\release\drmemorylib.dll

module load event: "KERNEL32.dll" 0x75730000-0x75800000 modid: 4 C:\WINDOWS\System32\KERNEL32.DLL

module load event: "msvcrt.dll" 0x75800000-0x758bd000 modid: 5 C:\WINDOWS\System32\msvcrt.dll
WARNING: new/delete has no local wrapper => disabling mismatch detection for msvcrt.dll
WARNING: new/delete has no local wrapper => disabling mismatch detection for msvcrt.dll
WARNING: new == new[] => disabling mismatch detection for msvcrt.dll
WARNING: new/delete has no local wrapper => disabling mismatch detection for msvcrt.dll
WARNING: new/delete has no local wrapper => disabling mismatch detection for msvcrt.dll
WARNING: new/delete has no local wrapper => disabling mismatch detection for msvcrt.dll

module load event: "KERNELBASE.dll" 0x771a0000-0x77377000 modid: 6 C:\WINDOWS\System32\KERNELBASE.dll

module load event: "ntdll.dll" 0x77380000-0x7750d000 modid: 7 C:\WINDOWS\SYSTEM32\ntdll.dll
WARNING: unable to load symbols for C:\WINDOWS\SYSTEM32\ntdll.dll
WARNING: unhandled system calls found

NEW THREAD: main thread 2308


Error #1: UNINITIALIZED READ: reading register ecx
# 0 replace_strcmp  [d:\drmemory_package\drmemory\replace.c:494] (0x73897621 <drmemorylib.dll+0x97621>) modid:3
# 1 getInput            [D:/CS/OOP/Assignment03-04/ui/cli.c:15] (0x004023b4 <Assignment03_04.exe+0x23b4>) modid:1
# 2 start               [D:/CS/OOP/Assignment03-04/ui/cli.c:103] (0x004025f9 <Assignment03_04.exe+0x25f9>) modid:1
# 3 main                [D:/CS/OOP/Assignment03-04/main.c:4] (0x00401470 <Assignment03_04.exe+0x1470>) modid:1
Note: @0:00:47.868 in thread 2308
Note: instruction: test   %ecx %ecx
	error end

Error #2: UNINITIALIZED READ: reading register edx
# 0 msvcrt.dll!strtok     (0x75888dba <msvcrt.dll+0x88dba>) modid:5
# 1 getInput            [D:/CS/OOP/Assignment03-04/ui/cli.c:18] (0x004023d2 <Assignment03_04.exe+0x23d2>) modid:1
# 2 start               [D:/CS/OOP/Assignment03-04/ui/cli.c:103] (0x004025f9 <Assignment03_04.exe+0x25f9>) modid:1
# 3 main                [D:/CS/OOP/Assignment03-04/main.c:4] (0x00401470 <Assignment03_04.exe+0x1470>) modid:1
Note: @0:00:47.868 in thread 2308
Note: instruction: test   0xffffffdc(%ebp,%edx) %al
	error end

Error #3: UNINITIALIZED READ: reading register bl
# 0 msvcrt.dll!strtok     (0x75888da3 <msvcrt.dll+0x88da3>) modid:5
# 1 getInput            [D:/CS/OOP/Assignment03-04/ui/cli.c:18] (0x004023d2 <Assignment03_04.exe+0x23d2>) modid:1
# 2 start               [D:/CS/OOP/Assignment03-04/ui/cli.c:103] (0x004025f9 <Assignment03_04.exe+0x25f9>) modid:1
# 3 main                [D:/CS/OOP/Assignment03-04/main.c:4] (0x00401470 <Assignment03_04.exe+0x1470>) modid:1
Note: @0:00:47.868 in thread 2308
Note: instruction: test   %bl %bl
	error end

Error #4: UNINITIALIZED READ: reading 0x03284630-0x03284631 1 byte(s)
# 0 msvcrt.dll!strtok     (0x75888ddc <msvcrt.dll+0x88ddc>) modid:5
# 1 getInput            [D:/CS/OOP/Assignment03-04/ui/cli.c:18] (0x004023d2 <Assignment03_04.exe+0x23d2>) modid:1
# 2 start               [D:/CS/OOP/Assignment03-04/ui/cli.c:103] (0x004025f9 <Assignment03_04.exe+0x25f9>) modid:1
# 3 main                [D:/CS/OOP/Assignment03-04/main.c:4] (0x00401470 <Assignment03_04.exe+0x1470>) modid:1
Note: @0:00:47.868 in thread 2308
Note: instruction: cmp    (%esi) $0x00
	error end

Error #5: UNADDRESSABLE ACCESS: reading 0x00000000-0x00000001 1 byte(s)
# 0 replace_strcmp  [d:\drmemory_package\drmemory\replace.c:494] (0x7389761e <drmemorylib.dll+0x9761e>) modid:3
# 1 start               [D:/CS/OOP/Assignment03-04/ui/cli.c:109] (0x00402632 <Assignment03_04.exe+0x2632>) modid:1
# 2 main                [D:/CS/OOP/Assignment03-04/main.c:4] (0x00401470 <Assignment03_04.exe+0x1470>) modid:1
Note: @0:00:47.868 in thread 2308
Note: instruction: movzx  (%eax) -> %ecx
	error end

Error #6: LEAK 40 direct bytes 0x032846b8-0x032846e0 + 0 indirect bytes
# 0 replace_malloc  [d:\drmemory_package\common\alloc_replace.c:2576] (0x73820300 <drmemorylib.dll+0x20300>) modid:3
# 1 getParams           [D:/CS/OOP/Assignment03-04/ui/cli.c:43] (0x00402458 <Assignment03_04.exe+0x2458>) modid:1
# 2 start               [D:/CS/OOP/Assignment03-04/ui/cli.c:107] (0x0040261c <Assignment03_04.exe+0x261c>) modid:1
# 3 main                [D:/CS/OOP/Assignment03-04/main.c:4] (0x00401470 <Assignment03_04.exe+0x1470>) modid:1
	error end
WARNING: unable to load symbols for C:\WINDOWS\System32\KERNELBASE.dll

Potential Error #1: HANDLE LEAK: KERNEL handle 0x00000108 and 0 similar handle(s) were opened but not closed:
# 0 system call NtOpenKey
# 1 KERNELBASE.dll!IsValidCodePage (0x772929c9 <KERNELBASE.dll+0xf29c9>) modid:6
# 2 KERNELBASE.dll!IsValidLocale  (0x7726f087 <KERNELBASE.dll+0xcf087>) modid:6
# 3 KERNELBASE.dll!IsValidLocale  (0x7726ee2a <KERNELBASE.dll+0xcee2a>) modid:6
# 4 msvcrt.dll!__get_qualified_locale (0x7585e9bb <msvcrt.dll+0x5e9bb>) modid:5
# 5 msvcrt.dll!_expandlocale (0x758554f9 <msvcrt.dll+0x554f9>) modid:5
# 6 msvcrt.dll!_setlocale_set_cat (0x75855c03 <msvcrt.dll+0x55c03>) modid:5
# 7 msvcrt.dll!_setlocale_nolock (0x75855939 <msvcrt.dll+0x55939>) modid:5
# 8 msvcrt.dll!setlocale  (0x75856055 <msvcrt.dll+0x56055>) modid:5
# 9 __mingw_dirname     [../../../src/gcc-6.3.0/libgcc/config/i386/cygwin.S:184] (0x004052c1 <Assignment03_04.exe+0x52c1>) modid:1
#10 .text               [../../../src/gcc-6.3.0/libgcc/config/i386/cygwin.S:184] (0x004048f4 <Assignment03_04.exe+0x48f4>) modid:1
#11 __mingw_glob        [../../../src/gcc-6.3.0/libgcc/config/i386/cygwin.S:184] (0x00405172 <Assignment03_04.exe+0x5172>) modid:1
#12 _setargv            [D:/CS/OOP/Assignment03-04/controller/undoController.c:142] (0x004038c6 <Assignment03_04.exe+0x38c6>) modid:1
#13 .text               (0x00401202 <Assignment03_04.exe+0x1202>) modid:1
#14 mainCRTStartup      (0x004012f5 <Assignment03_04.exe+0x12f5>) modid:1
#15 ntdll.dll!RtlGetAppContainerNamedObjectPath (0x773e4a77 <ntdll.dll+0x64a77>) modid:7
#16 ntdll.dll!RtlGetAppContainerNamedObjectPath (0x773e4a47 <ntdll.dll+0x64a47>) modid:7
Note: @0:00:47.933 in thread 2308
	error end

Potential Error #2: HANDLE LEAK: KERNEL handle 0x00000110 and 0 similar handle(s) were opened but not closed:
# 0 system call NtOpenKey
# 1 KERNELBASE.dll!IsValidCodePage (0x772929c9 <KERNELBASE.dll+0xf29c9>) modid:6
# 2 KERNELBASE.dll!IsValidLocale  (0x7726f037 <KERNELBASE.dll+0xcf037>) modid:6
# 3 KERNELBASE.dll!IsValidLocale  (0x7726ee33 <KERNELBASE.dll+0xcee33>) modid:6
# 4 msvcrt.dll!__get_qualified_locale (0x7585e9bb <msvcrt.dll+0x5e9bb>) modid:5
# 5 msvcrt.dll!_expandlocale (0x758554f9 <msvcrt.dll+0x554f9>) modid:5
# 6 msvcrt.dll!_setlocale_set_cat (0x75855c03 <msvcrt.dll+0x55c03>) modid:5
# 7 msvcrt.dll!_setlocale_nolock (0x75855939 <msvcrt.dll+0x55939>) modid:5
# 8 msvcrt.dll!setlocale  (0x75856055 <msvcrt.dll+0x56055>) modid:5
# 9 __mingw_dirname     [../../../src/gcc-6.3.0/libgcc/config/i386/cygwin.S:184] (0x004052c1 <Assignment03_04.exe+0x52c1>) modid:1
#10 .text               [../../../src/gcc-6.3.0/libgcc/config/i386/cygwin.S:184] (0x004048f4 <Assignment03_04.exe+0x48f4>) modid:1
#11 __mingw_glob        [../../../src/gcc-6.3.0/libgcc/config/i386/cygwin.S:184] (0x00405172 <Assignment03_04.exe+0x5172>) modid:1
#12 _setargv            [D:/CS/OOP/Assignment03-04/controller/undoController.c:142] (0x004038c6 <Assignment03_04.exe+0x38c6>) modid:1
#13 .text               (0x00401202 <Assignment03_04.exe+0x1202>) modid:1
#14 mainCRTStartup      (0x004012f5 <Assignment03_04.exe+0x12f5>) modid:1
#15 ntdll.dll!RtlGetAppContainerNamedObjectPath (0x773e4a77 <ntdll.dll+0x64a77>) modid:7
#16 ntdll.dll!RtlGetAppContainerNamedObjectPath (0x773e4a47 <ntdll.dll+0x64a47>) modid:7
Note: @0:00:47.933 in thread 2308
	error end

Potential Error #3: HANDLE LEAK: KERNEL handle 0x00000114 and 0 similar handle(s) were opened but not closed:
# 0 system call NtOpenKey
# 1 KERNELBASE.dll!IsValidCodePage (0x772929c9 <KERNELBASE.dll+0xf29c9>) modid:6
# 2 KERNELBASE.dll!IsValidLocale  (0x7726efe7 <KERNELBASE.dll+0xcefe7>) modid:6
# 3 KERNELBASE.dll!IsValidLocale  (0x7726ee3c <KERNELBASE.dll+0xcee3c>) modid:6
# 4 msvcrt.dll!__get_qualified_locale (0x7585e9bb <msvcrt.dll+0x5e9bb>) modid:5
# 5 msvcrt.dll!_expandlocale (0x758554f9 <msvcrt.dll+0x554f9>) modid:5
# 6 msvcrt.dll!_setlocale_set_cat (0x75855c03 <msvcrt.dll+0x55c03>) modid:5
# 7 msvcrt.dll!_setlocale_nolock (0x75855939 <msvcrt.dll+0x55939>) modid:5
# 8 msvcrt.dll!setlocale  (0x75856055 <msvcrt.dll+0x56055>) modid:5
# 9 __mingw_dirname     [../../../src/gcc-6.3.0/libgcc/config/i386/cygwin.S:184] (0x004052c1 <Assignment03_04.exe+0x52c1>) modid:1
#10 .text               [../../../src/gcc-6.3.0/libgcc/config/i386/cygwin.S:184] (0x004048f4 <Assignment03_04.exe+0x48f4>) modid:1
#11 __mingw_glob        [../../../src/gcc-6.3.0/libgcc/config/i386/cygwin.S:184] (0x00405172 <Assignment03_04.exe+0x5172>) modid:1
#12 _setargv            [D:/CS/OOP/Assignment03-04/controller/undoController.c:142] (0x004038c6 <Assignment03_04.exe+0x38c6>) modid:1
#13 .text               (0x00401202 <Assignment03_04.exe+0x1202>) modid:1
#14 mainCRTStartup      (0x004012f5 <Assignment03_04.exe+0x12f5>) modid:1
#15 ntdll.dll!RtlGetAppContainerNamedObjectPath (0x773e4a77 <ntdll.dll+0x64a77>) modid:7
#16 ntdll.dll!RtlGetAppContainerNamedObjectPath (0x773e4a47 <ntdll.dll+0x64a47>) modid:7
Note: @0:00:47.933 in thread 2308
	error end

DUPLICATE ERROR COUNTS:

SUPPRESSIONS USED:
	     1x: default i#1324 mingw runtime

ERRORS FOUND:
      1 unique,     1 total unaddressable access(es)
      4 unique,     4 total uninitialized access(es)
      0 unique,     0 total invalid heap argument(s)
      0 unique,     0 total GDI usage error(s)
      0 unique,     0 total handle leak(s)
      0 unique,     0 total warning(s)
      1 unique,     1 total,     40 byte(s) of leak(s)
      0 unique,     0 total,      0 byte(s) of possible leak(s)
ERRORS IGNORED:
      3 potential error(s) (suspected false positives)
         (details: D:\CS\OOP\Assignment03-04\Dr. Memory\drmemory\logs\DrMemory-Assignment03_04.exe.3780.000\potential_errors.txt)
     73 ignored assumed-innocuous system leak(s)
     25 unique,   124 total,  11476 byte(s) of still-reachable allocation(s)
         (re-run with "-show_reachable" for details)
Details: D:\CS\OOP\Assignment03-04\Dr. Memory\drmemory\logs\DrMemory-Assignment03_04.exe.3780.000\results.txt

DUPLICATE POTENTIAL ERROR COUNTS:

POTENTIAL ERRORS FOUND:
      0 unique,     0 total potential unaddressable access(es)
      0 unique,     0 total potential uninitialized access(es)
      0 unique,     0 total potential invalid heap argument(s)
      0 unique,     0 total potential GDI usage error(s)
      3 unique,     3 total potential handle leak(s)
      0 unique,     0 total potential warning(s)
      0 unique,     0 total,      0 byte(s) of potential leak(s)
      0 unique,     0 total,      0 byte(s) of potential possible leak(s)
Details: D:\CS\OOP\Assignment03-04\Dr. Memory\drmemory\logs\DrMemory-Assignment03_04.exe.3780.000\potential_errors.txt
Exiting @0:00:47.933 in thread 2308
LOG END
