Dr. Memory version 1.11.0 build 2 built on Aug 29 2016 02:42:07
start time: 3657564:53:13.977 == 12:53:13.977 04/03/2018
Recorded 115 suppression(s) from default D:\CS\OOP\Assignment05-06\Dr. Memory\bin\suppress-default.txt
Syscall mismatch detected.  Running on unknown kernel version!
new thread #0 id=6224

module load event: "Assignment05_06.exe" 0x00400000-0x0046f000 modid: 1 D:\CS\OOP\Assignment05-06\cmake-build-mingw\Assignment05_06.exe
WARNING: assuming operator delete is non-placement in Assignment05_06.exe @0x00404a68

module load event: "dynamorio.dll" 0x5dbd0000-0x5dd2d000 modid: 2 D:\CS\OOP\Assignment05-06\Dr. Memory\dynamorio\lib32\release\dynamorio.dll

module load event: "libgcc_s_dw2-1.dll" 0x6eb40000-0x6ec1d000 modid: 3 D:\CS\IDEs\MinGW\bin\libgcc_s_dw2-1.dll

module load event: "libstdc++-6.dll" 0x6fe40000-0x6ffb4000 modid: 4 D:\CS\IDEs\MinGW\bin\libstdc++-6.dll

module load event: "drmemorylib.dll" 0x73800000-0x73a26000 modid: 5 D:\CS\OOP\Assignment05-06\Dr. Memory\bin\release\drmemorylib.dll

module load event: "KERNELBASE.dll" 0x74530000-0x74707000 modid: 6 C:\WINDOWS\System32\KERNELBASE.dll

module load event: "msvcrt.dll" 0x75d30000-0x75ded000 modid: 7 C:\WINDOWS\System32\msvcrt.dll
WARNING: new/delete has no local wrapper => disabling mismatch detection for msvcrt.dll
WARNING: new/delete has no local wrapper => disabling mismatch detection for msvcrt.dll
WARNING: new == new[] => disabling mismatch detection for msvcrt.dll
WARNING: new/delete has no local wrapper => disabling mismatch detection for msvcrt.dll
WARNING: new/delete has no local wrapper => disabling mismatch detection for msvcrt.dll
WARNING: new/delete has no local wrapper => disabling mismatch detection for msvcrt.dll

module load event: "KERNEL32.dll" 0x76a80000-0x76b50000 modid: 8 C:\WINDOWS\System32\KERNEL32.DLL

module load event: "ntdll.dll" 0x77430000-0x775bd000 modid: 9 C:\WINDOWS\SYSTEM32\ntdll.dll
WARNING: unable to load symbols for C:\WINDOWS\SYSTEM32\ntdll.dll
WARNING: unhandled system calls found

NEW THREAD: main thread 6224


Error #1: INVALID HEAP ARGUMENT: allocated with malloc, freed with operator delete[]
# 0 replace_operator_delete_array [d:\drmemory_package\common\alloc_replace.c:2998] (0x738211e0 <drmemorylib.dll+0x211e0>) modid:5
# 1 DynamicVector::operator= [D:/CS/OOP/Assignment05-06/repository/DynamicVector.cpp:31] (0x00401676 <Assignment05_06.exe+0x1676>) modid:1
# 2 Repository::Repository [D:/CS/OOP/Assignment05-06/repository/repository.cpp:6] (0x0040194e <Assignment05_06.exe+0x194e>) modid:1
# 3 run                 [D:/CS/OOP/Assignment05-06/main.cpp:7] (0x0040147d <Assignment05_06.exe+0x147d>) modid:1
# 4 main                [D:/CS/OOP/Assignment05-06/main.cpp:18] (0x00401547 <Assignment05_06.exe+0x1547>) modid:1
Note: @0:00:00.438 in thread 6224
Note: memory was allocated here:
Note: # 0 replace_malloc  [d:\drmemory_package\common\alloc_replace.c:2576] (0x73820300 <drmemorylib.dll+0x20300>) modid:5
Note: # 1 DynamicVector::DynamicVector [D:/CS/OOP/Assignment05-06/repository/DynamicVector.cpp:7] (0x00401586 <Assignment05_06.exe+0x1586>) modid:1
Note: # 2 Repository::Repository [D:/CS/OOP/Assignment05-06/repository/repository.cpp:5] (0x00401927 <Assignment05_06.exe+0x1927>) modid:1
Note: # 3 run                 [D:/CS/OOP/Assignment05-06/main.cpp:7] (0x0040147d <Assignment05_06.exe+0x147d>) modid:1
Note: # 4 main                [D:/CS/OOP/Assignment05-06/main.cpp:18] (0x00401547 <Assignment05_06.exe+0x1547>) modid:1
	error end

Error #2: INVALID HEAP ARGUMENT: allocated with malloc, freed with operator delete[]
# 0 replace_operator_delete_array [d:\drmemory_package\common\alloc_replace.c:2998] (0x738211e0 <drmemorylib.dll+0x211e0>) modid:5
# 1 DynamicVector::~DynamicVector [D:/CS/OOP/Assignment05-06/repository/DynamicVector.cpp:20] (0x0040162f <Assignment05_06.exe+0x162f>) modid:1
# 2 Repository::Repository [D:/CS/OOP/Assignment05-06/repository/repository.cpp:6] (0x0040195b <Assignment05_06.exe+0x195b>) modid:1
# 3 run                 [D:/CS/OOP/Assignment05-06/main.cpp:7] (0x0040147d <Assignment05_06.exe+0x147d>) modid:1
# 4 main                [D:/CS/OOP/Assignment05-06/main.cpp:18] (0x00401547 <Assignment05_06.exe+0x1547>) modid:1
Note: @0:00:00.438 in thread 6224
Note: memory was allocated here:
Note: # 0 replace_malloc  [d:\drmemory_package\common\alloc_replace.c:2576] (0x73820300 <drmemorylib.dll+0x20300>) modid:5
Note: # 1 DynamicVector::DynamicVector [D:/CS/OOP/Assignment05-06/repository/DynamicVector.cpp:7] (0x00401586 <Assignment05_06.exe+0x1586>) modid:1
Note: # 2 Repository::Repository [D:/CS/OOP/Assignment05-06/repository/repository.cpp:6] (0x0040193b <Assignment05_06.exe+0x193b>) modid:1
Note: # 3 run                 [D:/CS/OOP/Assignment05-06/main.cpp:7] (0x0040147d <Assignment05_06.exe+0x147d>) modid:1
Note: # 4 main                [D:/CS/OOP/Assignment05-06/main.cpp:18] (0x00401547 <Assignment05_06.exe+0x1547>) modid:1
	error end
new thread #1 id=10972
new thread #2 id=964
new thread #3 id=2020
