Dr. Memory version 1.11.0 build 2 built on Aug 29 2016 02:42:07
start time: 3657399:33:34.178 == 15:33:34.179 03/27/2018
Recorded 115 suppression(s) from default D:\CS\OOP\Assignment03-04\Dr. Memory\bin\suppress-default.txt
Syscall mismatch detected.  Running on unknown kernel version!
new thread #0 id=7152

module load event: "Assignment03_04.exe" 0x00400000-0x00417000 modid: 1 D:\CS\OOP\Assignment03-04\cmake-build-debug-mingw\Assignment03_04.exe

module load event: "dynamorio.dll" 0x55fe0000-0x5613d000 modid: 2 D:\CS\OOP\Assignment03-04\Dr. Memory\dynamorio\lib32\release\dynamorio.dll

module load event: "drmemorylib.dll" 0x73800000-0x73a26000 modid: 3 D:\CS\OOP\Assignment03-04\Dr. Memory\bin\release\drmemorylib.dll

module load event: "KERNELBASE.dll" 0x75ac0000-0x75c82000 modid: 4 C:\Windows\System32\KERNELBASE.dll

module load event: "KERNEL32.dll" 0x75f40000-0x76010000 modid: 5 C:\Windows\System32\KERNEL32.DLL

module load event: "msvcrt.dll" 0x764a0000-0x7655d000 modid: 6 C:\Windows\System32\msvcrt.dll
WARNING: new/delete has no local wrapper => disabling mismatch detection for msvcrt.dll
WARNING: new/delete has no local wrapper => disabling mismatch detection for msvcrt.dll
WARNING: new/delete has no local wrapper => disabling mismatch detection for msvcrt.dll
WARNING: new == new[] => disabling mismatch detection for msvcrt.dll
WARNING: new/delete has no local wrapper => disabling mismatch detection for msvcrt.dll
WARNING: new/delete has no local wrapper => disabling mismatch detection for msvcrt.dll

module load event: "ntdll.dll" 0x77c80000-0x77e0e000 modid: 7 C:\Windows\SYSTEM32\ntdll.dll
WARNING: unable to load symbols for C:\Windows\SYSTEM32\ntdll.dll
WARNING: unhandled system calls found

NEW THREAD: main thread 7152


Error #1: UNADDRESSABLE ACCESS of freed memory: reading 0x011f4684-0x011f4685 1 byte(s)
# 0 msvcrt.dll!_strdup    (0x765256a5 <msvcrt.dll+0x856a5>) modid:6
# 1 start               [D:/CS/OOP/Assignment03-04/ui/cli.c:114] (0x0040262b <Assignment03_04.exe+0x262b>) modid:1
# 2 main                [D:/CS/OOP/Assignment03-04/main.c:4] (0x00401470 <Assignment03_04.exe+0x1470>) modid:1
Note: @0:00:06.485 in thread 7152
Note: prev lower malloc:  0x011f4638-0x011f4660
Note: 0x011f4684-0x011f4685 overlaps memory 0x011f4680-0x011f468e that was freed here:
Note: # 0 replace_free    [d:\drmemory_package\common\alloc_replace.c:2706] (0x73820900 <drmemorylib.dll+0x20900>) modid:3
Note: # 1 getParams           [D:/CS/OOP/Assignment03-04/ui/cli.c:59] (0x004024d7 <Assignment03_04.exe+0x24d7>) modid:1
Note: # 2 start               [D:/CS/OOP/Assignment03-04/ui/cli.c:106] (0x004025e7 <Assignment03_04.exe+0x25e7>) modid:1
Note: # 3 main                [D:/CS/OOP/Assignment03-04/main.c:4] (0x00401470 <Assignment03_04.exe+0x1470>) modid:1
Note: instruction: mov    (%ecx) -> %al
	error end

Error #2: UNADDRESSABLE ACCESS of freed memory: reading 0x011f4684-0x011f4685 1 byte(s)
# 0 msvcrt.dll!strcpy_s   (0x765285ec <msvcrt.dll+0x885ec>) modid:6
# 1 msvcrt.dll!_strdup    (0x765256ca <msvcrt.dll+0x856ca>) modid:6
# 2 start               [D:/CS/OOP/Assignment03-04/ui/cli.c:114] (0x0040262b <Assignment03_04.exe+0x262b>) modid:1
# 3 main                [D:/CS/OOP/Assignment03-04/main.c:4] (0x00401470 <Assignment03_04.exe+0x1470>) modid:1
Note: @0:00:06.487 in thread 7152
Note: next higher malloc: 0x011f46b0-0x011f46b3
Note: prev lower malloc:  0x011f4638-0x011f4660
Note: 0x011f4684-0x011f4685 overlaps memory 0x011f4680-0x011f468e that was freed here:
Note: # 0 replace_free    [d:\drmemory_package\common\alloc_replace.c:2706] (0x73820900 <drmemorylib.dll+0x20900>) modid:3
Note: # 1 getParams           [D:/CS/OOP/Assignment03-04/ui/cli.c:59] (0x004024d7 <Assignment03_04.exe+0x24d7>) modid:1
Note: # 2 start               [D:/CS/OOP/Assignment03-04/ui/cli.c:106] (0x004025e7 <Assignment03_04.exe+0x25e7>) modid:1
Note: # 3 main                [D:/CS/OOP/Assignment03-04/main.c:4] (0x00401470 <Assignment03_04.exe+0x1470>) modid:1
Note: instruction: mov    (%ecx) -> %al
	error end

Error #3: UNADDRESSABLE ACCESS of freed memory: reading 0x011f4687-0x011f4688 1 byte(s)
# 0 msvcrt.dll!_strdup    (0x765256a5 <msvcrt.dll+0x856a5>) modid:6
# 1 start               [D:/CS/OOP/Assignment03-04/ui/cli.c:117] (0x0040263e <Assignment03_04.exe+0x263e>) modid:1
# 2 main                [D:/CS/OOP/Assignment03-04/main.c:4] (0x00401470 <Assignment03_04.exe+0x1470>) modid:1
Note: @0:00:06.488 in thread 7152
Note: next higher malloc: 0x011f46b0-0x011f46b3
Note: prev lower malloc:  0x011f4638-0x011f4660
Note: 0x011f4687-0x011f4688 overlaps memory 0x011f4680-0x011f468e that was freed here:
Note: # 0 replace_free    [d:\drmemory_package\common\alloc_replace.c:2706] (0x73820900 <drmemorylib.dll+0x20900>) modid:3
Note: # 1 getParams           [D:/CS/OOP/Assignment03-04/ui/cli.c:59] (0x004024d7 <Assignment03_04.exe+0x24d7>) modid:1
Note: # 2 start               [D:/CS/OOP/Assignment03-04/ui/cli.c:106] (0x004025e7 <Assignment03_04.exe+0x25e7>) modid:1
Note: # 3 main                [D:/CS/OOP/Assignment03-04/main.c:4] (0x00401470 <Assignment03_04.exe+0x1470>) modid:1
Note: instruction: mov    (%ecx) -> %al
	error end

Error #4: UNADDRESSABLE ACCESS of freed memory: reading 0x011f4687-0x011f4688 1 byte(s)
# 0 msvcrt.dll!strcpy_s   (0x765285ec <msvcrt.dll+0x885ec>) modid:6
# 1 msvcrt.dll!_strdup    (0x765256ca <msvcrt.dll+0x856ca>) modid:6
# 2 start               [D:/CS/OOP/Assignment03-04/ui/cli.c:117] (0x0040263e <Assignment03_04.exe+0x263e>) modid:1
# 3 main                [D:/CS/OOP/Assignment03-04/main.c:4] (0x00401470 <Assignment03_04.exe+0x1470>) modid:1
Note: @0:00:06.490 in thread 7152
Note: next higher malloc: 0x011f46b0-0x011f46b3
Note: prev lower malloc:  0x011f4638-0x011f4660
Note: 0x011f4687-0x011f4688 overlaps memory 0x011f4680-0x011f468e that was freed here:
Note: # 0 replace_free    [d:\drmemory_package\common\alloc_replace.c:2706] (0x73820900 <drmemorylib.dll+0x20900>) modid:3
Note: # 1 getParams           [D:/CS/OOP/Assignment03-04/ui/cli.c:59] (0x004024d7 <Assignment03_04.exe+0x24d7>) modid:1
Note: # 2 start               [D:/CS/OOP/Assignment03-04/ui/cli.c:106] (0x004025e7 <Assignment03_04.exe+0x25e7>) modid:1
Note: # 3 main                [D:/CS/OOP/Assignment03-04/main.c:4] (0x00401470 <Assignment03_04.exe+0x1470>) modid:1
Note: instruction: mov    (%ecx) -> %al
	error end

Error #5: UNADDRESSABLE ACCESS of freed memory: reading 0x011f468c-0x011f468d 1 byte(s)
# 0 msvcrt.dll!_strtoui64_l (0x764d201f <msvcrt.dll+0x3201f>) modid:6
# 1 msvcrt.dll!strtol     (0x764d2297 <msvcrt.dll+0x32297>) modid:6
# 2 start               [D:/CS/OOP/Assignment03-04/ui/cli.c:120] (0x00402661 <Assignment03_04.exe+0x2661>) modid:1
# 3 main                [D:/CS/OOP/Assignment03-04/main.c:4] (0x00401470 <Assignment03_04.exe+0x1470>) modid:1
Note: @0:00:06.494 in thread 7152
Note: next higher malloc: 0x011f46b0-0x011f46b3
Note: prev lower malloc:  0x011f4638-0x011f4660
Note: 0x011f468c-0x011f468d overlaps memory 0x011f4680-0x011f468e that was freed here:
Note: # 0 replace_free    [d:\drmemory_package\common\alloc_replace.c:2706] (0x73820900 <drmemorylib.dll+0x20900>) modid:3
Note: # 1 getParams           [D:/CS/OOP/Assignment03-04/ui/cli.c:59] (0x004024d7 <Assignment03_04.exe+0x24d7>) modid:1
Note: # 2 start               [D:/CS/OOP/Assignment03-04/ui/cli.c:106] (0x004025e7 <Assignment03_04.exe+0x25e7>) modid:1
Note: # 3 main                [D:/CS/OOP/Assignment03-04/main.c:4] (0x00401470 <Assignment03_04.exe+0x1470>) modid:1
Note: instruction: mov    (%edi) -> %bl
	error end

Error #6: UNADDRESSABLE ACCESS of freed memory: reading 0x011f468d-0x011f468e 1 byte(s)
# 0 msvcrt.dll!_strtoui64_l (0x764d217b <msvcrt.dll+0x3217b>) modid:6
# 1 msvcrt.dll!strtol     (0x764d2297 <msvcrt.dll+0x32297>) modid:6
# 2 start               [D:/CS/OOP/Assignment03-04/ui/cli.c:120] (0x00402661 <Assignment03_04.exe+0x2661>) modid:1
# 3 main                [D:/CS/OOP/Assignment03-04/main.c:4] (0x00401470 <Assignment03_04.exe+0x1470>) modid:1
Note: @0:00:06.494 in thread 7152
Note: next higher malloc: 0x011f46b0-0x011f46b3
Note: prev lower malloc:  0x011f4638-0x011f4660
Note: 0x011f468d-0x011f468e overlaps memory 0x011f4680-0x011f468e that was freed here:
Note: # 0 replace_free    [d:\drmemory_package\common\alloc_replace.c:2706] (0x73820900 <drmemorylib.dll+0x20900>) modid:3
Note: # 1 getParams           [D:/CS/OOP/Assignment03-04/ui/cli.c:59] (0x004024d7 <Assignment03_04.exe+0x24d7>) modid:1
Note: # 2 start               [D:/CS/OOP/Assignment03-04/ui/cli.c:106] (0x004025e7 <Assignment03_04.exe+0x25e7>) modid:1
Note: # 3 main                [D:/CS/OOP/Assignment03-04/main.c:4] (0x00401470 <Assignment03_04.exe+0x1470>) modid:1
Note: instruction: mov    (%edi) -> %cl
	error end

Error #7: UNADDRESSABLE ACCESS of freed memory: reading 0x011f4684-0x011f4685 1 byte(s)
# 0 replace_strcpy  [d:\drmemory_package\drmemory\replace.c:596] (0x738978b5 <drmemorylib.dll+0x978b5>) modid:3
# 1 addOperationToStack [D:/CS/OOP/Assignment03-04/controller/undoController.c:29] (0x00402f4e <Assignment03_04.exe+0x2f4e>) modid:1
# 2 start               [D:/CS/OOP/Assignment03-04/ui/cli.c:142] (0x004026e7 <Assignment03_04.exe+0x26e7>) modid:1
# 3 main                [D:/CS/OOP/Assignment03-04/main.c:4] (0x00401470 <Assignment03_04.exe+0x1470>) modid:1
Note: @0:00:06.505 in thread 7152
Note: next higher malloc: 0x011f46b0-0x011f46b3
Note: prev lower malloc:  0x011f4638-0x011f4660
Note: 0x011f4684-0x011f4685 overlaps memory 0x011f4680-0x011f468e that was freed here:
Note: # 0 replace_free    [d:\drmemory_package\common\alloc_replace.c:2706] (0x73820900 <drmemorylib.dll+0x20900>) modid:3
Note: # 1 getParams           [D:/CS/OOP/Assignment03-04/ui/cli.c:59] (0x004024d7 <Assignment03_04.exe+0x24d7>) modid:1
Note: # 2 start               [D:/CS/OOP/Assignment03-04/ui/cli.c:106] (0x004025e7 <Assignment03_04.exe+0x25e7>) modid:1
Note: # 3 main                [D:/CS/OOP/Assignment03-04/main.c:4] (0x00401470 <Assignment03_04.exe+0x1470>) modid:1
Note: instruction: movsx  (%edx) -> %eax
	error end

Error #8: UNADDRESSABLE ACCESS of freed memory: reading 0x011f4684-0x011f4685 1 byte(s)
# 0 replace_strcpy  [d:\drmemory_package\drmemory\replace.c:597] (0x738978c2 <drmemorylib.dll+0x978c2>) modid:3
# 1 addOperationToStack [D:/CS/OOP/Assignment03-04/controller/undoController.c:29] (0x00402f4e <Assignment03_04.exe+0x2f4e>) modid:1
# 2 start               [D:/CS/OOP/Assignment03-04/ui/cli.c:142] (0x004026e7 <Assignment03_04.exe+0x26e7>) modid:1
# 3 main                [D:/CS/OOP/Assignment03-04/main.c:4] (0x00401470 <Assignment03_04.exe+0x1470>) modid:1
Note: @0:00:06.506 in thread 7152
Note: next higher malloc: 0x011f46b0-0x011f46b3
Note: prev lower malloc:  0x011f4638-0x011f4660
Note: 0x011f4684-0x011f4685 overlaps memory 0x011f4680-0x011f468e that was freed here:
Note: # 0 replace_free    [d:\drmemory_package\common\alloc_replace.c:2706] (0x73820900 <drmemorylib.dll+0x20900>) modid:3
Note: # 1 getParams           [D:/CS/OOP/Assignment03-04/ui/cli.c:59] (0x004024d7 <Assignment03_04.exe+0x24d7>) modid:1
Note: # 2 start               [D:/CS/OOP/Assignment03-04/ui/cli.c:106] (0x004025e7 <Assignment03_04.exe+0x25e7>) modid:1
Note: # 3 main                [D:/CS/OOP/Assignment03-04/main.c:4] (0x00401470 <Assignment03_04.exe+0x1470>) modid:1
Note: instruction: mov    (%edx) -> %al
	error end

Error #9: UNADDRESSABLE ACCESS of freed memory: reading 0x011f4687-0x011f4688 1 byte(s)
# 0 replace_strcpy  [d:\drmemory_package\drmemory\replace.c:596] (0x738978b5 <drmemorylib.dll+0x978b5>) modid:3
# 1 addOperationToStack [D:/CS/OOP/Assignment03-04/controller/undoController.c:31] (0x00402f8d <Assignment03_04.exe+0x2f8d>) modid:1
# 2 start               [D:/CS/OOP/Assignment03-04/ui/cli.c:142] (0x004026e7 <Assignment03_04.exe+0x26e7>) modid:1
# 3 main                [D:/CS/OOP/Assignment03-04/main.c:4] (0x00401470 <Assignment03_04.exe+0x1470>) modid:1
Note: @0:00:06.513 in thread 7152
Note: next higher malloc: 0x011f46b0-0x011f46b3
Note: prev lower malloc:  0x011f4638-0x011f4660
Note: 0x011f4687-0x011f4688 overlaps memory 0x011f4680-0x011f468e that was freed here:
Note: # 0 replace_free    [d:\drmemory_package\common\alloc_replace.c:2706] (0x73820900 <drmemorylib.dll+0x20900>) modid:3
Note: # 1 getParams           [D:/CS/OOP/Assignment03-04/ui/cli.c:59] (0x004024d7 <Assignment03_04.exe+0x24d7>) modid:1
Note: # 2 start               [D:/CS/OOP/Assignment03-04/ui/cli.c:106] (0x004025e7 <Assignment03_04.exe+0x25e7>) modid:1
Note: # 3 main                [D:/CS/OOP/Assignment03-04/main.c:4] (0x00401470 <Assignment03_04.exe+0x1470>) modid:1
Note: instruction: movsx  (%edx) -> %eax
	error end

Error #10: UNADDRESSABLE ACCESS of freed memory: reading 0x011f4687-0x011f4688 1 byte(s)
# 0 replace_strcpy  [d:\drmemory_package\drmemory\replace.c:597] (0x738978c2 <drmemorylib.dll+0x978c2>) modid:3
# 1 addOperationToStack [D:/CS/OOP/Assignment03-04/controller/undoController.c:31] (0x00402f8d <Assignment03_04.exe+0x2f8d>) modid:1
# 2 start               [D:/CS/OOP/Assignment03-04/ui/cli.c:142] (0x004026e7 <Assignment03_04.exe+0x26e7>) modid:1
# 3 main                [D:/CS/OOP/Assignment03-04/main.c:4] (0x00401470 <Assignment03_04.exe+0x1470>) modid:1
Note: @0:00:06.515 in thread 7152
Note: next higher malloc: 0x011f46b0-0x011f46b3
Note: prev lower malloc:  0x011f4638-0x011f4660
Note: 0x011f4687-0x011f4688 overlaps memory 0x011f4680-0x011f468e that was freed here:
Note: # 0 replace_free    [d:\drmemory_package\common\alloc_replace.c:2706] (0x73820900 <drmemorylib.dll+0x20900>) modid:3
Note: # 1 getParams           [D:/CS/OOP/Assignment03-04/ui/cli.c:59] (0x004024d7 <Assignment03_04.exe+0x24d7>) modid:1
Note: # 2 start               [D:/CS/OOP/Assignment03-04/ui/cli.c:106] (0x004025e7 <Assignment03_04.exe+0x25e7>) modid:1
Note: # 3 main                [D:/CS/OOP/Assignment03-04/main.c:4] (0x00401470 <Assignment03_04.exe+0x1470>) modid:1
Note: instruction: mov    (%edx) -> %al
	error end

Error #11: UNADDRESSABLE ACCESS of freed memory: reading 0x011f468c-0x011f468d 1 byte(s)
# 0 replace_strcpy  [d:\drmemory_package\drmemory\replace.c:596] (0x738978b5 <drmemorylib.dll+0x978b5>) modid:3
# 1 addOperationToStack [D:/CS/OOP/Assignment03-04/controller/undoController.c:33] (0x00402fcc <Assignment03_04.exe+0x2fcc>) modid:1
# 2 start               [D:/CS/OOP/Assignment03-04/ui/cli.c:142] (0x004026e7 <Assignment03_04.exe+0x26e7>) modid:1
# 3 main                [D:/CS/OOP/Assignment03-04/main.c:4] (0x00401470 <Assignment03_04.exe+0x1470>) modid:1
Note: @0:00:06.537 in thread 7152
Note: next higher malloc: 0x011f46b0-0x011f46b3
Note: prev lower malloc:  0x011f4638-0x011f4660
Note: 0x011f468c-0x011f468d overlaps memory 0x011f4680-0x011f468e that was freed here:
Note: # 0 replace_free    [d:\drmemory_package\common\alloc_replace.c:2706] (0x73820900 <drmemorylib.dll+0x20900>) modid:3
Note: # 1 getParams           [D:/CS/OOP/Assignment03-04/ui/cli.c:59] (0x004024d7 <Assignment03_04.exe+0x24d7>) modid:1
Note: # 2 start               [D:/CS/OOP/Assignment03-04/ui/cli.c:106] (0x004025e7 <Assignment03_04.exe+0x25e7>) modid:1
Note: # 3 main                [D:/CS/OOP/Assignment03-04/main.c:4] (0x00401470 <Assignment03_04.exe+0x1470>) modid:1
Note: instruction: movsx  (%edx) -> %eax
	error end

Error #12: UNADDRESSABLE ACCESS of freed memory: reading 0x011f468c-0x011f468d 1 byte(s)
# 0 replace_strcpy  [d:\drmemory_package\drmemory\replace.c:597] (0x738978c2 <drmemorylib.dll+0x978c2>) modid:3
# 1 addOperationToStack [D:/CS/OOP/Assignment03-04/controller/undoController.c:33] (0x00402fcc <Assignment03_04.exe+0x2fcc>) modid:1
# 2 start               [D:/CS/OOP/Assignment03-04/ui/cli.c:142] (0x004026e7 <Assignment03_04.exe+0x26e7>) modid:1
# 3 main                [D:/CS/OOP/Assignment03-04/main.c:4] (0x00401470 <Assignment03_04.exe+0x1470>) modid:1
Note: @0:00:06.538 in thread 7152
Note: next higher malloc: 0x011f46b0-0x011f46b3
Note: prev lower malloc:  0x011f4638-0x011f4660
Note: 0x011f468c-0x011f468d overlaps memory 0x011f4680-0x011f468e that was freed here:
Note: # 0 replace_free    [d:\drmemory_package\common\alloc_replace.c:2706] (0x73820900 <drmemorylib.dll+0x20900>) modid:3
Note: # 1 getParams           [D:/CS/OOP/Assignment03-04/ui/cli.c:59] (0x004024d7 <Assignment03_04.exe+0x24d7>) modid:1
Note: # 2 start               [D:/CS/OOP/Assignment03-04/ui/cli.c:106] (0x004025e7 <Assignment03_04.exe+0x25e7>) modid:1
Note: # 3 main                [D:/CS/OOP/Assignment03-04/main.c:4] (0x00401470 <Assignment03_04.exe+0x1470>) modid:1
Note: instruction: mov    (%edx) -> %al
	error end

Error #13: UNADDRESSABLE ACCESS of freed memory: reading 0x011f4684-0x011f4685 1 byte(s)
# 0 replace_strcpy  [d:\drmemory_package\drmemory\replace.c:596] (0x738978b5 <drmemorylib.dll+0x978b5>) modid:3
# 1 addOperationToStack [D:/CS/OOP/Assignment03-04/controller/undoController.c:38] (0x00403017 <Assignment03_04.exe+0x3017>) modid:1
# 2 start               [D:/CS/OOP/Assignment03-04/ui/cli.c:142] (0x004026e7 <Assignment03_04.exe+0x26e7>) modid:1
# 3 main                [D:/CS/OOP/Assignment03-04/main.c:4] (0x00401470 <Assignment03_04.exe+0x1470>) modid:1
Note: @0:00:06.541 in thread 7152
Note: next higher malloc: 0x011f46b0-0x011f46b3
Note: prev lower malloc:  0x011f4638-0x011f4660
Note: 0x011f4684-0x011f4685 overlaps memory 0x011f4680-0x011f468e that was freed here:
Note: # 0 replace_free    [d:\drmemory_package\common\alloc_replace.c:2706] (0x73820900 <drmemorylib.dll+0x20900>) modid:3
Note: # 1 getParams           [D:/CS/OOP/Assignment03-04/ui/cli.c:59] (0x004024d7 <Assignment03_04.exe+0x24d7>) modid:1
Note: # 2 start               [D:/CS/OOP/Assignment03-04/ui/cli.c:106] (0x004025e7 <Assignment03_04.exe+0x25e7>) modid:1
Note: # 3 main                [D:/CS/OOP/Assignment03-04/main.c:4] (0x00401470 <Assignment03_04.exe+0x1470>) modid:1
Note: instruction: movsx  (%edx) -> %eax
	error end

Error #14: UNADDRESSABLE ACCESS of freed memory: reading 0x011f4684-0x011f4685 1 byte(s)
# 0 replace_strcpy  [d:\drmemory_package\drmemory\replace.c:597] (0x738978c2 <drmemorylib.dll+0x978c2>) modid:3
# 1 addOperationToStack [D:/CS/OOP/Assignment03-04/controller/undoController.c:38] (0x00403017 <Assignment03_04.exe+0x3017>) modid:1
# 2 start               [D:/CS/OOP/Assignment03-04/ui/cli.c:142] (0x004026e7 <Assignment03_04.exe+0x26e7>) modid:1
# 3 main                [D:/CS/OOP/Assignment03-04/main.c:4] (0x00401470 <Assignment03_04.exe+0x1470>) modid:1
Note: @0:00:06.541 in thread 7152
Note: next higher malloc: 0x011f46b0-0x011f46b3
Note: prev lower malloc:  0x011f4638-0x011f4660
Note: 0x011f4684-0x011f4685 overlaps memory 0x011f4680-0x011f468e that was freed here:
Note: # 0 replace_free    [d:\drmemory_package\common\alloc_replace.c:2706] (0x73820900 <drmemorylib.dll+0x20900>) modid:3
Note: # 1 getParams           [D:/CS/OOP/Assignment03-04/ui/cli.c:59] (0x004024d7 <Assignment03_04.exe+0x24d7>) modid:1
Note: # 2 start               [D:/CS/OOP/Assignment03-04/ui/cli.c:106] (0x004025e7 <Assignment03_04.exe+0x25e7>) modid:1
Note: # 3 main                [D:/CS/OOP/Assignment03-04/main.c:4] (0x00401470 <Assignment03_04.exe+0x1470>) modid:1
Note: instruction: mov    (%edx) -> %al
	error end

Error #15: INVALID HEAP ARGUMENT to free 0x011f4684
# 0 replace_free    [d:\drmemory_package\common\alloc_replace.c:2706] (0x73820900 <drmemorylib.dll+0x20900>) modid:3
# 1 start               [D:/CS/OOP/Assignment03-04/ui/cli.c:318] (0x00402d63 <Assignment03_04.exe+0x2d63>) modid:1
# 2 main                [D:/CS/OOP/Assignment03-04/main.c:4] (0x00401470 <Assignment03_04.exe+0x1470>) modid:1
Note: @0:00:06.547 in thread 7152
Note: next higher malloc: 0x011f46b0-0x011f46b3
Note: prev lower malloc:  0x011f4638-0x011f4660
Note: 0x011f4684-0x011f4684 overlaps memory 0x011f4680-0x011f468e that was freed here:
Note: # 0 replace_free    [d:\drmemory_package\common\alloc_replace.c:2706] (0x73820900 <drmemorylib.dll+0x20900>) modid:3
Note: # 1 getParams           [D:/CS/OOP/Assignment03-04/ui/cli.c:59] (0x004024d7 <Assignment03_04.exe+0x24d7>) modid:1
Note: # 2 start               [D:/CS/OOP/Assignment03-04/ui/cli.c:106] (0x004025e7 <Assignment03_04.exe+0x25e7>) modid:1
Note: # 3 main                [D:/CS/OOP/Assignment03-04/main.c:4] (0x00401470 <Assignment03_04.exe+0x1470>) modid:1
	error end

Error #16: UNINITIALIZED READ: reading register ecx
# 0 replace_strcmp  [d:\drmemory_package\drmemory\replace.c:494] (0x73897621 <drmemorylib.dll+0x97621>) modid:3
# 1 getInput            [D:/CS/OOP/Assignment03-04/ui/cli.c:15] (0x00402398 <Assignment03_04.exe+0x2398>) modid:1
# 2 start               [D:/CS/OOP/Assignment03-04/ui/cli.c:102] (0x004025c4 <Assignment03_04.exe+0x25c4>) modid:1
# 3 main                [D:/CS/OOP/Assignment03-04/main.c:4] (0x00401470 <Assignment03_04.exe+0x1470>) modid:1
Note: @0:00:40.590 in thread 7152
Note: instruction: test   %ecx %ecx
	error end

Error #17: UNINITIALIZED READ: reading register edx
# 0 msvcrt.dll!strtok     (0x76528e2a <msvcrt.dll+0x88e2a>) modid:6
# 1 getInput            [D:/CS/OOP/Assignment03-04/ui/cli.c:18] (0x004023b6 <Assignment03_04.exe+0x23b6>) modid:1
# 2 start               [D:/CS/OOP/Assignment03-04/ui/cli.c:102] (0x004025c4 <Assignment03_04.exe+0x25c4>) modid:1
# 3 main                [D:/CS/OOP/Assignment03-04/main.c:4] (0x00401470 <Assignment03_04.exe+0x1470>) modid:1
Note: @0:00:40.590 in thread 7152
Note: instruction: test   0xffffffdc(%ebp,%edx) %al
	error end

Error #18: UNINITIALIZED READ: reading register bl
# 0 msvcrt.dll!strtok     (0x76528e13 <msvcrt.dll+0x88e13>) modid:6
# 1 getInput            [D:/CS/OOP/Assignment03-04/ui/cli.c:18] (0x004023b6 <Assignment03_04.exe+0x23b6>) modid:1
# 2 start               [D:/CS/OOP/Assignment03-04/ui/cli.c:102] (0x004025c4 <Assignment03_04.exe+0x25c4>) modid:1
# 3 main                [D:/CS/OOP/Assignment03-04/main.c:4] (0x00401470 <Assignment03_04.exe+0x1470>) modid:1
Note: @0:00:40.590 in thread 7152
Note: instruction: test   %bl %bl
	error end

Error #19: UNINITIALIZED READ: reading 0x011f47e0-0x011f47e1 1 byte(s)
# 0 msvcrt.dll!strtok     (0x76528e4c <msvcrt.dll+0x88e4c>) modid:6
# 1 getInput            [D:/CS/OOP/Assignment03-04/ui/cli.c:18] (0x004023b6 <Assignment03_04.exe+0x23b6>) modid:1
# 2 start               [D:/CS/OOP/Assignment03-04/ui/cli.c:102] (0x004025c4 <Assignment03_04.exe+0x25c4>) modid:1
# 3 main                [D:/CS/OOP/Assignment03-04/main.c:4] (0x00401470 <Assignment03_04.exe+0x1470>) modid:1
Note: @0:00:40.591 in thread 7152
Note: instruction: cmp    (%esi) $0x00
	error end

Error #20: UNADDRESSABLE ACCESS: reading 0x00000000-0x00000001 1 byte(s)
# 0 replace_strcmp  [d:\drmemory_package\drmemory\replace.c:494] (0x7389761e <drmemorylib.dll+0x9761e>) modid:3
# 1 start               [D:/CS/OOP/Assignment03-04/ui/cli.c:108] (0x004025fd <Assignment03_04.exe+0x25fd>) modid:1
# 2 main                [D:/CS/OOP/Assignment03-04/main.c:4] (0x00401470 <Assignment03_04.exe+0x1470>) modid:1
Note: @0:00:40.591 in thread 7152
Note: instruction: movzx  (%eax) -> %ecx
	error end

Error #21: LEAK 40 direct bytes 0x011f4868-0x011f4890 + 0 indirect bytes
# 0 replace_malloc  [d:\drmemory_package\common\alloc_replace.c:2576] (0x73820300 <drmemorylib.dll+0x20300>) modid:3
# 1 getParams           [D:/CS/OOP/Assignment03-04/ui/cli.c:43] (0x0040243b <Assignment03_04.exe+0x243b>) modid:1
# 2 start               [D:/CS/OOP/Assignment03-04/ui/cli.c:106] (0x004025e7 <Assignment03_04.exe+0x25e7>) modid:1
# 3 main                [D:/CS/OOP/Assignment03-04/main.c:4] (0x00401470 <Assignment03_04.exe+0x1470>) modid:1
	error end
WARNING: unable to load symbols for C:\Windows\System32\KERNELBASE.dll

Potential Error #1: HANDLE LEAK: KERNEL handle 0x0000011c and 0 similar handle(s) were opened but not closed:
# 0 system call NtOpenKey
# 1 KERNELBASE.dll!IsValidCodePage (0x75bb0fd9 <KERNELBASE.dll+0xf0fd9>) modid:4
# 2 KERNELBASE.dll!IsValidLocale  (0x75b83627 <KERNELBASE.dll+0xc3627>) modid:4
# 3 KERNELBASE.dll!IsValidLocale  (0x75b833ca <KERNELBASE.dll+0xc33ca>) modid:4
# 4 msvcrt.dll!__get_qualified_locale (0x764fe9ff <msvcrt.dll+0x5e9ff>) modid:6
# 5 msvcrt.dll!_expandlocale (0x764f5549 <msvcrt.dll+0x55549>) modid:6
# 6 msvcrt.dll!_get_current_locale (0x764f5c53 <msvcrt.dll+0x55c53>) modid:6
# 7 msvcrt.dll!_get_current_locale (0x764f5989 <msvcrt.dll+0x55989>) modid:6
# 8 msvcrt.dll!setlocale  (0x764f60a5 <msvcrt.dll+0x560a5>) modid:6
# 9 __mingw_dirname     [../../../src/gcc-6.3.0/libgcc/config/i386/cygwin.S:184] (0x004051a1 <Assignment03_04.exe+0x51a1>) modid:1
#10 .text               [../../../src/gcc-6.3.0/libgcc/config/i386/cygwin.S:184] (0x004047d4 <Assignment03_04.exe+0x47d4>) modid:1
#11 __mingw_glob        [../../../src/gcc-6.3.0/libgcc/config/i386/cygwin.S:184] (0x00405052 <Assignment03_04.exe+0x5052>) modid:1
#12 _setargv            [D:/CS/OOP/Assignment03-04/controller/undoController.c:126] (0x004037a6 <Assignment03_04.exe+0x37a6>) modid:1
#13 .text               (0x00401202 <Assignment03_04.exe+0x1202>) modid:1
#14 mainCRTStartup      (0x004012f5 <Assignment03_04.exe+0x12f5>) modid:1
#15 ntdll.dll!RtlGetAppContainerNamedObjectPath (0x77ce582d <ntdll.dll+0x6582d>) modid:7
#16 ntdll.dll!RtlGetAppContainerNamedObjectPath (0x77ce57fd <ntdll.dll+0x657fd>) modid:7
Note: @0:00:40.773 in thread 7152
	error end

Potential Error #2: HANDLE LEAK: KERNEL handle 0x00000130 and 0 similar handle(s) were opened but not closed:
# 0 system call NtOpenKey
# 1 KERNELBASE.dll!IsValidCodePage (0x75bb0fd9 <KERNELBASE.dll+0xf0fd9>) modid:4
# 2 KERNELBASE.dll!IsValidLocale  (0x75b835d7 <KERNELBASE.dll+0xc35d7>) modid:4
# 3 KERNELBASE.dll!IsValidLocale  (0x75b833d3 <KERNELBASE.dll+0xc33d3>) modid:4
# 4 msvcrt.dll!__get_qualified_locale (0x764fe9ff <msvcrt.dll+0x5e9ff>) modid:6
# 5 msvcrt.dll!_expandlocale (0x764f5549 <msvcrt.dll+0x55549>) modid:6
# 6 msvcrt.dll!_get_current_locale (0x764f5c53 <msvcrt.dll+0x55c53>) modid:6
# 7 msvcrt.dll!_get_current_locale (0x764f5989 <msvcrt.dll+0x55989>) modid:6
# 8 msvcrt.dll!setlocale  (0x764f60a5 <msvcrt.dll+0x560a5>) modid:6
# 9 __mingw_dirname     [../../../src/gcc-6.3.0/libgcc/config/i386/cygwin.S:184] (0x004051a1 <Assignment03_04.exe+0x51a1>) modid:1
#10 .text               [../../../src/gcc-6.3.0/libgcc/config/i386/cygwin.S:184] (0x004047d4 <Assignment03_04.exe+0x47d4>) modid:1
#11 __mingw_glob        [../../../src/gcc-6.3.0/libgcc/config/i386/cygwin.S:184] (0x00405052 <Assignment03_04.exe+0x5052>) modid:1
#12 _setargv            [D:/CS/OOP/Assignment03-04/controller/undoController.c:126] (0x004037a6 <Assignment03_04.exe+0x37a6>) modid:1
#13 .text               (0x00401202 <Assignment03_04.exe+0x1202>) modid:1
#14 mainCRTStartup      (0x004012f5 <Assignment03_04.exe+0x12f5>) modid:1
#15 ntdll.dll!RtlGetAppContainerNamedObjectPath (0x77ce582d <ntdll.dll+0x6582d>) modid:7
#16 ntdll.dll!RtlGetAppContainerNamedObjectPath (0x77ce57fd <ntdll.dll+0x657fd>) modid:7
Note: @0:00:40.775 in thread 7152
	error end

Potential Error #3: HANDLE LEAK: KERNEL handle 0x00000158 and 0 similar handle(s) were opened but not closed:
# 0 system call NtOpenKey
# 1 KERNELBASE.dll!IsValidCodePage (0x75bb0fd9 <KERNELBASE.dll+0xf0fd9>) modid:4
# 2 KERNELBASE.dll!IsValidLocale  (0x75b83587 <KERNELBASE.dll+0xc3587>) modid:4
# 3 KERNELBASE.dll!IsValidLocale  (0x75b833dc <KERNELBASE.dll+0xc33dc>) modid:4
# 4 msvcrt.dll!__get_qualified_locale (0x764fe9ff <msvcrt.dll+0x5e9ff>) modid:6
# 5 msvcrt.dll!_expandlocale (0x764f5549 <msvcrt.dll+0x55549>) modid:6
# 6 msvcrt.dll!_get_current_locale (0x764f5c53 <msvcrt.dll+0x55c53>) modid:6
# 7 msvcrt.dll!_get_current_locale (0x764f5989 <msvcrt.dll+0x55989>) modid:6
# 8 msvcrt.dll!setlocale  (0x764f60a5 <msvcrt.dll+0x560a5>) modid:6
# 9 __mingw_dirname     [../../../src/gcc-6.3.0/libgcc/config/i386/cygwin.S:184] (0x004051a1 <Assignment03_04.exe+0x51a1>) modid:1
#10 .text               [../../../src/gcc-6.3.0/libgcc/config/i386/cygwin.S:184] (0x004047d4 <Assignment03_04.exe+0x47d4>) modid:1
#11 __mingw_glob        [../../../src/gcc-6.3.0/libgcc/config/i386/cygwin.S:184] (0x00405052 <Assignment03_04.exe+0x5052>) modid:1
#12 _setargv            [D:/CS/OOP/Assignment03-04/controller/undoController.c:126] (0x004037a6 <Assignment03_04.exe+0x37a6>) modid:1
#13 .text               (0x00401202 <Assignment03_04.exe+0x1202>) modid:1
#14 mainCRTStartup      (0x004012f5 <Assignment03_04.exe+0x12f5>) modid:1
#15 ntdll.dll!RtlGetAppContainerNamedObjectPath (0x77ce582d <ntdll.dll+0x6582d>) modid:7
#16 ntdll.dll!RtlGetAppContainerNamedObjectPath (0x77ce57fd <ntdll.dll+0x657fd>) modid:7
Note: @0:00:40.777 in thread 7152
	error end

DUPLICATE ERROR COUNTS:
	Error #   1:      3
	Error #   2:      3
	Error #   3:      5
	Error #   4:      5
	Error #   7:      3
	Error #   8:      2
	Error #   9:      5
	Error #  10:      4
	Error #  11:      2
	Error #  13:      3
	Error #  14:      2
	Error #  15:      3

SUPPRESSIONS USED:
	     1x: default i#1324 mingw runtime

ERRORS FOUND:
     15 unique,    41 total unaddressable access(es)
      4 unique,     4 total uninitialized access(es)
      1 unique,     3 total invalid heap argument(s)
      0 unique,     0 total GDI usage error(s)
      0 unique,     0 total handle leak(s)
      0 unique,     0 total warning(s)
      1 unique,     1 total,     40 byte(s) of leak(s)
      0 unique,     0 total,      0 byte(s) of possible leak(s)
ERRORS IGNORED:
      3 potential error(s) (suspected false positives)
         (details: D:\CS\OOP\Assignment03-04\Dr. Memory\drmemory\logs\DrMemory-Assignment03_04.exe.7728.000\potential_errors.txt)
     72 ignored assumed-innocuous system leak(s)
     27 unique,   126 total,  11446 byte(s) of still-reachable allocation(s)
         (re-run with "-show_reachable" for details)
Details: D:\CS\OOP\Assignment03-04\Dr. Memory\drmemory\logs\DrMemory-Assignment03_04.exe.7728.000\results.txt

DUPLICATE POTENTIAL ERROR COUNTS:

POTENTIAL ERRORS FOUND:
      0 unique,     0 total potential unaddressable access(es)
      0 unique,     0 total potential uninitialized access(es)
      0 unique,     0 total potential invalid heap argument(s)
      0 unique,     0 total potential GDI usage error(s)
      3 unique,     3 total potential handle leak(s)
      0 unique,     0 total potential warning(s)
      0 unique,     0 total,      0 byte(s) of potential leak(s)
      0 unique,     0 total,      0 byte(s) of potential possible leak(s)
Details: D:\CS\OOP\Assignment03-04\Dr. Memory\drmemory\logs\DrMemory-Assignment03_04.exe.7728.000\potential_errors.txt
Exiting @0:00:40.791 in thread 7152
LOG END
