Dr. Memory version 1.11.0 build 2 built on Aug 29 2016 02:42:07
start time: 3657569:07:20.166 == 17:07:20.182 04/03/2018
Recorded 115 suppression(s) from default D:\CS\OOP\Assignment05-06\Dr. Memory\bin\suppress-default.txt
Syscall mismatch detected.  Running on unknown kernel version!
new thread #0 id=3976

module load event: "Assignment05_06.exe" 0x00400000-0x0047b000 modid: 1 D:\CS\OOP\Assignment05-06\cmake-build-mingw\Assignment05_06.exe
WARNING: assuming operator delete is non-placement in Assignment05_06.exe @0x004061c8
WARNING: assuming operator delete[] is non-placement in Assignment05_06.exe @0x004061d0

module load event: "dynamorio.dll" 0x5dab0000-0x5dc0d000 modid: 2 D:\CS\OOP\Assignment05-06\Dr. Memory\dynamorio\lib32\release\dynamorio.dll

module load event: "libgcc_s_dw2-1.dll" 0x6eb40000-0x6ec1d000 modid: 3 D:\CS\IDEs\MinGW\bin\libgcc_s_dw2-1.dll

module load event: "libstdc++-6.dll" 0x6fe40000-0x6ffb4000 modid: 4 D:\CS\IDEs\MinGW\bin\libstdc++-6.dll

module load event: "drmemorylib.dll" 0x73800000-0x73a26000 modid: 5 D:\CS\OOP\Assignment05-06\Dr. Memory\bin\release\drmemorylib.dll

module load event: "KERNELBASE.dll" 0x74530000-0x74707000 modid: 6 C:\WINDOWS\System32\KERNELBASE.dll

module load event: "msvcrt.dll" 0x75d30000-0x75ded000 modid: 7 C:\WINDOWS\System32\msvcrt.dll
WARNING: new/delete has no local wrapper => disabling mismatch detection for msvcrt.dll
WARNING: new/delete has no local wrapper => disabling mismatch detection for msvcrt.dll
WARNING: new == new[] => disabling mismatch detection for msvcrt.dll
WARNING: new/delete has no local wrapper => disabling mismatch detection for msvcrt.dll
WARNING: new/delete has no local wrapper => disabling mismatch detection for msvcrt.dll
WARNING: new/delete has no local wrapper => disabling mismatch detection for msvcrt.dll

module load event: "KERNEL32.dll" 0x76a80000-0x76b50000 modid: 8 C:\WINDOWS\System32\KERNEL32.DLL

module load event: "ntdll.dll" 0x77430000-0x775bd000 modid: 9 C:\WINDOWS\SYSTEM32\ntdll.dll
WARNING: unable to load symbols for C:\WINDOWS\SYSTEM32\ntdll.dll
WARNING: unhandled system calls found

NEW THREAD: main thread 3976


Error #1: INVALID HEAP ARGUMENT: allocated with malloc, freed with operator delete[]
# 0 replace_operator_delete_array [d:\drmemory_package\common\alloc_replace.c:2998] (0x738211e0 <drmemorylib.dll+0x211e0>) modid:5
# 1 _fu0___ZSt4cout     [D:/CS/OOP/Assignment05-06/ui/cli.cpp:183] (0x0040391f <Assignment05_06.exe+0x391f>) modid:1
# 2 run                 [D:/CS/OOP/Assignment05-06/main.cpp:10] (0x004014cc <Assignment05_06.exe+0x14cc>) modid:1
# 3 main                [D:/CS/OOP/Assignment05-06/main.cpp:20] (0x00401566 <Assignment05_06.exe+0x1566>) modid:1
Note: @0:00:04.954 in thread 3976
Note: memory was allocated here:
Note: # 0 replace_malloc  [d:\drmemory_package\common\alloc_replace.c:2576] (0x73820300 <drmemorylib.dll+0x20300>) modid:5
Note: # 1 getParams           [D:/CS/OOP/Assignment05-06/ui/cli.cpp:43] (0x00402f59 <Assignment05_06.exe+0x2f59>) modid:1
Note: # 2 CLI::start          [D:/CS/OOP/Assignment05-06/ui/cli.cpp:116] (0x004031e1 <Assignment05_06.exe+0x31e1>) modid:1
Note: # 3 run                 [D:/CS/OOP/Assignment05-06/main.cpp:10] (0x004014cc <Assignment05_06.exe+0x14cc>) modid:1
Note: # 4 main                [D:/CS/OOP/Assignment05-06/main.cpp:20] (0x00401566 <Assignment05_06.exe+0x1566>) modid:1
	error end

Error #2: INVALID HEAP ARGUMENT: allocated with malloc, freed with operator delete
# 0 replace_operator_delete_nothrow [d:\drmemory_package\common\alloc_replace.c:2974] (0x738210f0 <drmemorylib.dll+0x210f0>) modid:5
# 1 _fu0___ZSt4cout     [D:/CS/OOP/Assignment05-06/ui/cli.cpp:184] (0x00403932 <Assignment05_06.exe+0x3932>) modid:1
# 2 run                 [D:/CS/OOP/Assignment05-06/main.cpp:10] (0x004014cc <Assignment05_06.exe+0x14cc>) modid:1
# 3 main                [D:/CS/OOP/Assignment05-06/main.cpp:20] (0x00401566 <Assignment05_06.exe+0x1566>) modid:1
Note: @0:00:04.954 in thread 3976
Note: memory was allocated here:
Note: # 0 replace_malloc  [d:\drmemory_package\common\alloc_replace.c:2576] (0x73820300 <drmemorylib.dll+0x20300>) modid:5
Note: # 1 msvcrt.dll!_strdup    (0x75db56a9 <msvcrt.dll+0x856a9>) modid:7
Note: # 2 getCommand          [D:/CS/OOP/Assignment05-06/ui/cli.cpp:28] (0x00402eee <Assignment05_06.exe+0x2eee>) modid:1
Note: # 3 CLI::start          [D:/CS/OOP/Assignment05-06/ui/cli.cpp:115] (0x004031c9 <Assignment05_06.exe+0x31c9>) modid:1
Note: # 4 run                 [D:/CS/OOP/Assignment05-06/main.cpp:10] (0x004014cc <Assignment05_06.exe+0x14cc>) modid:1
Note: # 5 main                [D:/CS/OOP/Assignment05-06/main.cpp:20] (0x00401566 <Assignment05_06.exe+0x1566>) modid:1
	error end

Error #3: UNADDRESSABLE ACCESS of freed memory: reading 0x036d8ec4-0x036d8ec8 4 byte(s)
# 0 DynamicVector::~DynamicVector [D:/CS/OOP/Assignment05-06/repository/DynamicVector.cpp:22] (0x0040164a <Assignment05_06.exe+0x164a>) modid:1
# 1 Repository::~Repository [D:/CS/OOP/Assignment05-06/repository/repository.cpp:59] (0x00401db2 <Assignment05_06.exe+0x1db2>) modid:1
# 2 Controller::~Controller [D:/CS/OOP/Assignment05-06/controller/controller.cpp:54] (0x00402b8c <Assignment05_06.exe+0x2b8c>) modid:1
# 3 CLI::~CLI           [D:/CS/OOP/Assignment05-06/ui/cli.cpp:188] (0x00403b04 <Assignment05_06.exe+0x3b04>) modid:1
# 4 run                 [D:/CS/OOP/Assignment05-06/main.cpp:11] (0x004014da <Assignment05_06.exe+0x14da>) modid:1
# 5 main                [D:/CS/OOP/Assignment05-06/main.cpp:20] (0x00401566 <Assignment05_06.exe+0x1566>) modid:1
Note: @0:00:04.954 in thread 3976
Note: next higher malloc: 0x036d8fc8-0x036d8fcc
Note: prev lower malloc:  0x036d8dc8-0x036d8ea0
Note: 0x036d8ec4-0x036d8ec8 overlaps memory 0x036d8ec0-0x036d8ecc that was freed here:
Note: # 0 replace_operator_delete_nothrow [d:\drmemory_package\common\alloc_replace.c:2974] (0x738210f0 <drmemorylib.dll+0x210f0>) modid:5
Note: # 1 Repository::~Repository [D:/CS/OOP/Assignment05-06/repository/repository.cpp:60] (0x00401da8 <Assignment05_06.exe+0x1da8>) modid:1
Note: # 2 Controller::~Controller [D:/CS/OOP/Assignment05-06/controller/controller.cpp:54] (0x00402b8c <Assignment05_06.exe+0x2b8c>) modid:1
Note: # 3 CLI::~CLI           [D:/CS/OOP/Assignment05-06/ui/cli.cpp:188] (0x00403b04 <Assignment05_06.exe+0x3b04>) modid:1
Note: # 4 run                 [D:/CS/OOP/Assignment05-06/main.cpp:11] (0x004014da <Assignment05_06.exe+0x14da>) modid:1
Note: # 5 main                [D:/CS/OOP/Assignment05-06/main.cpp:20] (0x00401566 <Assignment05_06.exe+0x1566>) modid:1
Note: instruction: mov    0x04(%eax) -> %eax
	error end

Error #4: UNADDRESSABLE ACCESS of freed memory: reading 0x036d8ec0-0x036d8ec4 4 byte(s)
# 0 DynamicVector::~DynamicVector [D:/CS/OOP/Assignment05-06/repository/DynamicVector.cpp:23] (0x00401655 <Assignment05_06.exe+0x1655>) modid:1
# 1 Repository::~Repository [D:/CS/OOP/Assignment05-06/repository/repository.cpp:59] (0x00401db2 <Assignment05_06.exe+0x1db2>) modid:1
# 2 Controller::~Controller [D:/CS/OOP/Assignment05-06/controller/controller.cpp:54] (0x00402b8c <Assignment05_06.exe+0x2b8c>) modid:1
# 3 CLI::~CLI           [D:/CS/OOP/Assignment05-06/ui/cli.cpp:188] (0x00403b04 <Assignment05_06.exe+0x3b04>) modid:1
# 4 run                 [D:/CS/OOP/Assignment05-06/main.cpp:11] (0x004014da <Assignment05_06.exe+0x14da>) modid:1
# 5 main                [D:/CS/OOP/Assignment05-06/main.cpp:20] (0x00401566 <Assignment05_06.exe+0x1566>) modid:1
Note: @0:00:04.954 in thread 3976
Note: next higher malloc: 0x036d8fc8-0x036d8fcc
Note: prev lower malloc:  0x036d8dc8-0x036d8ea0
Note: 0x036d8ec0-0x036d8ec4 overlaps memory 0x036d8ec0-0x036d8ecc that was freed here:
Note: # 0 replace_operator_delete_nothrow [d:\drmemory_package\common\alloc_replace.c:2974] (0x738210f0 <drmemorylib.dll+0x210f0>) modid:5
Note: # 1 Repository::~Repository [D:/CS/OOP/Assignment05-06/repository/repository.cpp:60] (0x00401da8 <Assignment05_06.exe+0x1da8>) modid:1
Note: # 2 Controller::~Controller [D:/CS/OOP/Assignment05-06/controller/controller.cpp:54] (0x00402b8c <Assignment05_06.exe+0x2b8c>) modid:1
Note: # 3 CLI::~CLI           [D:/CS/OOP/Assignment05-06/ui/cli.cpp:188] (0x00403b04 <Assignment05_06.exe+0x3b04>) modid:1
Note: # 4 run                 [D:/CS/OOP/Assignment05-06/main.cpp:11] (0x004014da <Assignment05_06.exe+0x14da>) modid:1
Note: # 5 main                [D:/CS/OOP/Assignment05-06/main.cpp:20] (0x00401566 <Assignment05_06.exe+0x1566>) modid:1
Note: instruction: mov    (%eax) -> %eax
	error end

Error #5: UNADDRESSABLE ACCESS of freed memory: reading 0x036d8f80-0x036d8f84 4 byte(s)
# 0 DynamicVector::~DynamicVector [D:/CS/OOP/Assignment05-06/repository/DynamicVector.cpp:23] (0x0040165f <Assignment05_06.exe+0x165f>) modid:1
# 1 Repository::~Repository [D:/CS/OOP/Assignment05-06/repository/repository.cpp:59] (0x00401db2 <Assignment05_06.exe+0x1db2>) modid:1
# 2 Controller::~Controller [D:/CS/OOP/Assignment05-06/controller/controller.cpp:54] (0x00402b8c <Assignment05_06.exe+0x2b8c>) modid:1
# 3 CLI::~CLI           [D:/CS/OOP/Assignment05-06/ui/cli.cpp:188] (0x00403b04 <Assignment05_06.exe+0x3b04>) modid:1
# 4 run                 [D:/CS/OOP/Assignment05-06/main.cpp:11] (0x004014da <Assignment05_06.exe+0x14da>) modid:1
# 5 main                [D:/CS/OOP/Assignment05-06/main.cpp:20] (0x00401566 <Assignment05_06.exe+0x1566>) modid:1
Note: @0:00:04.954 in thread 3976
Note: next higher malloc: 0x036d8fc8-0x036d8fcc
Note: prev lower malloc:  0x036d8dc8-0x036d8ea0
Note: 0x036d8f80-0x036d8f84 overlaps memory 0x036d8f80-0x036d8fa8 that was freed here:
Note: # 0 replace_operator_delete_array [d:\drmemory_package\common\alloc_replace.c:2998] (0x738211e0 <drmemorylib.dll+0x211e0>) modid:5
Note: # 1 DynamicVector::~DynamicVector [D:/CS/OOP/Assignment05-06/repository/DynamicVector.cpp:25] (0x00401698 <Assignment05_06.exe+0x1698>) modid:1
Note: # 2 Repository::~Repository [D:/CS/OOP/Assignment05-06/repository/repository.cpp:60] (0x00401d98 <Assignment05_06.exe+0x1d98>) modid:1
Note: # 3 Controller::~Controller [D:/CS/OOP/Assignment05-06/controller/controller.cpp:54] (0x00402b8c <Assignment05_06.exe+0x2b8c>) modid:1
Note: # 4 CLI::~CLI           [D:/CS/OOP/Assignment05-06/ui/cli.cpp:188] (0x00403b04 <Assignment05_06.exe+0x3b04>) modid:1
Note: # 5 run                 [D:/CS/OOP/Assignment05-06/main.cpp:11] (0x004014da <Assignment05_06.exe+0x14da>) modid:1
Note: instruction: mov    (%eax) -> %ebx
	error end
WARNING: unable to load symbols for D:\CS\IDEs\MinGW\bin\libstdc++-6.dll

Error #6: UNADDRESSABLE ACCESS of freed memory: reading 0x036d9028-0x036d902c 4 byte(s)
# 0 libstdc++-6.dll!?               (0x6fe70ca0 <libstdc++-6.dll+0x30ca0>) modid:4
# 1 libstdc++-6.dll!?               (0x6fe70040 <libstdc++-6.dll+0x30040>) modid:4
# 2 libstdc++-6.dll!?               (0x6fed5787 <libstdc++-6.dll+0x95787>) modid:4
# 3 libstdc++-6.dll!?               (0x6fed93e7 <libstdc++-6.dll+0x993e7>) modid:4
# 4 Tutorial::~Tutorial [D:/CS/OOP/Assignment05-06/domain/tutorial.cpp:26] (0x00403d6a <Assignment05_06.exe+0x3d6a>) modid:1
# 5 DynamicVector::~DynamicVector [D:/CS/OOP/Assignment05-06/repository/DynamicVector.cpp:23] (0x0040166c <Assignment05_06.exe+0x166c>) modid:1
# 6 Repository::~Repository [D:/CS/OOP/Assignment05-06/repository/repository.cpp:59] (0x00401db2 <Assignment05_06.exe+0x1db2>) modid:1
# 7 Controller::~Controller [D:/CS/OOP/Assignment05-06/controller/controller.cpp:54] (0x00402b8c <Assignment05_06.exe+0x2b8c>) modid:1
# 8 CLI::~CLI           [D:/CS/OOP/Assignment05-06/ui/cli.cpp:188] (0x00403b04 <Assignment05_06.exe+0x3b04>) modid:1
# 9 run                 [D:/CS/OOP/Assignment05-06/main.cpp:11] (0x004014da <Assignment05_06.exe+0x14da>) modid:1
#10 main                [D:/CS/OOP/Assignment05-06/main.cpp:20] (0x00401566 <Assignment05_06.exe+0x1566>) modid:1
Note: @0:00:04.954 in thread 3976
Note: next higher malloc: 0x036d9380-0x036d9384
Note: prev lower malloc:  0x036d8fc8-0x036d8fcc
Note: 0x036d9028-0x036d902c overlaps memory 0x036d8ff0-0x036d9040 that was freed here:
Note: # 0 replace_operator_delete_nothrow [d:\drmemory_package\common\alloc_replace.c:2974] (0x738210f0 <drmemorylib.dll+0x210f0>) modid:5
Note: # 1 DynamicVector::~DynamicVector [D:/CS/OOP/Assignment05-06/repository/DynamicVector.cpp:23] (0x0040167c <Assignment05_06.exe+0x167c>) modid:1
Note: # 2 Repository::~Repository [D:/CS/OOP/Assignment05-06/repository/repository.cpp:60] (0x00401d98 <Assignment05_06.exe+0x1d98>) modid:1
Note: # 3 Controller::~Controller [D:/CS/OOP/Assignment05-06/controller/controller.cpp:54] (0x00402b8c <Assignment05_06.exe+0x2b8c>) modid:1
Note: # 4 CLI::~CLI           [D:/CS/OOP/Assignment05-06/ui/cli.cpp:188] (0x00403b04 <Assignment05_06.exe+0x3b04>) modid:1
Note: # 5 run                 [D:/CS/OOP/Assignment05-06/main.cpp:11] (0x004014da <Assignment05_06.exe+0x14da>) modid:1
Note: instruction: mov    (%eax) -> %eax
	error end

Error #7: UNADDRESSABLE ACCESS of freed memory: reading 0x036d9008-0x036d900c 4 byte(s)
# 0 libstdc++-6.dll!?               (0x6fe70ca0 <libstdc++-6.dll+0x30ca0>) modid:4
# 1 libstdc++-6.dll!?               (0x6fe70040 <libstdc++-6.dll+0x30040>) modid:4
# 2 libstdc++-6.dll!?               (0x6fed5787 <libstdc++-6.dll+0x95787>) modid:4
# 3 libstdc++-6.dll!?               (0x6fed93e7 <libstdc++-6.dll+0x993e7>) modid:4
# 4 Tutorial::~Tutorial [D:/CS/OOP/Assignment05-06/domain/tutorial.cpp:26] (0x00403d77 <Assignment05_06.exe+0x3d77>) modid:1
# 5 DynamicVector::~DynamicVector [D:/CS/OOP/Assignment05-06/repository/DynamicVector.cpp:23] (0x0040166c <Assignment05_06.exe+0x166c>) modid:1
# 6 Repository::~Repository [D:/CS/OOP/Assignment05-06/repository/repository.cpp:59] (0x00401db2 <Assignment05_06.exe+0x1db2>) modid:1
# 7 Controller::~Controller [D:/CS/OOP/Assignment05-06/controller/controller.cpp:54] (0x00402b8c <Assignment05_06.exe+0x2b8c>) modid:1
# 8 CLI::~CLI           [D:/CS/OOP/Assignment05-06/ui/cli.cpp:188] (0x00403b04 <Assignment05_06.exe+0x3b04>) modid:1
# 9 run                 [D:/CS/OOP/Assignment05-06/main.cpp:11] (0x004014da <Assignment05_06.exe+0x14da>) modid:1
#10 main                [D:/CS/OOP/Assignment05-06/main.cpp:20] (0x00401566 <Assignment05_06.exe+0x1566>) modid:1
Note: @0:00:04.954 in thread 3976
Note: next higher malloc: 0x036d9380-0x036d9384
Note: prev lower malloc:  0x036d8fc8-0x036d8fcc
Note: 0x036d9008-0x036d900c overlaps memory 0x036d8ff0-0x036d9040 that was freed here:
Note: # 0 replace_operator_delete_nothrow [d:\drmemory_package\common\alloc_replace.c:2974] (0x738210f0 <drmemorylib.dll+0x210f0>) modid:5
Note: # 1 DynamicVector::~DynamicVector [D:/CS/OOP/Assignment05-06/repository/DynamicVector.cpp:23] (0x0040167c <Assignment05_06.exe+0x167c>) modid:1
Note: # 2 Repository::~Repository [D:/CS/OOP/Assignment05-06/repository/repository.cpp:60] (0x00401d98 <Assignment05_06.exe+0x1d98>) modid:1
Note: # 3 Controller::~Controller [D:/CS/OOP/Assignment05-06/controller/controller.cpp:54] (0x00402b8c <Assignment05_06.exe+0x2b8c>) modid:1
Note: # 4 CLI::~CLI           [D:/CS/OOP/Assignment05-06/ui/cli.cpp:188] (0x00403b04 <Assignment05_06.exe+0x3b04>) modid:1
Note: # 5 run                 [D:/CS/OOP/Assignment05-06/main.cpp:11] (0x004014da <Assignment05_06.exe+0x14da>) modid:1
Note: instruction: mov    (%eax) -> %eax
	error end

Error #8: UNADDRESSABLE ACCESS of freed memory: reading 0x036d8ff0-0x036d8ff4 4 byte(s)
# 0 libstdc++-6.dll!?               (0x6fe70ca0 <libstdc++-6.dll+0x30ca0>) modid:4
# 1 libstdc++-6.dll!?               (0x6fe70040 <libstdc++-6.dll+0x30040>) modid:4
# 2 libstdc++-6.dll!?               (0x6fed5787 <libstdc++-6.dll+0x95787>) modid:4
# 3 libstdc++-6.dll!?               (0x6fed93e7 <libstdc++-6.dll+0x993e7>) modid:4
# 4 Tutorial::~Tutorial [D:/CS/OOP/Assignment05-06/domain/tutorial.cpp:26] (0x00403d81 <Assignment05_06.exe+0x3d81>) modid:1
# 5 DynamicVector::~DynamicVector [D:/CS/OOP/Assignment05-06/repository/DynamicVector.cpp:23] (0x0040166c <Assignment05_06.exe+0x166c>) modid:1
# 6 Repository::~Repository [D:/CS/OOP/Assignment05-06/repository/repository.cpp:59] (0x00401db2 <Assignment05_06.exe+0x1db2>) modid:1
# 7 Controller::~Controller [D:/CS/OOP/Assignment05-06/controller/controller.cpp:54] (0x00402b8c <Assignment05_06.exe+0x2b8c>) modid:1
# 8 CLI::~CLI           [D:/CS/OOP/Assignment05-06/ui/cli.cpp:188] (0x00403b04 <Assignment05_06.exe+0x3b04>) modid:1
# 9 run                 [D:/CS/OOP/Assignment05-06/main.cpp:11] (0x004014da <Assignment05_06.exe+0x14da>) modid:1
#10 main                [D:/CS/OOP/Assignment05-06/main.cpp:20] (0x00401566 <Assignment05_06.exe+0x1566>) modid:1
Note: @0:00:04.954 in thread 3976
Note: next higher malloc: 0x036d9380-0x036d9384
Note: prev lower malloc:  0x036d8fc8-0x036d8fcc
Note: 0x036d8ff0-0x036d8ff4 overlaps memory 0x036d8ff0-0x036d9040 that was freed here:
Note: # 0 replace_operator_delete_nothrow [d:\drmemory_package\common\alloc_replace.c:2974] (0x738210f0 <drmemorylib.dll+0x210f0>) modid:5
Note: # 1 DynamicVector::~DynamicVector [D:/CS/OOP/Assignment05-06/repository/DynamicVector.cpp:23] (0x0040167c <Assignment05_06.exe+0x167c>) modid:1
Note: # 2 Repository::~Repository [D:/CS/OOP/Assignment05-06/repository/repository.cpp:60] (0x00401d98 <Assignment05_06.exe+0x1d98>) modid:1
Note: # 3 Controller::~Controller [D:/CS/OOP/Assignment05-06/controller/controller.cpp:54] (0x00402b8c <Assignment05_06.exe+0x2b8c>) modid:1
Note: # 4 CLI::~CLI           [D:/CS/OOP/Assignment05-06/ui/cli.cpp:188] (0x00403b04 <Assignment05_06.exe+0x3b04>) modid:1
Note: # 5 run                 [D:/CS/OOP/Assignment05-06/main.cpp:11] (0x004014da <Assignment05_06.exe+0x14da>) modid:1
Note: instruction: mov    (%eax) -> %eax
	error end

Error #9: INVALID HEAP ARGUMENT to free 0x036d8ff0
# 0 replace_operator_delete_nothrow [d:\drmemory_package\common\alloc_replace.c:2974] (0x738210f0 <drmemorylib.dll+0x210f0>) modid:5
# 1 DynamicVector::~DynamicVector [D:/CS/OOP/Assignment05-06/repository/DynamicVector.cpp:23] (0x0040167c <Assignment05_06.exe+0x167c>) modid:1
# 2 Repository::~Repository [D:/CS/OOP/Assignment05-06/repository/repository.cpp:59] (0x00401db2 <Assignment05_06.exe+0x1db2>) modid:1
# 3 Controller::~Controller [D:/CS/OOP/Assignment05-06/controller/controller.cpp:54] (0x00402b8c <Assignment05_06.exe+0x2b8c>) modid:1
# 4 CLI::~CLI           [D:/CS/OOP/Assignment05-06/ui/cli.cpp:188] (0x00403b04 <Assignment05_06.exe+0x3b04>) modid:1
# 5 run                 [D:/CS/OOP/Assignment05-06/main.cpp:11] (0x004014da <Assignment05_06.exe+0x14da>) modid:1
# 6 main                [D:/CS/OOP/Assignment05-06/main.cpp:20] (0x00401566 <Assignment05_06.exe+0x1566>) modid:1
Note: @0:00:04.954 in thread 3976
Note: next higher malloc: 0x036d9380-0x036d9384
Note: prev lower malloc:  0x036d8fc8-0x036d8fcc
Note: memory was previously freed here:
Note: # 0 replace_operator_delete_nothrow [d:\drmemory_package\common\alloc_replace.c:2974] (0x738210f0 <drmemorylib.dll+0x210f0>) modid:5
Note: # 1 DynamicVector::~DynamicVector [D:/CS/OOP/Assignment05-06/repository/DynamicVector.cpp:23] (0x0040167c <Assignment05_06.exe+0x167c>) modid:1
Note: # 2 Repository::~Repository [D:/CS/OOP/Assignment05-06/repository/repository.cpp:60] (0x00401d98 <Assignment05_06.exe+0x1d98>) modid:1
Note: # 3 Controller::~Controller [D:/CS/OOP/Assignment05-06/controller/controller.cpp:54] (0x00402b8c <Assignment05_06.exe+0x2b8c>) modid:1
Note: # 4 CLI::~CLI           [D:/CS/OOP/Assignment05-06/ui/cli.cpp:188] (0x00403b04 <Assignment05_06.exe+0x3b04>) modid:1
Note: # 5 run                 [D:/CS/OOP/Assignment05-06/main.cpp:11] (0x004014da <Assignment05_06.exe+0x14da>) modid:1
	error end

Error #10: UNADDRESSABLE ACCESS of freed memory: reading 0x036d90b8-0x036d90bc 4 byte(s)
# 0 libstdc++-6.dll!?               (0x6fed5791 <libstdc++-6.dll+0x95791>) modid:4
# 1 libstdc++-6.dll!?               (0x6fed93e7 <libstdc++-6.dll+0x993e7>) modid:4
# 2 Tutorial::~Tutorial [D:/CS/OOP/Assignment05-06/domain/tutorial.cpp:26] (0x00403d77 <Assignment05_06.exe+0x3d77>) modid:1
# 3 DynamicVector::~DynamicVector [D:/CS/OOP/Assignment05-06/repository/DynamicVector.cpp:23] (0x0040166c <Assignment05_06.exe+0x166c>) modid:1
# 4 Repository::~Repository [D:/CS/OOP/Assignment05-06/repository/repository.cpp:59] (0x00401db2 <Assignment05_06.exe+0x1db2>) modid:1
# 5 Controller::~Controller [D:/CS/OOP/Assignment05-06/controller/controller.cpp:54] (0x00402b8c <Assignment05_06.exe+0x2b8c>) modid:1
# 6 CLI::~CLI           [D:/CS/OOP/Assignment05-06/ui/cli.cpp:188] (0x00403b04 <Assignment05_06.exe+0x3b04>) modid:1
# 7 run                 [D:/CS/OOP/Assignment05-06/main.cpp:11] (0x004014da <Assignment05_06.exe+0x14da>) modid:1
# 8 main                [D:/CS/OOP/Assignment05-06/main.cpp:20] (0x00401566 <Assignment05_06.exe+0x1566>) modid:1
Note: @0:00:04.954 in thread 3976
Note: next higher malloc: 0x036d9380-0x036d9384
Note: prev lower malloc:  0x036d8fc8-0x036d8fcc
Note: 0x036d90b8-0x036d90bc overlaps memory 0x036d9098-0x036d90e8 that was freed here:
Note: # 0 replace_operator_delete_nothrow [d:\drmemory_package\common\alloc_replace.c:2974] (0x738210f0 <drmemorylib.dll+0x210f0>) modid:5
Note: # 1 DynamicVector::~DynamicVector [D:/CS/OOP/Assignment05-06/repository/DynamicVector.cpp:23] (0x0040167c <Assignment05_06.exe+0x167c>) modid:1
Note: # 2 Repository::~Repository [D:/CS/OOP/Assignment05-06/repository/repository.cpp:60] (0x00401d98 <Assignment05_06.exe+0x1d98>) modid:1
Note: # 3 Controller::~Controller [D:/CS/OOP/Assignment05-06/controller/controller.cpp:54] (0x00402b8c <Assignment05_06.exe+0x2b8c>) modid:1
Note: # 4 CLI::~CLI           [D:/CS/OOP/Assignment05-06/ui/cli.cpp:188] (0x00403b04 <Assignment05_06.exe+0x3b04>) modid:1
Note: # 5 run                 [D:/CS/OOP/Assignment05-06/main.cpp:11] (0x004014da <Assignment05_06.exe+0x14da>) modid:1
Note: instruction: mov    0x08(%eax) -> %edx
	error end

Error #11: UNADDRESSABLE ACCESS of freed memory: reading 0x036d90b0-0x036d90b4 4 byte(s)
# 0 libstdc++-6.dll!?               (0x6fe70ca0 <libstdc++-6.dll+0x30ca0>) modid:4
# 1 libstdc++-6.dll!?               (0x6fed5737 <libstdc++-6.dll+0x95737>) modid:4
# 2 libstdc++-6.dll!?               (0x6fed57a1 <libstdc++-6.dll+0x957a1>) modid:4
# 3 libstdc++-6.dll!?               (0x6fed93e7 <libstdc++-6.dll+0x993e7>) modid:4
# 4 Tutorial::~Tutorial [D:/CS/OOP/Assignment05-06/domain/tutorial.cpp:26] (0x00403d77 <Assignment05_06.exe+0x3d77>) modid:1
# 5 DynamicVector::~DynamicVector [D:/CS/OOP/Assignment05-06/repository/DynamicVector.cpp:23] (0x0040166c <Assignment05_06.exe+0x166c>) modid:1
# 6 Repository::~Repository [D:/CS/OOP/Assignment05-06/repository/repository.cpp:59] (0x00401db2 <Assignment05_06.exe+0x1db2>) modid:1
# 7 Controller::~Controller [D:/CS/OOP/Assignment05-06/controller/controller.cpp:54] (0x00402b8c <Assignment05_06.exe+0x2b8c>) modid:1
# 8 CLI::~CLI           [D:/CS/OOP/Assignment05-06/ui/cli.cpp:188] (0x00403b04 <Assignment05_06.exe+0x3b04>) modid:1
# 9 run                 [D:/CS/OOP/Assignment05-06/main.cpp:11] (0x004014da <Assignment05_06.exe+0x14da>) modid:1
#10 main                [D:/CS/OOP/Assignment05-06/main.cpp:20] (0x00401566 <Assignment05_06.exe+0x1566>) modid:1
Note: @0:00:04.954 in thread 3976
Note: next higher malloc: 0x036d9380-0x036d9384
Note: prev lower malloc:  0x036d8fc8-0x036d8fcc
Note: 0x036d90b0-0x036d90b4 overlaps memory 0x036d9098-0x036d90e8 that was freed here:
Note: # 0 replace_operator_delete_nothrow [d:\drmemory_package\common\alloc_replace.c:2974] (0x738210f0 <drmemorylib.dll+0x210f0>) modid:5
Note: # 1 DynamicVector::~DynamicVector [D:/CS/OOP/Assignment05-06/repository/DynamicVector.cpp:23] (0x0040167c <Assignment05_06.exe+0x167c>) modid:1
Note: # 2 Repository::~Repository [D:/CS/OOP/Assignment05-06/repository/repository.cpp:60] (0x00401d98 <Assignment05_06.exe+0x1d98>) modid:1
Note: # 3 Controller::~Controller [D:/CS/OOP/Assignment05-06/controller/controller.cpp:54] (0x00402b8c <Assignment05_06.exe+0x2b8c>) modid:1
Note: # 4 CLI::~CLI           [D:/CS/OOP/Assignment05-06/ui/cli.cpp:188] (0x00403b04 <Assignment05_06.exe+0x3b04>) modid:1
Note: # 5 run                 [D:/CS/OOP/Assignment05-06/main.cpp:11] (0x004014da <Assignment05_06.exe+0x14da>) modid:1
Note: instruction: mov    (%eax) -> %eax
	error end

Error #12: INVALID HEAP ARGUMENT to free 0x036d9108
# 0 replace_free    [d:\drmemory_package\common\alloc_replace.c:2706] (0x73820900 <drmemorylib.dll+0x20900>) modid:5
# 1 libstdc++-6.dll!?               (0x6fe59f84 <libstdc++-6.dll+0x19f84>) modid:4
# 2 libstdc++-6.dll!?               (0x6fec884f <libstdc++-6.dll+0x8884f>) modid:4
# 3 libstdc++-6.dll!?               (0x6fed5753 <libstdc++-6.dll+0x95753>) modid:4
# 4 libstdc++-6.dll!?               (0x6fed57a1 <libstdc++-6.dll+0x957a1>) modid:4
# 5 libstdc++-6.dll!?               (0x6fed93e7 <libstdc++-6.dll+0x993e7>) modid:4
# 6 Tutorial::~Tutorial [D:/CS/OOP/Assignment05-06/domain/tutorial.cpp:26] (0x00403d77 <Assignment05_06.exe+0x3d77>) modid:1
# 7 DynamicVector::~DynamicVector [D:/CS/OOP/Assignment05-06/repository/DynamicVector.cpp:23] (0x0040166c <Assignment05_06.exe+0x166c>) modid:1
# 8 Repository::~Repository [D:/CS/OOP/Assignment05-06/repository/repository.cpp:59] (0x00401db2 <Assignment05_06.exe+0x1db2>) modid:1
# 9 Controller::~Controller [D:/CS/OOP/Assignment05-06/controller/controller.cpp:54] (0x00402b8c <Assignment05_06.exe+0x2b8c>) modid:1
#10 CLI::~CLI           [D:/CS/OOP/Assignment05-06/ui/cli.cpp:188] (0x00403b04 <Assignment05_06.exe+0x3b04>) modid:1
#11 run                 [D:/CS/OOP/Assignment05-06/main.cpp:11] (0x004014da <Assignment05_06.exe+0x14da>) modid:1
#12 main                [D:/CS/OOP/Assignment05-06/main.cpp:20] (0x00401566 <Assignment05_06.exe+0x1566>) modid:1
Note: @0:00:04.954 in thread 3976
Note: next higher malloc: 0x036d9380-0x036d9384
Note: prev lower malloc:  0x036d8fc8-0x036d8fcc
Note: memory was previously freed here:
Note: # 0 replace_free    [d:\drmemory_package\common\alloc_replace.c:2706] (0x73820900 <drmemorylib.dll+0x20900>) modid:5
Note: # 1 libstdc++-6.dll!?               (0x6fe59f84 <libstdc++-6.dll+0x19f84>) modid:4
Note: # 2 libstdc++-6.dll!?               (0x6fec884f <libstdc++-6.dll+0x8884f>) modid:4
Note: # 3 libstdc++-6.dll!?               (0x6fed5753 <libstdc++-6.dll+0x95753>) modid:4
Note: # 4 libstdc++-6.dll!?               (0x6fed57a1 <libstdc++-6.dll+0x957a1>) modid:4
Note: # 5 libstdc++-6.dll!?               (0x6fed93e7 <libstdc++-6.dll+0x993e7>) modid:4
	error end

Error #13: UNADDRESSABLE ACCESS of freed memory: reading 0x036d8ec0-0x036d8ec4 4 byte(s)
# 0 DynamicVector::~DynamicVector [D:/CS/OOP/Assignment05-06/repository/DynamicVector.cpp:25] (0x00401685 <Assignment05_06.exe+0x1685>) modid:1
# 1 Repository::~Repository [D:/CS/OOP/Assignment05-06/repository/repository.cpp:59] (0x00401db2 <Assignment05_06.exe+0x1db2>) modid:1
# 2 Controller::~Controller [D:/CS/OOP/Assignment05-06/controller/controller.cpp:54] (0x00402b8c <Assignment05_06.exe+0x2b8c>) modid:1
# 3 CLI::~CLI           [D:/CS/OOP/Assignment05-06/ui/cli.cpp:188] (0x00403b04 <Assignment05_06.exe+0x3b04>) modid:1
# 4 run                 [D:/CS/OOP/Assignment05-06/main.cpp:11] (0x004014da <Assignment05_06.exe+0x14da>) modid:1
# 5 main                [D:/CS/OOP/Assignment05-06/main.cpp:20] (0x00401566 <Assignment05_06.exe+0x1566>) modid:1
Note: @0:00:04.970 in thread 3976
Note: next higher malloc: 0x036d8fc8-0x036d8fcc
Note: prev lower malloc:  0x036d8dc8-0x036d8ea0
Note: 0x036d8ec0-0x036d8ec4 overlaps memory 0x036d8ec0-0x036d8ecc that was freed here:
Note: # 0 replace_operator_delete_nothrow [d:\drmemory_package\common\alloc_replace.c:2974] (0x738210f0 <drmemorylib.dll+0x210f0>) modid:5
Note: # 1 Repository::~Repository [D:/CS/OOP/Assignment05-06/repository/repository.cpp:60] (0x00401da8 <Assignment05_06.exe+0x1da8>) modid:1
Note: # 2 Controller::~Controller [D:/CS/OOP/Assignment05-06/controller/controller.cpp:54] (0x00402b8c <Assignment05_06.exe+0x2b8c>) modid:1
Note: # 3 CLI::~CLI           [D:/CS/OOP/Assignment05-06/ui/cli.cpp:188] (0x00403b04 <Assignment05_06.exe+0x3b04>) modid:1
Note: # 4 run                 [D:/CS/OOP/Assignment05-06/main.cpp:11] (0x004014da <Assignment05_06.exe+0x14da>) modid:1
Note: # 5 main                [D:/CS/OOP/Assignment05-06/main.cpp:20] (0x00401566 <Assignment05_06.exe+0x1566>) modid:1
Note: instruction: mov    (%eax) -> %eax
	error end

Error #14: UNADDRESSABLE ACCESS of freed memory: reading 0x036d8ec0-0x036d8ec4 4 byte(s)
# 0 DynamicVector::~DynamicVector [D:/CS/OOP/Assignment05-06/repository/DynamicVector.cpp:25] (0x0040168e <Assignment05_06.exe+0x168e>) modid:1
# 1 Repository::~Repository [D:/CS/OOP/Assignment05-06/repository/repository.cpp:59] (0x00401db2 <Assignment05_06.exe+0x1db2>) modid:1
# 2 Controller::~Controller [D:/CS/OOP/Assignment05-06/controller/controller.cpp:54] (0x00402b8c <Assignment05_06.exe+0x2b8c>) modid:1
# 3 CLI::~CLI           [D:/CS/OOP/Assignment05-06/ui/cli.cpp:188] (0x00403b04 <Assignment05_06.exe+0x3b04>) modid:1
# 4 run                 [D:/CS/OOP/Assignment05-06/main.cpp:11] (0x004014da <Assignment05_06.exe+0x14da>) modid:1
# 5 main                [D:/CS/OOP/Assignment05-06/main.cpp:20] (0x00401566 <Assignment05_06.exe+0x1566>) modid:1
Note: @0:00:04.970 in thread 3976
Note: next higher malloc: 0x036d8fc8-0x036d8fcc
Note: prev lower malloc:  0x036d8dc8-0x036d8ea0
Note: 0x036d8ec0-0x036d8ec4 overlaps memory 0x036d8ec0-0x036d8ecc that was freed here:
Note: # 0 replace_operator_delete_nothrow [d:\drmemory_package\common\alloc_replace.c:2974] (0x738210f0 <drmemorylib.dll+0x210f0>) modid:5
Note: # 1 Repository::~Repository [D:/CS/OOP/Assignment05-06/repository/repository.cpp:60] (0x00401da8 <Assignment05_06.exe+0x1da8>) modid:1
Note: # 2 Controller::~Controller [D:/CS/OOP/Assignment05-06/controller/controller.cpp:54] (0x00402b8c <Assignment05_06.exe+0x2b8c>) modid:1
Note: # 3 CLI::~CLI           [D:/CS/OOP/Assignment05-06/ui/cli.cpp:188] (0x00403b04 <Assignment05_06.exe+0x3b04>) modid:1
Note: # 4 run                 [D:/CS/OOP/Assignment05-06/main.cpp:11] (0x004014da <Assignment05_06.exe+0x14da>) modid:1
Note: # 5 main                [D:/CS/OOP/Assignment05-06/main.cpp:20] (0x00401566 <Assignment05_06.exe+0x1566>) modid:1
Note: instruction: mov    (%eax) -> %eax
	error end

Error #15: INVALID HEAP ARGUMENT to free 0x036d8f80
# 0 replace_operator_delete_array [d:\drmemory_package\common\alloc_replace.c:2998] (0x738211e0 <drmemorylib.dll+0x211e0>) modid:5
# 1 DynamicVector::~DynamicVector [D:/CS/OOP/Assignment05-06/repository/DynamicVector.cpp:25] (0x00401698 <Assignment05_06.exe+0x1698>) modid:1
# 2 Repository::~Repository [D:/CS/OOP/Assignment05-06/repository/repository.cpp:59] (0x00401db2 <Assignment05_06.exe+0x1db2>) modid:1
# 3 Controller::~Controller [D:/CS/OOP/Assignment05-06/controller/controller.cpp:54] (0x00402b8c <Assignment05_06.exe+0x2b8c>) modid:1
# 4 CLI::~CLI           [D:/CS/OOP/Assignment05-06/ui/cli.cpp:188] (0x00403b04 <Assignment05_06.exe+0x3b04>) modid:1
# 5 run                 [D:/CS/OOP/Assignment05-06/main.cpp:11] (0x004014da <Assignment05_06.exe+0x14da>) modid:1
# 6 main                [D:/CS/OOP/Assignment05-06/main.cpp:20] (0x00401566 <Assignment05_06.exe+0x1566>) modid:1
Note: @0:00:04.970 in thread 3976
Note: next higher malloc: 0x036d8fc8-0x036d8fcc
Note: prev lower malloc:  0x036d8dc8-0x036d8ea0
Note: memory was previously freed here:
Note: # 0 replace_operator_delete_array [d:\drmemory_package\common\alloc_replace.c:2998] (0x738211e0 <drmemorylib.dll+0x211e0>) modid:5
Note: # 1 DynamicVector::~DynamicVector [D:/CS/OOP/Assignment05-06/repository/DynamicVector.cpp:25] (0x00401698 <Assignment05_06.exe+0x1698>) modid:1
Note: # 2 Repository::~Repository [D:/CS/OOP/Assignment05-06/repository/repository.cpp:60] (0x00401d98 <Assignment05_06.exe+0x1d98>) modid:1
Note: # 3 Controller::~Controller [D:/CS/OOP/Assignment05-06/controller/controller.cpp:54] (0x00402b8c <Assignment05_06.exe+0x2b8c>) modid:1
Note: # 4 CLI::~CLI           [D:/CS/OOP/Assignment05-06/ui/cli.cpp:188] (0x00403b04 <Assignment05_06.exe+0x3b04>) modid:1
Note: # 5 run                 [D:/CS/OOP/Assignment05-06/main.cpp:11] (0x004014da <Assignment05_06.exe+0x14da>) modid:1
	error end

Error #16: INVALID HEAP ARGUMENT to free 0x036d8ec0
# 0 replace_operator_delete_nothrow [d:\drmemory_package\common\alloc_replace.c:2974] (0x738210f0 <drmemorylib.dll+0x210f0>) modid:5
# 1 Controller::~Controller [D:/CS/OOP/Assignment05-06/controller/controller.cpp:54] (0x00402b9c <Assignment05_06.exe+0x2b9c>) modid:1
# 2 CLI::~CLI           [D:/CS/OOP/Assignment05-06/ui/cli.cpp:188] (0x00403b04 <Assignment05_06.exe+0x3b04>) modid:1
# 3 run                 [D:/CS/OOP/Assignment05-06/main.cpp:11] (0x004014da <Assignment05_06.exe+0x14da>) modid:1
# 4 main                [D:/CS/OOP/Assignment05-06/main.cpp:20] (0x00401566 <Assignment05_06.exe+0x1566>) modid:1
Note: @0:00:04.970 in thread 3976
Note: next higher malloc: 0x036d8fc8-0x036d8fcc
Note: prev lower malloc:  0x036d8dc8-0x036d8ea0
Note: memory was previously freed here:
Note: # 0 replace_operator_delete_nothrow [d:\drmemory_package\common\alloc_replace.c:2974] (0x738210f0 <drmemorylib.dll+0x210f0>) modid:5
Note: # 1 Repository::~Repository [D:/CS/OOP/Assignment05-06/repository/repository.cpp:60] (0x00401da8 <Assignment05_06.exe+0x1da8>) modid:1
Note: # 2 Controller::~Controller [D:/CS/OOP/Assignment05-06/controller/controller.cpp:54] (0x00402b8c <Assignment05_06.exe+0x2b8c>) modid:1
Note: # 3 CLI::~CLI           [D:/CS/OOP/Assignment05-06/ui/cli.cpp:188] (0x00403b04 <Assignment05_06.exe+0x3b04>) modid:1
Note: # 4 run                 [D:/CS/OOP/Assignment05-06/main.cpp:11] (0x004014da <Assignment05_06.exe+0x14da>) modid:1
Note: # 5 main                [D:/CS/OOP/Assignment05-06/main.cpp:20] (0x00401566 <Assignment05_06.exe+0x1566>) modid:1
	error end

Error #17: LEAK 2 direct bytes 0x036c1a38-0x036c1a3a + 0 indirect bytes
# 0 replace_malloc  [d:\drmemory_package\common\alloc_replace.c:2576] (0x73820300 <drmemorylib.dll+0x20300>) modid:5
# 1 msvcrt.dll!_strdup    (0x75db56a9 <msvcrt.dll+0x856a9>) modid:7
# 2 .text               [D:/CS/OOP/Assignment05-06/repository/repository.cpp:61] (0x00407c05 <Assignment05_06.exe+0x7c05>) modid:1
# 3 __mingw_glob        [D:/CS/OOP/Assignment05-06/repository/repository.cpp:61] (0x00407f22 <Assignment05_06.exe+0x7f22>) modid:1
# 4 _setargv            [D:/CS/OOP/Assignment05-06/repository/repository.cpp:61] (0x004065e6 <Assignment05_06.exe+0x65e6>) modid:1
# 5 .text               [d:/cs/ides/mingw/lib/gcc/mingw32/6.3.0/include/c++/bits/basic_string.h:5062] (0x00401202 <Assignment05_06.exe+0x1202>) modid:1
# 6 mainCRTStartup      [d:/cs/ides/mingw/lib/gcc/mingw32/6.3.0/include/c++/bits/basic_string.h:5062] (0x004012f5 <Assignment05_06.exe+0x12f5>) modid:1
# 7 ntdll.dll!RtlGetAppContainerNamedObjectPath (0x77494a77 <ntdll.dll+0x64a77>) modid:9
# 8 ntdll.dll!RtlGetAppContainerNamedObjectPath (0x77494a47 <ntdll.dll+0x64a47>) modid:9
	error end
WARNING: unable to load symbols for C:\WINDOWS\System32\KERNELBASE.dll

Potential Error #1: HANDLE LEAK: KERNEL handle 0x0000011c and 0 similar handle(s) were opened but not closed:
# 0 system call NtOpenKey
# 1 KERNELBASE.dll!IsValidCodePage (0x746229c9 <KERNELBASE.dll+0xf29c9>) modid:6
# 2 KERNELBASE.dll!IsValidLocale  (0x745ff087 <KERNELBASE.dll+0xcf087>) modid:6
# 3 KERNELBASE.dll!IsValidLocale  (0x745fee2a <KERNELBASE.dll+0xcee2a>) modid:6
# 4 msvcrt.dll!__get_qualified_locale (0x75d8e9bb <msvcrt.dll+0x5e9bb>) modid:7
# 5 msvcrt.dll!_expandlocale (0x75d854f9 <msvcrt.dll+0x554f9>) modid:7
# 6 msvcrt.dll!_setlocale_set_cat (0x75d85c03 <msvcrt.dll+0x55c03>) modid:7
# 7 msvcrt.dll!_setlocale_nolock (0x75d85939 <msvcrt.dll+0x55939>) modid:7
# 8 msvcrt.dll!setlocale  (0x75d86055 <msvcrt.dll+0x56055>) modid:7
# 9 __mingw_dirname     [D:/CS/OOP/Assignment05-06/repository/repository.cpp:61] (0x00408071 <Assignment05_06.exe+0x8071>) modid:1
#10 .text               [D:/CS/OOP/Assignment05-06/repository/repository.cpp:61] (0x004076a4 <Assignment05_06.exe+0x76a4>) modid:1
#11 __mingw_glob        [D:/CS/OOP/Assignment05-06/repository/repository.cpp:61] (0x00407f22 <Assignment05_06.exe+0x7f22>) modid:1
#12 _setargv            [D:/CS/OOP/Assignment05-06/repository/repository.cpp:61] (0x00406644 <Assignment05_06.exe+0x6644>) modid:1
#13 .text               [d:/cs/ides/mingw/lib/gcc/mingw32/6.3.0/include/c++/bits/basic_string.h:5062] (0x00401202 <Assignment05_06.exe+0x1202>) modid:1
#14 mainCRTStartup      [d:/cs/ides/mingw/lib/gcc/mingw32/6.3.0/include/c++/bits/basic_string.h:5062] (0x004012f5 <Assignment05_06.exe+0x12f5>) modid:1
#15 ntdll.dll!RtlGetAppContainerNamedObjectPath (0x77494a77 <ntdll.dll+0x64a77>) modid:9
#16 ntdll.dll!RtlGetAppContainerNamedObjectPath (0x77494a47 <ntdll.dll+0x64a47>) modid:9
Note: @0:00:05.079 in thread 3976
	error end

Potential Error #2: HANDLE LEAK: KERNEL handle 0x00000120 and 0 similar handle(s) were opened but not closed:
# 0 system call NtOpenKey
# 1 KERNELBASE.dll!IsValidCodePage (0x746229c9 <KERNELBASE.dll+0xf29c9>) modid:6
# 2 KERNELBASE.dll!IsValidLocale  (0x745fefe7 <KERNELBASE.dll+0xcefe7>) modid:6
# 3 KERNELBASE.dll!IsValidLocale  (0x745fee3c <KERNELBASE.dll+0xcee3c>) modid:6
# 4 msvcrt.dll!__get_qualified_locale (0x75d8e9bb <msvcrt.dll+0x5e9bb>) modid:7
# 5 msvcrt.dll!_expandlocale (0x75d854f9 <msvcrt.dll+0x554f9>) modid:7
# 6 msvcrt.dll!_setlocale_set_cat (0x75d85c03 <msvcrt.dll+0x55c03>) modid:7
# 7 msvcrt.dll!_setlocale_nolock (0x75d85939 <msvcrt.dll+0x55939>) modid:7
# 8 msvcrt.dll!setlocale  (0x75d86055 <msvcrt.dll+0x56055>) modid:7
# 9 __mingw_dirname     [D:/CS/OOP/Assignment05-06/repository/repository.cpp:61] (0x00408071 <Assignment05_06.exe+0x8071>) modid:1
#10 .text               [D:/CS/OOP/Assignment05-06/repository/repository.cpp:61] (0x004076a4 <Assignment05_06.exe+0x76a4>) modid:1
#11 __mingw_glob        [D:/CS/OOP/Assignment05-06/repository/repository.cpp:61] (0x00407f22 <Assignment05_06.exe+0x7f22>) modid:1
#12 _setargv            [D:/CS/OOP/Assignment05-06/repository/repository.cpp:61] (0x00406644 <Assignment05_06.exe+0x6644>) modid:1
#13 .text               [d:/cs/ides/mingw/lib/gcc/mingw32/6.3.0/include/c++/bits/basic_string.h:5062] (0x00401202 <Assignment05_06.exe+0x1202>) modid:1
#14 mainCRTStartup      [d:/cs/ides/mingw/lib/gcc/mingw32/6.3.0/include/c++/bits/basic_string.h:5062] (0x004012f5 <Assignment05_06.exe+0x12f5>) modid:1
#15 ntdll.dll!RtlGetAppContainerNamedObjectPath (0x77494a77 <ntdll.dll+0x64a77>) modid:9
#16 ntdll.dll!RtlGetAppContainerNamedObjectPath (0x77494a47 <ntdll.dll+0x64a47>) modid:9
Note: @0:00:05.079 in thread 3976
	error end

Potential Error #3: HANDLE LEAK: KERNEL handle 0x00000128 and 0 similar handle(s) were opened but not closed:
# 0 system call NtOpenKey
# 1 KERNELBASE.dll!IsValidCodePage (0x746229c9 <KERNELBASE.dll+0xf29c9>) modid:6
# 2 KERNELBASE.dll!IsValidLocale  (0x745ff037 <KERNELBASE.dll+0xcf037>) modid:6
# 3 KERNELBASE.dll!IsValidLocale  (0x745fee33 <KERNELBASE.dll+0xcee33>) modid:6
# 4 msvcrt.dll!__get_qualified_locale (0x75d8e9bb <msvcrt.dll+0x5e9bb>) modid:7
# 5 msvcrt.dll!_expandlocale (0x75d854f9 <msvcrt.dll+0x554f9>) modid:7
# 6 msvcrt.dll!_setlocale_set_cat (0x75d85c03 <msvcrt.dll+0x55c03>) modid:7
# 7 msvcrt.dll!_setlocale_nolock (0x75d85939 <msvcrt.dll+0x55939>) modid:7
# 8 msvcrt.dll!setlocale  (0x75d86055 <msvcrt.dll+0x56055>) modid:7
# 9 __mingw_dirname     [D:/CS/OOP/Assignment05-06/repository/repository.cpp:61] (0x00408071 <Assignment05_06.exe+0x8071>) modid:1
#10 .text               [D:/CS/OOP/Assignment05-06/repository/repository.cpp:61] (0x004076a4 <Assignment05_06.exe+0x76a4>) modid:1
#11 __mingw_glob        [D:/CS/OOP/Assignment05-06/repository/repository.cpp:61] (0x00407f22 <Assignment05_06.exe+0x7f22>) modid:1
#12 _setargv            [D:/CS/OOP/Assignment05-06/repository/repository.cpp:61] (0x00406644 <Assignment05_06.exe+0x6644>) modid:1
#13 .text               [d:/cs/ides/mingw/lib/gcc/mingw32/6.3.0/include/c++/bits/basic_string.h:5062] (0x00401202 <Assignment05_06.exe+0x1202>) modid:1
#14 mainCRTStartup      [d:/cs/ides/mingw/lib/gcc/mingw32/6.3.0/include/c++/bits/basic_string.h:5062] (0x004012f5 <Assignment05_06.exe+0x12f5>) modid:1
#15 ntdll.dll!RtlGetAppContainerNamedObjectPath (0x77494a77 <ntdll.dll+0x64a77>) modid:9
#16 ntdll.dll!RtlGetAppContainerNamedObjectPath (0x77494a47 <ntdll.dll+0x64a47>) modid:9
Note: @0:00:05.079 in thread 3976
	error end

DUPLICATE ERROR COUNTS:
	Error #   3:      7
	Error #   4:      6
	Error #   5:      6
	Error #   6:      6
	Error #   7:      6
	Error #   8:      6
	Error #   9:      6
	Error #  10:      2
	Error #  11:      2
	Error #  12:      2

SUPPRESSIONS USED:
	     1x: default i#1324 mingw runtime

ERRORS FOUND:
     10 unique,    43 total unaddressable access(es)
      0 unique,     0 total uninitialized access(es)
      6 unique,    12 total invalid heap argument(s)
      0 unique,     0 total GDI usage error(s)
      0 unique,     0 total handle leak(s)
      0 unique,     0 total warning(s)
      1 unique,     1 total,      2 byte(s) of leak(s)
      0 unique,     0 total,      0 byte(s) of possible leak(s)
ERRORS IGNORED:
      3 potential error(s) (suspected false positives)
         (details: D:\CS\OOP\Assignment05-06\Dr. Memory\drmemory\logs\DrMemory-Assignment05_06.exe.7840.000\potential_errors.txt)
     99 ignored assumed-innocuous system leak(s)
      8 unique,     8 total,   4472 byte(s) of still-reachable allocation(s)
         (re-run with "-show_reachable" for details)
Details: D:\CS\OOP\Assignment05-06\Dr. Memory\drmemory\logs\DrMemory-Assignment05_06.exe.7840.000\results.txt

DUPLICATE POTENTIAL ERROR COUNTS:

POTENTIAL ERRORS FOUND:
      0 unique,     0 total potential unaddressable access(es)
      0 unique,     0 total potential uninitialized access(es)
      0 unique,     0 total potential invalid heap argument(s)
      0 unique,     0 total potential GDI usage error(s)
      3 unique,     3 total potential handle leak(s)
      0 unique,     0 total potential warning(s)
      0 unique,     0 total,      0 byte(s) of potential leak(s)
      0 unique,     0 total,      0 byte(s) of potential possible leak(s)
Details: D:\CS\OOP\Assignment05-06\Dr. Memory\drmemory\logs\DrMemory-Assignment05_06.exe.7840.000\potential_errors.txt
Exiting @0:00:05.095 in thread 3976
LOG END
