Dr. Memory version 1.11.0 build 2 built on Aug 29 2016 02:42:07
start time: 3657595:16:48.110 == 19:16:48.110 04/04/2018
Recorded 115 suppression(s) from default D:\CS\OOP\Assignment05-06\Dr. Memory\bin\suppress-default.txt
Syscall mismatch detected.  Running on unknown kernel version!
new thread #0 id=11220

module load event: "Assignment05_06.exe" 0x00400000-0x00480000 modid: 1 D:\CS\OOP\Assignment05-06\cmake-build-mingw\Assignment05_06.exe
WARNING: assuming operator delete is non-placement in Assignment05_06.exe @0x00407a64
WARNING: assuming operator delete[] is non-placement in Assignment05_06.exe @0x00407a6c

module load event: "dynamorio.dll" 0x5c7e0000-0x5c93d000 modid: 2 D:\CS\OOP\Assignment05-06\Dr. Memory\dynamorio\lib32\release\dynamorio.dll

module load event: "libgcc_s_dw2-1.dll" 0x6eb40000-0x6ec1d000 modid: 3 D:\CS\IDEs\MinGW\bin\libgcc_s_dw2-1.dll

module load event: "libstdc++-6.dll" 0x6fe40000-0x6ffb4000 modid: 4 D:\CS\IDEs\MinGW\bin\libstdc++-6.dll

module load event: "drmemorylib.dll" 0x73800000-0x73a26000 modid: 5 D:\CS\OOP\Assignment05-06\Dr. Memory\bin\release\drmemorylib.dll

module load event: "KERNELBASE.dll" 0x74530000-0x74707000 modid: 6 C:\WINDOWS\System32\KERNELBASE.dll

module load event: "msvcrt.dll" 0x75d30000-0x75ded000 modid: 7 C:\WINDOWS\System32\msvcrt.dll
WARNING: new/delete has no local wrapper => disabling mismatch detection for msvcrt.dll
WARNING: new/delete has no local wrapper => disabling mismatch detection for msvcrt.dll
WARNING: new == new[] => disabling mismatch detection for msvcrt.dll
WARNING: new/delete has no local wrapper => disabling mismatch detection for msvcrt.dll
WARNING: new/delete has no local wrapper => disabling mismatch detection for msvcrt.dll
WARNING: new/delete has no local wrapper => disabling mismatch detection for msvcrt.dll

module load event: "KERNEL32.dll" 0x76a80000-0x76b50000 modid: 8 C:\WINDOWS\System32\KERNEL32.DLL

module load event: "ntdll.dll" 0x77430000-0x775bd000 modid: 9 C:\WINDOWS\SYSTEM32\ntdll.dll
WARNING: unable to load symbols for C:\WINDOWS\SYSTEM32\ntdll.dll
WARNING: unhandled system calls found
WARNING: unable to load symbols for D:\CS\IDEs\MinGW\bin\libstdc++-6.dll

NEW THREAD: main thread 11220


Error #1: UNADDRESSABLE ACCESS of freed memory: reading 0x038b86a0-0x038b86a4 4 byte(s)
# 0 libstdc++-6.dll!?               (0x6fe70ca0 <libstdc++-6.dll+0x30ca0>) modid:4
# 1 libstdc++-6.dll!?               (0x6fe70040 <libstdc++-6.dll+0x30040>) modid:4
# 2 libstdc++-6.dll!?               (0x6fed5787 <libstdc++-6.dll+0x95787>) modid:4
# 3 libstdc++-6.dll!?               (0x6fed93e7 <libstdc++-6.dll+0x993e7>) modid:4
# 4 Tutorial::~Tutorial [D:/CS/OOP/Assignment05-06/domain/tutorial.cpp:26] (0x00404ab2 <Assignment05_06.exe+0x4ab2>) modid:1
# 5 DynamicVector::~DynamicVector [D:/CS/OOP/Assignment05-06/repository/DynamicVector.cpp:21] (0x0040168c <Assignment05_06.exe+0x168c>) modid:1
# 6 Repository::~Repository [D:/CS/OOP/Assignment05-06/repository/repository.cpp:60] (0x00401db2 <Assignment05_06.exe+0x1db2>) modid:1
# 7 Controller::~Controller [D:/CS/OOP/Assignment05-06/controller/controller.cpp:68] (0x00402cc1 <Assignment05_06.exe+0x2cc1>) modid:1
# 8 CLI::~CLI           [D:/CS/OOP/Assignment05-06/ui/cli.cpp:270] (0x0040484c <Assignment05_06.exe+0x484c>) modid:1
# 9 run                 [D:/CS/OOP/Assignment05-06/main.cpp:12] (0x004014f8 <Assignment05_06.exe+0x14f8>) modid:1
#10 main                [D:/CS/OOP/Assignment05-06/main.cpp:21] (0x00401584 <Assignment05_06.exe+0x1584>) modid:1
Note: @0:00:13.873 in thread 11220
Note: next higher malloc: 0x038b87b8-0x038b87bc
Note: prev lower malloc:  0x038b83e0-0x038b8408
Note: 0x038b86a0-0x038b86a4 overlaps memory 0x038b8668-0x038b86b8 that was freed here:
Note: # 0 replace_operator_delete_nothrow [d:\drmemory_package\common\alloc_replace.c:2974] (0x738210f0 <drmemorylib.dll+0x210f0>) modid:5
Note: # 1 DynamicVector::~DynamicVector [D:/CS/OOP/Assignment05-06/repository/DynamicVector.cpp:21] (0x0040169c <Assignment05_06.exe+0x169c>) modid:1
Note: # 2 Repository::~Repository [D:/CS/OOP/Assignment05-06/repository/repository.cpp:60] (0x00401db2 <Assignment05_06.exe+0x1db2>) modid:1
Note: # 3 run                 [D:/CS/OOP/Assignment05-06/main.cpp:11] (0x004014da <Assignment05_06.exe+0x14da>) modid:1
Note: # 4 main                [D:/CS/OOP/Assignment05-06/main.cpp:21] (0x00401584 <Assignment05_06.exe+0x1584>) modid:1
Note: instruction: mov    (%eax) -> %eax
	error end

Error #2: UNADDRESSABLE ACCESS of freed memory: reading 0x038b8680-0x038b8684 4 byte(s)
# 0 libstdc++-6.dll!?               (0x6fe70ca0 <libstdc++-6.dll+0x30ca0>) modid:4
# 1 libstdc++-6.dll!?               (0x6fe70040 <libstdc++-6.dll+0x30040>) modid:4
# 2 libstdc++-6.dll!?               (0x6fed5787 <libstdc++-6.dll+0x95787>) modid:4
# 3 libstdc++-6.dll!?               (0x6fed93e7 <libstdc++-6.dll+0x993e7>) modid:4
# 4 Tutorial::~Tutorial [D:/CS/OOP/Assignment05-06/domain/tutorial.cpp:26] (0x00404abf <Assignment05_06.exe+0x4abf>) modid:1
# 5 DynamicVector::~DynamicVector [D:/CS/OOP/Assignment05-06/repository/DynamicVector.cpp:21] (0x0040168c <Assignment05_06.exe+0x168c>) modid:1
# 6 Repository::~Repository [D:/CS/OOP/Assignment05-06/repository/repository.cpp:60] (0x00401db2 <Assignment05_06.exe+0x1db2>) modid:1
# 7 Controller::~Controller [D:/CS/OOP/Assignment05-06/controller/controller.cpp:68] (0x00402cc1 <Assignment05_06.exe+0x2cc1>) modid:1
# 8 CLI::~CLI           [D:/CS/OOP/Assignment05-06/ui/cli.cpp:270] (0x0040484c <Assignment05_06.exe+0x484c>) modid:1
# 9 run                 [D:/CS/OOP/Assignment05-06/main.cpp:12] (0x004014f8 <Assignment05_06.exe+0x14f8>) modid:1
#10 main                [D:/CS/OOP/Assignment05-06/main.cpp:21] (0x00401584 <Assignment05_06.exe+0x1584>) modid:1
Note: @0:00:13.873 in thread 11220
Note: next higher malloc: 0x038b87b8-0x038b87bc
Note: prev lower malloc:  0x038b83e0-0x038b8408
Note: 0x038b8680-0x038b8684 overlaps memory 0x038b8668-0x038b86b8 that was freed here:
Note: # 0 replace_operator_delete_nothrow [d:\drmemory_package\common\alloc_replace.c:2974] (0x738210f0 <drmemorylib.dll+0x210f0>) modid:5
Note: # 1 DynamicVector::~DynamicVector [D:/CS/OOP/Assignment05-06/repository/DynamicVector.cpp:21] (0x0040169c <Assignment05_06.exe+0x169c>) modid:1
Note: # 2 Repository::~Repository [D:/CS/OOP/Assignment05-06/repository/repository.cpp:60] (0x00401db2 <Assignment05_06.exe+0x1db2>) modid:1
Note: # 3 run                 [D:/CS/OOP/Assignment05-06/main.cpp:11] (0x004014da <Assignment05_06.exe+0x14da>) modid:1
Note: # 4 main                [D:/CS/OOP/Assignment05-06/main.cpp:21] (0x00401584 <Assignment05_06.exe+0x1584>) modid:1
Note: instruction: mov    (%eax) -> %eax
	error end

Error #3: UNADDRESSABLE ACCESS of freed memory: reading 0x038b8668-0x038b866c 4 byte(s)
# 0 libstdc++-6.dll!?               (0x6fe70ca0 <libstdc++-6.dll+0x30ca0>) modid:4
# 1 libstdc++-6.dll!?               (0x6fe70040 <libstdc++-6.dll+0x30040>) modid:4
# 2 libstdc++-6.dll!?               (0x6fed5787 <libstdc++-6.dll+0x95787>) modid:4
# 3 libstdc++-6.dll!?               (0x6fed93e7 <libstdc++-6.dll+0x993e7>) modid:4
# 4 Tutorial::~Tutorial [D:/CS/OOP/Assignment05-06/domain/tutorial.cpp:26] (0x00404ac9 <Assignment05_06.exe+0x4ac9>) modid:1
# 5 DynamicVector::~DynamicVector [D:/CS/OOP/Assignment05-06/repository/DynamicVector.cpp:21] (0x0040168c <Assignment05_06.exe+0x168c>) modid:1
# 6 Repository::~Repository [D:/CS/OOP/Assignment05-06/repository/repository.cpp:60] (0x00401db2 <Assignment05_06.exe+0x1db2>) modid:1
# 7 Controller::~Controller [D:/CS/OOP/Assignment05-06/controller/controller.cpp:68] (0x00402cc1 <Assignment05_06.exe+0x2cc1>) modid:1
# 8 CLI::~CLI           [D:/CS/OOP/Assignment05-06/ui/cli.cpp:270] (0x0040484c <Assignment05_06.exe+0x484c>) modid:1
# 9 run                 [D:/CS/OOP/Assignment05-06/main.cpp:12] (0x004014f8 <Assignment05_06.exe+0x14f8>) modid:1
#10 main                [D:/CS/OOP/Assignment05-06/main.cpp:21] (0x00401584 <Assignment05_06.exe+0x1584>) modid:1
Note: @0:00:13.873 in thread 11220
Note: next higher malloc: 0x038b87b8-0x038b87bc
Note: prev lower malloc:  0x038b83e0-0x038b8408
Note: 0x038b8668-0x038b866c overlaps memory 0x038b8668-0x038b86b8 that was freed here:
Note: # 0 replace_operator_delete_nothrow [d:\drmemory_package\common\alloc_replace.c:2974] (0x738210f0 <drmemorylib.dll+0x210f0>) modid:5
Note: # 1 DynamicVector::~DynamicVector [D:/CS/OOP/Assignment05-06/repository/DynamicVector.cpp:21] (0x0040169c <Assignment05_06.exe+0x169c>) modid:1
Note: # 2 Repository::~Repository [D:/CS/OOP/Assignment05-06/repository/repository.cpp:60] (0x00401db2 <Assignment05_06.exe+0x1db2>) modid:1
Note: # 3 run                 [D:/CS/OOP/Assignment05-06/main.cpp:11] (0x004014da <Assignment05_06.exe+0x14da>) modid:1
Note: # 4 main                [D:/CS/OOP/Assignment05-06/main.cpp:21] (0x00401584 <Assignment05_06.exe+0x1584>) modid:1
Note: instruction: mov    (%eax) -> %eax
	error end

Error #4: INVALID HEAP ARGUMENT to free 0x038b8668
# 0 replace_operator_delete_nothrow [d:\drmemory_package\common\alloc_replace.c:2974] (0x738210f0 <drmemorylib.dll+0x210f0>) modid:5
# 1 DynamicVector::~DynamicVector [D:/CS/OOP/Assignment05-06/repository/DynamicVector.cpp:21] (0x0040169c <Assignment05_06.exe+0x169c>) modid:1
# 2 Repository::~Repository [D:/CS/OOP/Assignment05-06/repository/repository.cpp:60] (0x00401db2 <Assignment05_06.exe+0x1db2>) modid:1
# 3 Controller::~Controller [D:/CS/OOP/Assignment05-06/controller/controller.cpp:68] (0x00402cc1 <Assignment05_06.exe+0x2cc1>) modid:1
# 4 CLI::~CLI           [D:/CS/OOP/Assignment05-06/ui/cli.cpp:270] (0x0040484c <Assignment05_06.exe+0x484c>) modid:1
# 5 run                 [D:/CS/OOP/Assignment05-06/main.cpp:12] (0x004014f8 <Assignment05_06.exe+0x14f8>) modid:1
# 6 main                [D:/CS/OOP/Assignment05-06/main.cpp:21] (0x00401584 <Assignment05_06.exe+0x1584>) modid:1
Note: @0:00:13.888 in thread 11220
Note: next higher malloc: 0x038b87b8-0x038b87bc
Note: prev lower malloc:  0x038b83e0-0x038b8408
Note: memory was previously freed here:
Note: # 0 replace_operator_delete_nothrow [d:\drmemory_package\common\alloc_replace.c:2974] (0x738210f0 <drmemorylib.dll+0x210f0>) modid:5
Note: # 1 DynamicVector::~DynamicVector [D:/CS/OOP/Assignment05-06/repository/DynamicVector.cpp:21] (0x0040169c <Assignment05_06.exe+0x169c>) modid:1
Note: # 2 Repository::~Repository [D:/CS/OOP/Assignment05-06/repository/repository.cpp:60] (0x00401db2 <Assignment05_06.exe+0x1db2>) modid:1
Note: # 3 run                 [D:/CS/OOP/Assignment05-06/main.cpp:11] (0x004014da <Assignment05_06.exe+0x14da>) modid:1
Note: # 4 main                [D:/CS/OOP/Assignment05-06/main.cpp:21] (0x00401584 <Assignment05_06.exe+0x1584>) modid:1
	error end

Error #5: LEAK 13 direct bytes 0x038b9888-0x038b9895 + 0 indirect bytes
# 0 replace_malloc  [d:\drmemory_package\common\alloc_replace.c:2576] (0x73820300 <drmemorylib.dll+0x20300>) modid:5
# 1 msvcrt.dll!_strdup    (0x75db56a9 <msvcrt.dll+0x856a9>) modid:7
# 2 getCommand          [D:/CS/OOP/Assignment05-06/ui/cli.cpp:28] (0x0040341e <Assignment05_06.exe+0x341e>) modid:1
# 3 CLI::start          [D:/CS/OOP/Assignment05-06/ui/cli.cpp:169] (0x004039b5 <Assignment05_06.exe+0x39b5>) modid:1
# 4 run                 [D:/CS/OOP/Assignment05-06/main.cpp:10] (0x004014cc <Assignment05_06.exe+0x14cc>) modid:1
# 5 main                [D:/CS/OOP/Assignment05-06/main.cpp:21] (0x00401584 <Assignment05_06.exe+0x1584>) modid:1
	error end

Error #6: LEAK 40 direct bytes 0x038b98b8-0x038b98e0 + 6 indirect bytes
# 0 replace_malloc  [d:\drmemory_package\common\alloc_replace.c:2576] (0x73820300 <drmemorylib.dll+0x20300>) modid:5
# 1 getParams           [D:/CS/OOP/Assignment05-06/ui/cli.cpp:43] (0x00403489 <Assignment05_06.exe+0x3489>) modid:1
# 2 CLI::start          [D:/CS/OOP/Assignment05-06/ui/cli.cpp:170] (0x004039cd <Assignment05_06.exe+0x39cd>) modid:1
# 3 run                 [D:/CS/OOP/Assignment05-06/main.cpp:10] (0x004014cc <Assignment05_06.exe+0x14cc>) modid:1
# 4 main                [D:/CS/OOP/Assignment05-06/main.cpp:21] (0x00401584 <Assignment05_06.exe+0x1584>) modid:1
	error end
WARNING: unable to load symbols for C:\WINDOWS\System32\KERNELBASE.dll

Potential Error #1: HANDLE LEAK: KERNEL handle 0x0000011c and 0 similar handle(s) were opened but not closed:
# 0 system call NtOpenKey
# 1 KERNELBASE.dll!IsValidCodePage (0x746229c9 <KERNELBASE.dll+0xf29c9>) modid:6
# 2 KERNELBASE.dll!IsValidLocale  (0x745fefe7 <KERNELBASE.dll+0xcefe7>) modid:6
# 3 KERNELBASE.dll!IsValidLocale  (0x745fee3c <KERNELBASE.dll+0xcee3c>) modid:6
# 4 msvcrt.dll!__get_qualified_locale (0x75d8e9bb <msvcrt.dll+0x5e9bb>) modid:7
# 5 msvcrt.dll!_expandlocale (0x75d854f9 <msvcrt.dll+0x554f9>) modid:7
# 6 msvcrt.dll!_setlocale_set_cat (0x75d85c03 <msvcrt.dll+0x55c03>) modid:7
# 7 msvcrt.dll!_setlocale_nolock (0x75d85939 <msvcrt.dll+0x55939>) modid:7
# 8 msvcrt.dll!setlocale  (0x75d86055 <msvcrt.dll+0x56055>) modid:7
# 9 __mingw_dirname     [D:/CS/OOP/Assignment05-06/repository/repository.cpp:71] (0x00409941 <Assignment05_06.exe+0x9941>) modid:1
#10 .text               [D:/CS/OOP/Assignment05-06/repository/repository.cpp:71] (0x00408f74 <Assignment05_06.exe+0x8f74>) modid:1
#11 __mingw_glob        [D:/CS/OOP/Assignment05-06/repository/repository.cpp:71] (0x004097f2 <Assignment05_06.exe+0x97f2>) modid:1
#12 _setargv            [D:/CS/OOP/Assignment05-06/repository/repository.cpp:71] (0x00407eb6 <Assignment05_06.exe+0x7eb6>) modid:1
#13 .text               [d:/cs/ides/mingw/lib/gcc/mingw32/6.3.0/include/c++/bits/basic_string.h:5062] (0x00401202 <Assignment05_06.exe+0x1202>) modid:1
#14 mainCRTStartup      [d:/cs/ides/mingw/lib/gcc/mingw32/6.3.0/include/c++/bits/basic_string.h:5062] (0x004012f5 <Assignment05_06.exe+0x12f5>) modid:1
#15 ntdll.dll!RtlGetAppContainerNamedObjectPath (0x77494a77 <ntdll.dll+0x64a77>) modid:9
#16 ntdll.dll!RtlGetAppContainerNamedObjectPath (0x77494a47 <ntdll.dll+0x64a47>) modid:9
Note: @0:00:13.998 in thread 11220
	error end

Potential Error #2: HANDLE LEAK: KERNEL handle 0x0000012c and 0 similar handle(s) were opened but not closed:
# 0 system call NtOpenKey
# 1 KERNELBASE.dll!IsValidCodePage (0x746229c9 <KERNELBASE.dll+0xf29c9>) modid:6
# 2 KERNELBASE.dll!IsValidLocale  (0x745ff037 <KERNELBASE.dll+0xcf037>) modid:6
# 3 KERNELBASE.dll!IsValidLocale  (0x745fee33 <KERNELBASE.dll+0xcee33>) modid:6
# 4 msvcrt.dll!__get_qualified_locale (0x75d8e9bb <msvcrt.dll+0x5e9bb>) modid:7
# 5 msvcrt.dll!_expandlocale (0x75d854f9 <msvcrt.dll+0x554f9>) modid:7
# 6 msvcrt.dll!_setlocale_set_cat (0x75d85c03 <msvcrt.dll+0x55c03>) modid:7
# 7 msvcrt.dll!_setlocale_nolock (0x75d85939 <msvcrt.dll+0x55939>) modid:7
# 8 msvcrt.dll!setlocale  (0x75d86055 <msvcrt.dll+0x56055>) modid:7
# 9 __mingw_dirname     [D:/CS/OOP/Assignment05-06/repository/repository.cpp:71] (0x00409941 <Assignment05_06.exe+0x9941>) modid:1
#10 .text               [D:/CS/OOP/Assignment05-06/repository/repository.cpp:71] (0x00408f74 <Assignment05_06.exe+0x8f74>) modid:1
#11 __mingw_glob        [D:/CS/OOP/Assignment05-06/repository/repository.cpp:71] (0x004097f2 <Assignment05_06.exe+0x97f2>) modid:1
#12 _setargv            [D:/CS/OOP/Assignment05-06/repository/repository.cpp:71] (0x00407eb6 <Assignment05_06.exe+0x7eb6>) modid:1
#13 .text               [d:/cs/ides/mingw/lib/gcc/mingw32/6.3.0/include/c++/bits/basic_string.h:5062] (0x00401202 <Assignment05_06.exe+0x1202>) modid:1
#14 mainCRTStartup      [d:/cs/ides/mingw/lib/gcc/mingw32/6.3.0/include/c++/bits/basic_string.h:5062] (0x004012f5 <Assignment05_06.exe+0x12f5>) modid:1
#15 ntdll.dll!RtlGetAppContainerNamedObjectPath (0x77494a77 <ntdll.dll+0x64a77>) modid:9
#16 ntdll.dll!RtlGetAppContainerNamedObjectPath (0x77494a47 <ntdll.dll+0x64a47>) modid:9
Note: @0:00:13.998 in thread 11220
	error end

Potential Error #3: HANDLE LEAK: KERNEL handle 0x00000130 and 0 similar handle(s) were opened but not closed:
# 0 system call NtOpenKey
# 1 KERNELBASE.dll!IsValidCodePage (0x746229c9 <KERNELBASE.dll+0xf29c9>) modid:6
# 2 KERNELBASE.dll!IsValidLocale  (0x745ff087 <KERNELBASE.dll+0xcf087>) modid:6
# 3 KERNELBASE.dll!IsValidLocale  (0x745fee2a <KERNELBASE.dll+0xcee2a>) modid:6
# 4 msvcrt.dll!__get_qualified_locale (0x75d8e9bb <msvcrt.dll+0x5e9bb>) modid:7
# 5 msvcrt.dll!_expandlocale (0x75d854f9 <msvcrt.dll+0x554f9>) modid:7
# 6 msvcrt.dll!_setlocale_set_cat (0x75d85c03 <msvcrt.dll+0x55c03>) modid:7
# 7 msvcrt.dll!_setlocale_nolock (0x75d85939 <msvcrt.dll+0x55939>) modid:7
# 8 msvcrt.dll!setlocale  (0x75d86055 <msvcrt.dll+0x56055>) modid:7
# 9 __mingw_dirname     [D:/CS/OOP/Assignment05-06/repository/repository.cpp:71] (0x00409941 <Assignment05_06.exe+0x9941>) modid:1
#10 .text               [D:/CS/OOP/Assignment05-06/repository/repository.cpp:71] (0x00408f74 <Assignment05_06.exe+0x8f74>) modid:1
#11 __mingw_glob        [D:/CS/OOP/Assignment05-06/repository/repository.cpp:71] (0x004097f2 <Assignment05_06.exe+0x97f2>) modid:1
#12 _setargv            [D:/CS/OOP/Assignment05-06/repository/repository.cpp:71] (0x00407eb6 <Assignment05_06.exe+0x7eb6>) modid:1
#13 .text               [d:/cs/ides/mingw/lib/gcc/mingw32/6.3.0/include/c++/bits/basic_string.h:5062] (0x00401202 <Assignment05_06.exe+0x1202>) modid:1
#14 mainCRTStartup      [d:/cs/ides/mingw/lib/gcc/mingw32/6.3.0/include/c++/bits/basic_string.h:5062] (0x004012f5 <Assignment05_06.exe+0x12f5>) modid:1
#15 ntdll.dll!RtlGetAppContainerNamedObjectPath (0x77494a77 <ntdll.dll+0x64a77>) modid:9
#16 ntdll.dll!RtlGetAppContainerNamedObjectPath (0x77494a47 <ntdll.dll+0x64a47>) modid:9
Note: @0:00:13.998 in thread 11220
	error end

DUPLICATE ERROR COUNTS:

SUPPRESSIONS USED:
	     1x: default i#1324 mingw runtime

ERRORS FOUND:
      3 unique,     3 total unaddressable access(es)
      0 unique,     0 total uninitialized access(es)
      1 unique,     1 total invalid heap argument(s)
      0 unique,     0 total GDI usage error(s)
      0 unique,     0 total handle leak(s)
      0 unique,     0 total warning(s)
      2 unique,     2 total,     59 byte(s) of leak(s)
      0 unique,     0 total,      0 byte(s) of possible leak(s)
ERRORS IGNORED:
      3 potential error(s) (suspected false positives)
         (details: D:\CS\OOP\Assignment05-06\Dr. Memory\drmemory\logs\DrMemory-Assignment05_06.exe.3524.000\potential_errors.txt)
     99 ignored assumed-innocuous system leak(s)
      6 unique,     6 total,   4450 byte(s) of still-reachable allocation(s)
         (re-run with "-show_reachable" for details)
Details: D:\CS\OOP\Assignment05-06\Dr. Memory\drmemory\logs\DrMemory-Assignment05_06.exe.3524.000\results.txt

DUPLICATE POTENTIAL ERROR COUNTS:

POTENTIAL ERRORS FOUND:
      0 unique,     0 total potential unaddressable access(es)
      0 unique,     0 total potential uninitialized access(es)
      0 unique,     0 total potential invalid heap argument(s)
      0 unique,     0 total potential GDI usage error(s)
      3 unique,     3 total potential handle leak(s)
      0 unique,     0 total potential warning(s)
      0 unique,     0 total,      0 byte(s) of potential leak(s)
      0 unique,     0 total,      0 byte(s) of potential possible leak(s)
Details: D:\CS\OOP\Assignment05-06\Dr. Memory\drmemory\logs\DrMemory-Assignment05_06.exe.3524.000\potential_errors.txt
Exiting @0:00:13.998 in thread 11220
LOG END
