Dr. Memory version 1.11.0 build 2 built on Aug 29 2016 02:42:07
start time: 3657523:56:37.320 == 19:56:37.320 04/01/2018
Recorded 115 suppression(s) from default D:\CS\OOP\Assignment05-06\Dr. Memory\bin\suppress-default.txt
Syscall mismatch detected.  Running on unknown kernel version!
new thread #0 id=6568

module load event: "Assignment05_06.exe" 0x00400000-0x0041f000 modid: 1 D:\CS\OOP\Assignment05-06\cmake-build-mingw\Assignment05_06.exe
WARNING: assuming operator delete is non-placement in Assignment05_06.exe @0x004030a8

module load event: "dynamorio.dll" 0x6db20000-0x6dc7d000 modid: 2 D:\CS\OOP\Assignment05-06\Dr. Memory\dynamorio\lib32\release\dynamorio.dll

module load event: "libgcc_s_dw2-1.dll" 0x6eb40000-0x6ec1d000 modid: 3 D:\CS\IDEs\MinGW\bin\libgcc_s_dw2-1.dll

module load event: "libstdc++-6.dll" 0x6fe40000-0x6ffb4000 modid: 4 D:\CS\IDEs\MinGW\bin\libstdc++-6.dll

module load event: "drmemorylib.dll" 0x73800000-0x73a26000 modid: 5 D:\CS\OOP\Assignment05-06\Dr. Memory\bin\release\drmemorylib.dll

module load event: "KERNEL32.dll" 0x755f0000-0x756c0000 modid: 6 C:\WINDOWS\System32\KERNEL32.DLL

module load event: "msvcrt.dll" 0x75870000-0x7592d000 modid: 7 C:\WINDOWS\System32\msvcrt.dll
WARNING: new/delete has no local wrapper => disabling mismatch detection for msvcrt.dll
WARNING: new/delete has no local wrapper => disabling mismatch detection for msvcrt.dll
WARNING: new == new[] => disabling mismatch detection for msvcrt.dll
WARNING: new/delete has no local wrapper => disabling mismatch detection for msvcrt.dll
WARNING: new/delete has no local wrapper => disabling mismatch detection for msvcrt.dll
WARNING: new/delete has no local wrapper => disabling mismatch detection for msvcrt.dll

module load event: "KERNELBASE.dll" 0x75a00000-0x75bd7000 modid: 8 C:\WINDOWS\System32\KERNELBASE.dll

module load event: "ntdll.dll" 0x77630000-0x777bd000 modid: 9 C:\WINDOWS\SYSTEM32\ntdll.dll
WARNING: unable to load symbols for C:\WINDOWS\SYSTEM32\ntdll.dll
WARNING: unhandled system calls found

NEW THREAD: main thread 6568


Error #1: INVALID HEAP ARGUMENT: allocated with malloc, freed with operator delete[]
# 0 replace_operator_delete_array [d:\drmemory_package\common\alloc_replace.c:2998] (0x738211e0 <drmemorylib.dll+0x211e0>) modid:5
# 1 DynamicVector::~DynamicVector [D:/CS/OOP/Assignment05-06/repository/DynamicVector.cpp:20] (0x0040162f <Assignment05_06.exe+0x162f>) modid:1
# 2 Test::testDynamicVector [D:/CS/OOP/Assignment05-06/tests/test.cpp:54] (0x00402a59 <Assignment05_06.exe+0x2a59>) modid:1
# 3 Test::test          [D:/CS/OOP/Assignment05-06/tests/test.cpp:94] (0x00402fff <Assignment05_06.exe+0x2fff>) modid:1
# 4 test                [D:/CS/OOP/Assignment05-06/main.cpp:14] (0x00401534 <Assignment05_06.exe+0x1534>) modid:1
# 5 main                [D:/CS/OOP/Assignment05-06/main.cpp:18] (0x00401547 <Assignment05_06.exe+0x1547>) modid:1
Note: @0:00:00.422 in thread 6568
Note: memory was allocated here:
Note: # 0 replace_malloc  [d:\drmemory_package\common\alloc_replace.c:2576] (0x73820300 <drmemorylib.dll+0x20300>) modid:5
Note: # 1 DynamicVector::DynamicVector [D:/CS/OOP/Assignment05-06/repository/DynamicVector.cpp:7] (0x00401586 <Assignment05_06.exe+0x1586>) modid:1
Note: # 2 Test::testDynamicVector [D:/CS/OOP/Assignment05-06/tests/test.cpp:36] (0x004027c8 <Assignment05_06.exe+0x27c8>) modid:1
Note: # 3 Test::test          [D:/CS/OOP/Assignment05-06/tests/test.cpp:94] (0x00402fff <Assignment05_06.exe+0x2fff>) modid:1
Note: # 4 test                [D:/CS/OOP/Assignment05-06/main.cpp:14] (0x00401534 <Assignment05_06.exe+0x1534>) modid:1
Note: # 5 main                [D:/CS/OOP/Assignment05-06/main.cpp:18] (0x00401547 <Assignment05_06.exe+0x1547>) modid:1
	error end

Error #2: INVALID HEAP ARGUMENT: allocated with malloc, freed with operator delete[]
# 0 replace_operator_delete_array [d:\drmemory_package\common\alloc_replace.c:2998] (0x738211e0 <drmemorylib.dll+0x211e0>) modid:5
# 1 DynamicVector::operator= [D:/CS/OOP/Assignment05-06/repository/DynamicVector.cpp:31] (0x00401676 <Assignment05_06.exe+0x1676>) modid:1
# 2 Repository::Repository [D:/CS/OOP/Assignment05-06/repository/repository.cpp:6] (0x0040194e <Assignment05_06.exe+0x194e>) modid:1
# 3 testRepo            [D:/CS/OOP/Assignment05-06/tests/test.cpp:61] (0x00402b5e <Assignment05_06.exe+0x2b5e>) modid:1
# 4 Test::test          [D:/CS/OOP/Assignment05-06/tests/test.cpp:95] (0x00403004 <Assignment05_06.exe+0x3004>) modid:1
# 5 test                [D:/CS/OOP/Assignment05-06/main.cpp:14] (0x00401534 <Assignment05_06.exe+0x1534>) modid:1
# 6 main                [D:/CS/OOP/Assignment05-06/main.cpp:18] (0x00401547 <Assignment05_06.exe+0x1547>) modid:1
Note: @0:00:00.438 in thread 6568
Note: memory was allocated here:
Note: # 0 replace_malloc  [d:\drmemory_package\common\alloc_replace.c:2576] (0x73820300 <drmemorylib.dll+0x20300>) modid:5
Note: # 1 DynamicVector::DynamicVector [D:/CS/OOP/Assignment05-06/repository/DynamicVector.cpp:7] (0x00401586 <Assignment05_06.exe+0x1586>) modid:1
Note: # 2 Repository::Repository [D:/CS/OOP/Assignment05-06/repository/repository.cpp:5] (0x00401927 <Assignment05_06.exe+0x1927>) modid:1
Note: # 3 testRepo            [D:/CS/OOP/Assignment05-06/tests/test.cpp:61] (0x00402b5e <Assignment05_06.exe+0x2b5e>) modid:1
Note: # 4 Test::test          [D:/CS/OOP/Assignment05-06/tests/test.cpp:95] (0x00403004 <Assignment05_06.exe+0x3004>) modid:1
Note: # 5 test                [D:/CS/OOP/Assignment05-06/main.cpp:14] (0x00401534 <Assignment05_06.exe+0x1534>) modid:1
Note: # 6 main                [D:/CS/OOP/Assignment05-06/main.cpp:18] (0x00401547 <Assignment05_06.exe+0x1547>) modid:1
	error end

Error #3: INVALID HEAP ARGUMENT: allocated with malloc, freed with operator delete[]
# 0 replace_operator_delete_array [d:\drmemory_package\common\alloc_replace.c:2998] (0x738211e0 <drmemorylib.dll+0x211e0>) modid:5
# 1 DynamicVector::~DynamicVector [D:/CS/OOP/Assignment05-06/repository/DynamicVector.cpp:20] (0x0040162f <Assignment05_06.exe+0x162f>) modid:1
# 2 Repository::Repository [D:/CS/OOP/Assignment05-06/repository/repository.cpp:6] (0x0040195b <Assignment05_06.exe+0x195b>) modid:1
# 3 testRepo            [D:/CS/OOP/Assignment05-06/tests/test.cpp:61] (0x00402b5e <Assignment05_06.exe+0x2b5e>) modid:1
# 4 Test::test          [D:/CS/OOP/Assignment05-06/tests/test.cpp:95] (0x00403004 <Assignment05_06.exe+0x3004>) modid:1
# 5 test                [D:/CS/OOP/Assignment05-06/main.cpp:14] (0x00401534 <Assignment05_06.exe+0x1534>) modid:1
# 6 main                [D:/CS/OOP/Assignment05-06/main.cpp:18] (0x00401547 <Assignment05_06.exe+0x1547>) modid:1
Note: @0:00:00.438 in thread 6568
Note: memory was allocated here:
Note: # 0 replace_malloc  [d:\drmemory_package\common\alloc_replace.c:2576] (0x73820300 <drmemorylib.dll+0x20300>) modid:5
Note: # 1 DynamicVector::DynamicVector [D:/CS/OOP/Assignment05-06/repository/DynamicVector.cpp:7] (0x00401586 <Assignment05_06.exe+0x1586>) modid:1
Note: # 2 Repository::Repository [D:/CS/OOP/Assignment05-06/repository/repository.cpp:6] (0x0040193b <Assignment05_06.exe+0x193b>) modid:1
Note: # 3 testRepo            [D:/CS/OOP/Assignment05-06/tests/test.cpp:61] (0x00402b5e <Assignment05_06.exe+0x2b5e>) modid:1
Note: # 4 Test::test          [D:/CS/OOP/Assignment05-06/tests/test.cpp:95] (0x00403004 <Assignment05_06.exe+0x3004>) modid:1
Note: # 5 test                [D:/CS/OOP/Assignment05-06/main.cpp:14] (0x00401534 <Assignment05_06.exe+0x1534>) modid:1
Note: # 6 main                [D:/CS/OOP/Assignment05-06/main.cpp:18] (0x00401547 <Assignment05_06.exe+0x1547>) modid:1
	error end

Error #4: INVALID HEAP ARGUMENT: allocated with malloc, freed with operator delete[]
# 0 replace_operator_delete_array [d:\drmemory_package\common\alloc_replace.c:2998] (0x738211e0 <drmemorylib.dll+0x211e0>) modid:5
# 1 DynamicVector::~DynamicVector [D:/CS/OOP/Assignment05-06/repository/DynamicVector.cpp:20] (0x0040162f <Assignment05_06.exe+0x162f>) modid:1
# 2 Repository::~Repository [d:/cs/oop/assignment05-06/repository/repository.h:12] (0x004057eb <Assignment05_06.exe+0x57eb>) modid:1
# 3 testRepo            [D:/CS/OOP/Assignment05-06/tests/test.cpp:85] (0x00402f02 <Assignment05_06.exe+0x2f02>) modid:1
# 4 Test::test          [D:/CS/OOP/Assignment05-06/tests/test.cpp:95] (0x00403004 <Assignment05_06.exe+0x3004>) modid:1
# 5 test                [D:/CS/OOP/Assignment05-06/main.cpp:14] (0x00401534 <Assignment05_06.exe+0x1534>) modid:1
# 6 main                [D:/CS/OOP/Assignment05-06/main.cpp:18] (0x00401547 <Assignment05_06.exe+0x1547>) modid:1
Note: @0:00:00.438 in thread 6568
Note: memory was allocated here:
Note: # 0 replace_malloc  [d:\drmemory_package\common\alloc_replace.c:2576] (0x73820300 <drmemorylib.dll+0x20300>) modid:5
Note: # 1 DynamicVector::operator= [D:/CS/OOP/Assignment05-06/repository/DynamicVector.cpp:32] (0x00401687 <Assignment05_06.exe+0x1687>) modid:1
Note: # 2 Repository::Repository [D:/CS/OOP/Assignment05-06/repository/repository.cpp:6] (0x0040194e <Assignment05_06.exe+0x194e>) modid:1
Note: # 3 testRepo            [D:/CS/OOP/Assignment05-06/tests/test.cpp:61] (0x00402b5e <Assignment05_06.exe+0x2b5e>) modid:1
Note: # 4 Test::test          [D:/CS/OOP/Assignment05-06/tests/test.cpp:95] (0x00403004 <Assignment05_06.exe+0x3004>) modid:1
Note: # 5 test                [D:/CS/OOP/Assignment05-06/main.cpp:14] (0x00401534 <Assignment05_06.exe+0x1534>) modid:1
Note: # 6 main                [D:/CS/OOP/Assignment05-06/main.cpp:18] (0x00401547 <Assignment05_06.exe+0x1547>) modid:1
	error end
WARNING: unable to load symbols for C:\WINDOWS\System32\KERNELBASE.dll

Potential Error #1: HANDLE LEAK: KERNEL handle 0x0000012c and 0 similar handle(s) were opened but not closed:
# 0 system call NtOpenKey
# 1 KERNELBASE.dll!IsValidCodePage (0x75af29c9 <KERNELBASE.dll+0xf29c9>) modid:8
# 2 KERNELBASE.dll!IsValidLocale  (0x75acf087 <KERNELBASE.dll+0xcf087>) modid:8
# 3 KERNELBASE.dll!IsValidLocale  (0x75acee2a <KERNELBASE.dll+0xcee2a>) modid:8
# 4 msvcrt.dll!__get_qualified_locale (0x758ce9bb <msvcrt.dll+0x5e9bb>) modid:7
# 5 msvcrt.dll!_expandlocale (0x758c54f9 <msvcrt.dll+0x554f9>) modid:7
# 6 msvcrt.dll!_setlocale_set_cat (0x758c5c03 <msvcrt.dll+0x55c03>) modid:7
# 7 msvcrt.dll!_setlocale_nolock (0x758c5939 <msvcrt.dll+0x55939>) modid:7
# 8 msvcrt.dll!setlocale  (0x758c6055 <msvcrt.dll+0x56055>) modid:7
# 9 __mingw_dirname     [D:/CS/OOP/Assignment05-06/tests/test.cpp:96] (0x00404dc1 <Assignment05_06.exe+0x4dc1>) modid:1
#10 .text               [D:/CS/OOP/Assignment05-06/tests/test.cpp:96] (0x004043f4 <Assignment05_06.exe+0x43f4>) modid:1
#11 __mingw_glob        [D:/CS/OOP/Assignment05-06/tests/test.cpp:96] (0x00404c72 <Assignment05_06.exe+0x4c72>) modid:1
#12 _setargv            [D:/CS/OOP/Assignment05-06/tests/test.cpp:96] (0x004033b6 <Assignment05_06.exe+0x33b6>) modid:1
#13 .text               (0x00401202 <Assignment05_06.exe+0x1202>) modid:1
#14 mainCRTStartup      (0x004012f5 <Assignment05_06.exe+0x12f5>) modid:1
#15 ntdll.dll!RtlGetAppContainerNamedObjectPath (0x77694a77 <ntdll.dll+0x64a77>) modid:9
#16 ntdll.dll!RtlGetAppContainerNamedObjectPath (0x77694a47 <ntdll.dll+0x64a47>) modid:9
Note: @0:00:00.579 in thread 6568
	error end

Potential Error #2: HANDLE LEAK: KERNEL handle 0x00000144 and 0 similar handle(s) were opened but not closed:
# 0 system call NtOpenKey
# 1 KERNELBASE.dll!IsValidCodePage (0x75af29c9 <KERNELBASE.dll+0xf29c9>) modid:8
# 2 KERNELBASE.dll!IsValidLocale  (0x75acefe7 <KERNELBASE.dll+0xcefe7>) modid:8
# 3 KERNELBASE.dll!IsValidLocale  (0x75acee3c <KERNELBASE.dll+0xcee3c>) modid:8
# 4 msvcrt.dll!__get_qualified_locale (0x758ce9bb <msvcrt.dll+0x5e9bb>) modid:7
# 5 msvcrt.dll!_expandlocale (0x758c54f9 <msvcrt.dll+0x554f9>) modid:7
# 6 msvcrt.dll!_setlocale_set_cat (0x758c5c03 <msvcrt.dll+0x55c03>) modid:7
# 7 msvcrt.dll!_setlocale_nolock (0x758c5939 <msvcrt.dll+0x55939>) modid:7
# 8 msvcrt.dll!setlocale  (0x758c6055 <msvcrt.dll+0x56055>) modid:7
# 9 __mingw_dirname     [D:/CS/OOP/Assignment05-06/tests/test.cpp:96] (0x00404dc1 <Assignment05_06.exe+0x4dc1>) modid:1
#10 .text               [D:/CS/OOP/Assignment05-06/tests/test.cpp:96] (0x004043f4 <Assignment05_06.exe+0x43f4>) modid:1
#11 __mingw_glob        [D:/CS/OOP/Assignment05-06/tests/test.cpp:96] (0x00404c72 <Assignment05_06.exe+0x4c72>) modid:1
#12 _setargv            [D:/CS/OOP/Assignment05-06/tests/test.cpp:96] (0x004033b6 <Assignment05_06.exe+0x33b6>) modid:1
#13 .text               (0x00401202 <Assignment05_06.exe+0x1202>) modid:1
#14 mainCRTStartup      (0x004012f5 <Assignment05_06.exe+0x12f5>) modid:1
#15 ntdll.dll!RtlGetAppContainerNamedObjectPath (0x77694a77 <ntdll.dll+0x64a77>) modid:9
#16 ntdll.dll!RtlGetAppContainerNamedObjectPath (0x77694a47 <ntdll.dll+0x64a47>) modid:9
Note: @0:00:00.594 in thread 6568
	error end

Potential Error #3: HANDLE LEAK: KERNEL handle 0x00000148 and 0 similar handle(s) were opened but not closed:
# 0 system call NtOpenKey
# 1 KERNELBASE.dll!IsValidCodePage (0x75af29c9 <KERNELBASE.dll+0xf29c9>) modid:8
# 2 KERNELBASE.dll!IsValidLocale  (0x75acf037 <KERNELBASE.dll+0xcf037>) modid:8
# 3 KERNELBASE.dll!IsValidLocale  (0x75acee33 <KERNELBASE.dll+0xcee33>) modid:8
# 4 msvcrt.dll!__get_qualified_locale (0x758ce9bb <msvcrt.dll+0x5e9bb>) modid:7
# 5 msvcrt.dll!_expandlocale (0x758c54f9 <msvcrt.dll+0x554f9>) modid:7
# 6 msvcrt.dll!_setlocale_set_cat (0x758c5c03 <msvcrt.dll+0x55c03>) modid:7
# 7 msvcrt.dll!_setlocale_nolock (0x758c5939 <msvcrt.dll+0x55939>) modid:7
# 8 msvcrt.dll!setlocale  (0x758c6055 <msvcrt.dll+0x56055>) modid:7
# 9 __mingw_dirname     [D:/CS/OOP/Assignment05-06/tests/test.cpp:96] (0x00404dc1 <Assignment05_06.exe+0x4dc1>) modid:1
#10 .text               [D:/CS/OOP/Assignment05-06/tests/test.cpp:96] (0x004043f4 <Assignment05_06.exe+0x43f4>) modid:1
#11 __mingw_glob        [D:/CS/OOP/Assignment05-06/tests/test.cpp:96] (0x00404c72 <Assignment05_06.exe+0x4c72>) modid:1
#12 _setargv            [D:/CS/OOP/Assignment05-06/tests/test.cpp:96] (0x004033b6 <Assignment05_06.exe+0x33b6>) modid:1
#13 .text               (0x00401202 <Assignment05_06.exe+0x1202>) modid:1
#14 mainCRTStartup      (0x004012f5 <Assignment05_06.exe+0x12f5>) modid:1
#15 ntdll.dll!RtlGetAppContainerNamedObjectPath (0x77694a77 <ntdll.dll+0x64a77>) modid:9
#16 ntdll.dll!RtlGetAppContainerNamedObjectPath (0x77694a47 <ntdll.dll+0x64a47>) modid:9
Note: @0:00:00.594 in thread 6568
	error end

DUPLICATE ERROR COUNTS:

SUPPRESSIONS USED:
	     1x: default i#1324 mingw runtime

ERRORS FOUND:
      0 unique,     0 total unaddressable access(es)
      0 unique,     0 total uninitialized access(es)
      4 unique,     4 total invalid heap argument(s)
      0 unique,     0 total GDI usage error(s)
      0 unique,     0 total handle leak(s)
      0 unique,     0 total warning(s)
      0 unique,     0 total,      0 byte(s) of leak(s)
      0 unique,     0 total,      0 byte(s) of possible leak(s)
ERRORS IGNORED:
      3 potential error(s) (suspected false positives)
         (details: D:\CS\OOP\Assignment05-06\Dr. Memory\drmemory\logs\DrMemory-Assignment05_06.exe.2892.000\potential_errors.txt)
     99 ignored assumed-innocuous system leak(s)
      5 unique,     5 total,    354 byte(s) of still-reachable allocation(s)
         (re-run with "-show_reachable" for details)
Details: D:\CS\OOP\Assignment05-06\Dr. Memory\drmemory\logs\DrMemory-Assignment05_06.exe.2892.000\results.txt

DUPLICATE POTENTIAL ERROR COUNTS:

POTENTIAL ERRORS FOUND:
      0 unique,     0 total potential unaddressable access(es)
      0 unique,     0 total potential uninitialized access(es)
      0 unique,     0 total potential invalid heap argument(s)
      0 unique,     0 total potential GDI usage error(s)
      3 unique,     3 total potential handle leak(s)
      0 unique,     0 total potential warning(s)
      0 unique,     0 total,      0 byte(s) of potential leak(s)
      0 unique,     0 total,      0 byte(s) of potential possible leak(s)
Details: D:\CS\OOP\Assignment05-06\Dr. Memory\drmemory\logs\DrMemory-Assignment05_06.exe.2892.000\potential_errors.txt
Exiting @0:00:00.594 in thread 6568
LOG END
